13-May-2024 13:31:50.281 INFO [main] org.apache.catalina.startup.VersionLoggerListener.log Nombre de la versión del servidor: Apache Tomcat/10.1.23
13-May-2024 13:31:50.288 INFO [main] org.apache.catalina.startup.VersionLoggerListener.log Server built:                      Apr 16 2024 12:17:18 UTC
13-May-2024 13:31:50.288 INFO [main] org.apache.catalina.startup.VersionLoggerListener.log Número de versión de servidor:     10.1.23.0
13-May-2024 13:31:50.289 INFO [main] org.apache.catalina.startup.VersionLoggerListener.log OS Name:                           Windows 11
13-May-2024 13:31:50.289 INFO [main] org.apache.catalina.startup.VersionLoggerListener.log Versión de Systema Operativo:      10.0
13-May-2024 13:31:50.290 INFO [main] org.apache.catalina.startup.VersionLoggerListener.log Arquitectura:                      amd64
13-May-2024 13:31:50.290 INFO [main] org.apache.catalina.startup.VersionLoggerListener.log Java Home:                         D:\Archivos de Programa\Java\jdk-21.0.2
13-May-2024 13:31:50.290 INFO [main] org.apache.catalina.startup.VersionLoggerListener.log JVM Version:                       21.0.2+13-58
13-May-2024 13:31:50.290 INFO [main] org.apache.catalina.startup.VersionLoggerListener.log Vededor JVM:                       Oracle Corporation
13-May-2024 13:31:50.290 INFO [main] org.apache.catalina.startup.VersionLoggerListener.log CATALINA_BASE:                     E:\CURSOS\CursoJava\JavaEE\apache-tomcat-10.1.23
13-May-2024 13:31:50.290 INFO [main] org.apache.catalina.startup.VersionLoggerListener.log CATALINA_HOME:                     E:\CURSOS\CursoJava\JavaEE\apache-tomcat-10.1.23
13-May-2024 13:31:50.353 INFO [main] org.apache.catalina.startup.VersionLoggerListener.log Command line argument:             -Djava.util.logging.config.file=E:\CURSOS\CursoJava\JavaEE\apache-tomcat-10.1.23\conf\logging.properties
13-May-2024 13:31:50.354 INFO [main] org.apache.catalina.startup.VersionLoggerListener.log Command line argument:             -Djava.util.logging.manager=org.apache.juli.ClassLoaderLogManager
13-May-2024 13:31:50.355 INFO [main] org.apache.catalina.startup.VersionLoggerListener.log Command line argument:             -Djdk.tls.ephemeralDHKeySize=2048
13-May-2024 13:31:50.355 INFO [main] org.apache.catalina.startup.VersionLoggerListener.log Command line argument:             -Djava.protocol.handler.pkgs=org.apache.catalina.webresources
13-May-2024 13:31:50.355 INFO [main] org.apache.catalina.startup.VersionLoggerListener.log Command line argument:             --add-opens=java.base/java.lang=ALL-UNNAMED
13-May-2024 13:31:50.356 INFO [main] org.apache.catalina.startup.VersionLoggerListener.log Command line argument:             --add-opens=java.base/java.io=ALL-UNNAMED
13-May-2024 13:31:50.356 INFO [main] org.apache.catalina.startup.VersionLoggerListener.log Command line argument:             --add-opens=java.base/java.util=ALL-UNNAMED
13-May-2024 13:31:50.357 INFO [main] org.apache.catalina.startup.VersionLoggerListener.log Command line argument:             --add-opens=java.base/java.util.concurrent=ALL-UNNAMED
13-May-2024 13:31:50.357 INFO [main] org.apache.catalina.startup.VersionLoggerListener.log Command line argument:             --add-opens=java.rmi/sun.rmi.transport=ALL-UNNAMED
13-May-2024 13:31:50.357 INFO [main] org.apache.catalina.startup.VersionLoggerListener.log Command line argument:             -Dcatalina.base=E:\CURSOS\CursoJava\JavaEE\apache-tomcat-10.1.23
13-May-2024 13:31:50.357 INFO [main] org.apache.catalina.startup.VersionLoggerListener.log Command line argument:             -Dcatalina.home=E:\CURSOS\CursoJava\JavaEE\apache-tomcat-10.1.23
13-May-2024 13:31:50.358 INFO [main] org.apache.catalina.startup.VersionLoggerListener.log Command line argument:             -Djava.io.tmpdir=E:\CURSOS\CursoJava\JavaEE\apache-tomcat-10.1.23\temp
13-May-2024 13:31:50.436 INFO [main] org.apache.catalina.core.AprLifecycleListener.lifecycleEvent Cargada la biblioteca nativa APR de Apache Tomcat [2.0.7] con la versión APR [1.7.4].
13-May-2024 13:31:50.478 INFO [main] org.apache.catalina.core.AprLifecycleListener.initializeSSL OpenSSL inicializado correctamente [OpenSSL 3.0.13 30 Jan 2024]
13-May-2024 13:31:50.925 INFO [main] org.apache.coyote.AbstractProtocol.init Inicializando el manejador de protocolo ["http-nio-8080"]

13-May-2024 13:31:50.970 INFO [main] org.apache.catalina.startup.Catalina.load Server initialization in [1072] milliseconds
13-May-2024 13:31:51.052 INFO [main] org.apache.catalina.core.StandardService.startInternal Arrancando servicio [Catalina]
13-May-2024 13:31:51.053 INFO [main] org.apache.catalina.core.StandardEngine.startInternal Starting Servlet engine: [Apache Tomcat/10.1.23]
13-May-2024 13:31:51.237 INFO [main] org.apache.catalina.startup.HostConfig.deployWAR Despliegue del archivo [E:\CURSOS\CursoJava\JavaEE\apache-tomcat-10.1.23\webapps\webapp-form.war] de la aplicación web
13-May-2024 13:31:51.912 INFO [main] org.apache.catalina.startup.HostConfig.deployWAR Deployment of web application archive [E:\CURSOS\CursoJava\JavaEE\apache-tomcat-10.1.23\webapps\webapp-form.war] has finished in [672] ms
13-May-2024 13:31:51.972 INFO [main] org.apache.catalina.startup.HostConfig.deployWAR Despliegue del archivo [E:\CURSOS\CursoJava\JavaEE\apache-tomcat-10.1.23\webapps\webapp.war] de la aplicación web
13-May-2024 13:31:52.038 INFO [main] org.apache.catalina.startup.HostConfig.deployWAR Deployment of web application archive [E:\CURSOS\CursoJava\JavaEE\apache-tomcat-10.1.23\webapps\webapp.war] has finished in [66] ms
13-May-2024 13:31:52.039 INFO [main] org.apache.catalina.startup.HostConfig.deployDirectory Desplegando el directorio [E:\CURSOS\CursoJava\JavaEE\apache-tomcat-10.1.23\webapps\docs] de la aplicación web
13-May-2024 13:31:52.154 INFO [main] org.apache.catalina.startup.HostConfig.deployDirectory Deployment of web application directory [E:\CURSOS\CursoJava\JavaEE\apache-tomcat-10.1.23\webapps\docs] has finished in [115] ms
13-May-2024 13:31:52.155 INFO [main] org.apache.catalina.startup.HostConfig.deployDirectory Desplegando el directorio [E:\CURSOS\CursoJava\JavaEE\apache-tomcat-10.1.23\webapps\examples] de la aplicación web
13-May-2024 13:31:53.967 INFO [main] org.apache.catalina.startup.HostConfig.deployDirectory Deployment of web application directory [E:\CURSOS\CursoJava\JavaEE\apache-tomcat-10.1.23\webapps\examples] has finished in [1.812] ms
13-May-2024 13:31:53.983 INFO [main] org.apache.catalina.startup.HostConfig.deployDirectory Desplegando el directorio [E:\CURSOS\CursoJava\JavaEE\apache-tomcat-10.1.23\webapps\host-manager] de la aplicación web
13-May-2024 13:31:54.060 INFO [main] org.apache.catalina.startup.HostConfig.deployDirectory Deployment of web application directory [E:\CURSOS\CursoJava\JavaEE\apache-tomcat-10.1.23\webapps\host-manager] has finished in [78] ms
13-May-2024 13:31:54.061 INFO [main] org.apache.catalina.startup.HostConfig.deployDirectory Desplegando el directorio [E:\CURSOS\CursoJava\JavaEE\apache-tomcat-10.1.23\webapps\manager] de la aplicación web
13-May-2024 13:31:54.137 INFO [main] org.apache.catalina.startup.HostConfig.deployDirectory Deployment of web application directory [E:\CURSOS\CursoJava\JavaEE\apache-tomcat-10.1.23\webapps\manager] has finished in [76] ms
13-May-2024 13:31:54.137 INFO [main] org.apache.catalina.startup.HostConfig.deployDirectory Desplegando el directorio [E:\CURSOS\CursoJava\JavaEE\apache-tomcat-10.1.23\webapps\ROOT] de la aplicación web
13-May-2024 13:31:54.184 INFO [main] org.apache.catalina.startup.HostConfig.deployDirectory Deployment of web application directory [E:\CURSOS\CursoJava\JavaEE\apache-tomcat-10.1.23\webapps\ROOT] has finished in [47] ms
13-May-2024 13:31:54.191 INFO [main] org.apache.coyote.AbstractProtocol.start Starting ProtocolHandler ["http-nio-8080"]
13-May-2024 13:31:54.235 INFO [main] org.apache.catalina.startup.Catalina.start Server startup in [3263] milliseconds
13-May-2024 13:34:11.199 INFO [http-nio-8080-exec-2] org.apache.catalina.startup.HostConfig.undeploy Repliegue (undeploy) de la aplicación web que tiene como trayectoria de contexto [/webapp-form]
13-May-2024 13:34:11.246 INFO [http-nio-8080-exec-2] org.apache.catalina.startup.HostConfig.deployWAR Despliegue del archivo [E:\CURSOS\CursoJava\JavaEE\apache-tomcat-10.1.23\webapps\webapp-form.war] de la aplicación web
13-May-2024 13:34:11.330 INFO [http-nio-8080-exec-2] org.apache.catalina.startup.HostConfig.deployWAR Deployment of web application archive [E:\CURSOS\CursoJava\JavaEE\apache-tomcat-10.1.23\webapps\webapp-form.war] has finished in [83] ms
13-May-2024 15:33:28.815 INFO [http-nio-8080-exec-12] org.apache.catalina.startup.HostConfig.undeploy Repliegue (undeploy) de la aplicación web que tiene como trayectoria de contexto [/webapp-form]
13-May-2024 15:33:28.895 INFO [http-nio-8080-exec-12] org.apache.catalina.startup.HostConfig.deployWAR Despliegue del archivo [E:\CURSOS\CursoJava\JavaEE\apache-tomcat-10.1.23\webapps\webapp-form.war] de la aplicación web
13-May-2024 15:33:28.988 INFO [http-nio-8080-exec-12] org.apache.catalina.startup.HostConfig.deployWAR Deployment of web application archive [E:\CURSOS\CursoJava\JavaEE\apache-tomcat-10.1.23\webapps\webapp-form.war] has finished in [93] ms
13-May-2024 15:38:16.567 INFO [http-nio-8080-exec-21] org.apache.catalina.startup.HostConfig.undeploy Repliegue (undeploy) de la aplicación web que tiene como trayectoria de contexto [/webapp-form]
13-May-2024 15:38:16.578 INFO [http-nio-8080-exec-21] org.apache.catalina.startup.HostConfig.deployWAR Despliegue del archivo [E:\CURSOS\CursoJava\JavaEE\apache-tomcat-10.1.23\webapps\webapp-form.war] de la aplicación web
13-May-2024 15:38:16.626 INFO [http-nio-8080-exec-21] org.apache.catalina.startup.HostConfig.deployWAR Deployment of web application archive [E:\CURSOS\CursoJava\JavaEE\apache-tomcat-10.1.23\webapps\webapp-form.war] has finished in [48] ms
13-May-2024 15:38:59.056 INFO [http-nio-8080-exec-27] org.apache.catalina.startup.HostConfig.undeploy Repliegue (undeploy) de la aplicación web que tiene como trayectoria de contexto [/webapp-form]
13-May-2024 15:38:59.069 INFO [http-nio-8080-exec-27] org.apache.catalina.startup.HostConfig.deployWAR Despliegue del archivo [E:\CURSOS\CursoJava\JavaEE\apache-tomcat-10.1.23\webapps\webapp-form.war] de la aplicación web
13-May-2024 15:38:59.112 INFO [http-nio-8080-exec-27] org.apache.catalina.startup.HostConfig.deployWAR Deployment of web application archive [E:\CURSOS\CursoJava\JavaEE\apache-tomcat-10.1.23\webapps\webapp-form.war] has finished in [43] ms
13-May-2024 15:45:12.103 INFO [http-nio-8080-exec-38] org.apache.catalina.startup.HostConfig.undeploy Repliegue (undeploy) de la aplicación web que tiene como trayectoria de contexto [/webapp-form]
13-May-2024 15:45:12.265 INFO [http-nio-8080-exec-38] org.apache.catalina.startup.HostConfig.deployWAR Despliegue del archivo [E:\CURSOS\CursoJava\JavaEE\apache-tomcat-10.1.23\webapps\webapp-form.war] de la aplicación web
13-May-2024 15:45:12.329 INFO [http-nio-8080-exec-38] org.apache.catalina.startup.HostConfig.deployWAR Deployment of web application archive [E:\CURSOS\CursoJava\JavaEE\apache-tomcat-10.1.23\webapps\webapp-form.war] has finished in [64] ms
13-May-2024 15:45:36.258 INFO [http-nio-8080-exec-42] org.apache.catalina.startup.HostConfig.undeploy Repliegue (undeploy) de la aplicación web que tiene como trayectoria de contexto [/webapp-form]
13-May-2024 15:45:36.425 INFO [http-nio-8080-exec-42] org.apache.catalina.startup.HostConfig.deployWAR Despliegue del archivo [E:\CURSOS\CursoJava\JavaEE\apache-tomcat-10.1.23\webapps\webapp-form.war] de la aplicación web
13-May-2024 15:45:36.483 INFO [http-nio-8080-exec-42] org.apache.catalina.startup.HostConfig.deployWAR Deployment of web application archive [E:\CURSOS\CursoJava\JavaEE\apache-tomcat-10.1.23\webapps\webapp-form.war] has finished in [58] ms
13-May-2024 15:46:16.574 INFO [http-nio-8080-exec-39] org.apache.catalina.startup.HostConfig.undeploy Repliegue (undeploy) de la aplicación web que tiene como trayectoria de contexto [/webapp-form]
13-May-2024 15:46:16.663 INFO [http-nio-8080-exec-39] org.apache.catalina.startup.HostConfig.deployWAR Despliegue del archivo [E:\CURSOS\CursoJava\JavaEE\apache-tomcat-10.1.23\webapps\webapp-form.war] de la aplicación web
13-May-2024 15:46:16.707 INFO [http-nio-8080-exec-39] org.apache.catalina.startup.HostConfig.deployWAR Deployment of web application archive [E:\CURSOS\CursoJava\JavaEE\apache-tomcat-10.1.23\webapps\webapp-form.war] has finished in [44] ms
13-May-2024 15:46:46.912 INFO [http-nio-8080-exec-53] org.apache.catalina.startup.HostConfig.undeploy Repliegue (undeploy) de la aplicación web que tiene como trayectoria de contexto [/webapp-form]
13-May-2024 15:46:47.174 INFO [http-nio-8080-exec-53] org.apache.catalina.startup.HostConfig.deployWAR Despliegue del archivo [E:\CURSOS\CursoJava\JavaEE\apache-tomcat-10.1.23\webapps\webapp-form.war] de la aplicación web
13-May-2024 15:46:47.251 INFO [http-nio-8080-exec-53] org.apache.catalina.startup.HostConfig.deployWAR Deployment of web application archive [E:\CURSOS\CursoJava\JavaEE\apache-tomcat-10.1.23\webapps\webapp-form.war] has finished in [77] ms
13-May-2024 15:47:46.362 INFO [http-nio-8080-exec-62] org.apache.catalina.startup.HostConfig.undeploy Repliegue (undeploy) de la aplicación web que tiene como trayectoria de contexto [/webapp-form]
13-May-2024 15:47:46.476 INFO [http-nio-8080-exec-62] org.apache.catalina.startup.HostConfig.deployWAR Despliegue del archivo [E:\CURSOS\CursoJava\JavaEE\apache-tomcat-10.1.23\webapps\webapp-form.war] de la aplicación web
13-May-2024 15:47:46.526 INFO [http-nio-8080-exec-62] org.apache.catalina.startup.HostConfig.deployWAR Deployment of web application archive [E:\CURSOS\CursoJava\JavaEE\apache-tomcat-10.1.23\webapps\webapp-form.war] has finished in [49] ms
13-May-2024 15:48:35.791 INFO [http-nio-8080-exec-56] org.apache.catalina.startup.HostConfig.undeploy Repliegue (undeploy) de la aplicación web que tiene como trayectoria de contexto [/webapp-form]
13-May-2024 15:48:35.902 INFO [http-nio-8080-exec-56] org.apache.catalina.startup.HostConfig.deployWAR Despliegue del archivo [E:\CURSOS\CursoJava\JavaEE\apache-tomcat-10.1.23\webapps\webapp-form.war] de la aplicación web
13-May-2024 15:48:35.952 INFO [http-nio-8080-exec-56] org.apache.catalina.startup.HostConfig.deployWAR Deployment of web application archive [E:\CURSOS\CursoJava\JavaEE\apache-tomcat-10.1.23\webapps\webapp-form.war] has finished in [51] ms
13-May-2024 15:49:24.126 INFO [http-nio-8080-exec-72] org.apache.catalina.startup.HostConfig.undeploy Repliegue (undeploy) de la aplicación web que tiene como trayectoria de contexto [/webapp-form]
13-May-2024 15:49:24.244 INFO [http-nio-8080-exec-72] org.apache.catalina.startup.HostConfig.deployWAR Despliegue del archivo [E:\CURSOS\CursoJava\JavaEE\apache-tomcat-10.1.23\webapps\webapp-form.war] de la aplicación web
13-May-2024 15:49:24.307 INFO [http-nio-8080-exec-72] org.apache.catalina.startup.HostConfig.deployWAR Deployment of web application archive [E:\CURSOS\CursoJava\JavaEE\apache-tomcat-10.1.23\webapps\webapp-form.war] has finished in [63] ms
13-May-2024 16:09:43.760 INFO [http-nio-8080-exec-76] org.apache.catalina.startup.HostConfig.undeploy Repliegue (undeploy) de la aplicación web que tiene como trayectoria de contexto [/webapp-form]
13-May-2024 16:09:44.046 INFO [http-nio-8080-exec-76] org.apache.catalina.startup.HostConfig.deployWAR Despliegue del archivo [E:\CURSOS\CursoJava\JavaEE\apache-tomcat-10.1.23\webapps\webapp-form.war] de la aplicación web
13-May-2024 16:09:44.124 INFO [http-nio-8080-exec-76] org.apache.catalina.startup.HostConfig.deployWAR Deployment of web application archive [E:\CURSOS\CursoJava\JavaEE\apache-tomcat-10.1.23\webapps\webapp-form.war] has finished in [77] ms
13-May-2024 16:11:08.419 INFO [http-nio-8080-exec-86] org.apache.catalina.startup.HostConfig.undeploy Repliegue (undeploy) de la aplicación web que tiene como trayectoria de contexto [/webapp-form]
13-May-2024 16:11:08.526 INFO [http-nio-8080-exec-86] org.apache.catalina.startup.HostConfig.deployWAR Despliegue del archivo [E:\CURSOS\CursoJava\JavaEE\apache-tomcat-10.1.23\webapps\webapp-form.war] de la aplicación web
13-May-2024 16:11:08.570 INFO [http-nio-8080-exec-86] org.apache.catalina.startup.HostConfig.deployWAR Deployment of web application archive [E:\CURSOS\CursoJava\JavaEE\apache-tomcat-10.1.23\webapps\webapp-form.war] has finished in [44] ms
13-May-2024 16:18:36.981 INFO [http-nio-8080-exec-91] org.apache.catalina.startup.HostConfig.undeploy Repliegue (undeploy) de la aplicación web que tiene como trayectoria de contexto [/webapp-form]
13-May-2024 16:18:37.078 INFO [http-nio-8080-exec-91] org.apache.catalina.startup.HostConfig.deployWAR Despliegue del archivo [E:\CURSOS\CursoJava\JavaEE\apache-tomcat-10.1.23\webapps\webapp-form.war] de la aplicación web
13-May-2024 16:18:37.121 INFO [http-nio-8080-exec-91] org.apache.catalina.startup.HostConfig.deployWAR Deployment of web application archive [E:\CURSOS\CursoJava\JavaEE\apache-tomcat-10.1.23\webapps\webapp-form.war] has finished in [43] ms
13-May-2024 16:19:13.268 INFO [http-nio-8080-exec-97] org.apache.catalina.startup.HostConfig.undeploy Repliegue (undeploy) de la aplicación web que tiene como trayectoria de contexto [/webapp-form]
13-May-2024 16:19:13.371 INFO [http-nio-8080-exec-97] org.apache.catalina.startup.HostConfig.deployWAR Despliegue del archivo [E:\CURSOS\CursoJava\JavaEE\apache-tomcat-10.1.23\webapps\webapp-form.war] de la aplicación web
13-May-2024 16:19:13.416 INFO [http-nio-8080-exec-97] org.apache.catalina.startup.HostConfig.deployWAR Deployment of web application archive [E:\CURSOS\CursoJava\JavaEE\apache-tomcat-10.1.23\webapps\webapp-form.war] has finished in [45] ms
13-May-2024 16:19:38.126 INFO [http-nio-8080-exec-98] org.apache.catalina.startup.HostConfig.undeploy Repliegue (undeploy) de la aplicación web que tiene como trayectoria de contexto [/webapp-form]
13-May-2024 16:19:38.228 INFO [http-nio-8080-exec-98] org.apache.catalina.startup.HostConfig.deployWAR Despliegue del archivo [E:\CURSOS\CursoJava\JavaEE\apache-tomcat-10.1.23\webapps\webapp-form.war] de la aplicación web
13-May-2024 16:19:38.272 INFO [http-nio-8080-exec-98] org.apache.catalina.startup.HostConfig.deployWAR Deployment of web application archive [E:\CURSOS\CursoJava\JavaEE\apache-tomcat-10.1.23\webapps\webapp-form.war] has finished in [44] ms
13-May-2024 16:20:04.573 INFO [http-nio-8080-exec-93] org.apache.catalina.startup.HostConfig.undeploy Repliegue (undeploy) de la aplicación web que tiene como trayectoria de contexto [/webapp-form]
13-May-2024 16:20:04.689 INFO [http-nio-8080-exec-93] org.apache.catalina.startup.HostConfig.deployWAR Despliegue del archivo [E:\CURSOS\CursoJava\JavaEE\apache-tomcat-10.1.23\webapps\webapp-form.war] de la aplicación web
13-May-2024 16:20:04.732 INFO [http-nio-8080-exec-93] org.apache.catalina.startup.HostConfig.deployWAR Deployment of web application archive [E:\CURSOS\CursoJava\JavaEE\apache-tomcat-10.1.23\webapps\webapp-form.war] has finished in [44] ms
13-May-2024 16:20:21.834 INFO [http-nio-8080-exec-94] org.apache.catalina.startup.HostConfig.undeploy Repliegue (undeploy) de la aplicación web que tiene como trayectoria de contexto [/webapp-form]
13-May-2024 16:20:21.928 INFO [http-nio-8080-exec-94] org.apache.catalina.startup.HostConfig.deployWAR Despliegue del archivo [E:\CURSOS\CursoJava\JavaEE\apache-tomcat-10.1.23\webapps\webapp-form.war] de la aplicación web
13-May-2024 16:20:21.969 INFO [http-nio-8080-exec-94] org.apache.catalina.startup.HostConfig.deployWAR Deployment of web application archive [E:\CURSOS\CursoJava\JavaEE\apache-tomcat-10.1.23\webapps\webapp-form.war] has finished in [41] ms
13-May-2024 17:01:29.360 INFO [main] org.apache.catalina.startup.VersionLoggerListener.log Nombre de la versión del servidor: Apache Tomcat/10.1.23
13-May-2024 17:01:29.373 INFO [main] org.apache.catalina.startup.VersionLoggerListener.log Server built:                      Apr 16 2024 12:17:18 UTC
13-May-2024 17:01:29.378 INFO [main] org.apache.catalina.startup.VersionLoggerListener.log Número de versión de servidor:     10.1.23.0
13-May-2024 17:01:29.379 INFO [main] org.apache.catalina.startup.VersionLoggerListener.log OS Name:                           Windows 11
13-May-2024 17:01:29.379 INFO [main] org.apache.catalina.startup.VersionLoggerListener.log Versión de Systema Operativo:      10.0
13-May-2024 17:01:29.379 INFO [main] org.apache.catalina.startup.VersionLoggerListener.log Arquitectura:                      amd64
13-May-2024 17:01:29.379 INFO [main] org.apache.catalina.startup.VersionLoggerListener.log Java Home:                         D:\Archivos de Programa\Java\jdk-21.0.2
13-May-2024 17:01:29.380 INFO [main] org.apache.catalina.startup.VersionLoggerListener.log JVM Version:                       21.0.2+13-58
13-May-2024 17:01:29.380 INFO [main] org.apache.catalina.startup.VersionLoggerListener.log Vededor JVM:                       Oracle Corporation
13-May-2024 17:01:29.380 INFO [main] org.apache.catalina.startup.VersionLoggerListener.log CATALINA_BASE:                     E:\CURSOS\CursoJava\JavaEE\apache-tomcat-10.1.23
13-May-2024 17:01:29.381 INFO [main] org.apache.catalina.startup.VersionLoggerListener.log CATALINA_HOME:                     E:\CURSOS\CursoJava\JavaEE\apache-tomcat-10.1.23
13-May-2024 17:01:29.390 INFO [main] org.apache.catalina.startup.VersionLoggerListener.log Command line argument:             -Djava.util.logging.config.file=E:\CURSOS\CursoJava\JavaEE\apache-tomcat-10.1.23\conf\logging.properties
13-May-2024 17:01:29.393 INFO [main] org.apache.catalina.startup.VersionLoggerListener.log Command line argument:             -Djava.util.logging.manager=org.apache.juli.ClassLoaderLogManager
13-May-2024 17:01:29.393 INFO [main] org.apache.catalina.startup.VersionLoggerListener.log Command line argument:             -Djdk.tls.ephemeralDHKeySize=2048
13-May-2024 17:01:29.393 INFO [main] org.apache.catalina.startup.VersionLoggerListener.log Command line argument:             -Djava.protocol.handler.pkgs=org.apache.catalina.webresources
13-May-2024 17:01:29.393 INFO [main] org.apache.catalina.startup.VersionLoggerListener.log Command line argument:             --add-opens=java.base/java.lang=ALL-UNNAMED
13-May-2024 17:01:29.394 INFO [main] org.apache.catalina.startup.VersionLoggerListener.log Command line argument:             --add-opens=java.base/java.io=ALL-UNNAMED
13-May-2024 17:01:29.394 INFO [main] org.apache.catalina.startup.VersionLoggerListener.log Command line argument:             --add-opens=java.base/java.util=ALL-UNNAMED
13-May-2024 17:01:29.395 INFO [main] org.apache.catalina.startup.VersionLoggerListener.log Command line argument:             --add-opens=java.base/java.util.concurrent=ALL-UNNAMED
13-May-2024 17:01:29.395 INFO [main] org.apache.catalina.startup.VersionLoggerListener.log Command line argument:             --add-opens=java.rmi/sun.rmi.transport=ALL-UNNAMED
13-May-2024 17:01:29.396 INFO [main] org.apache.catalina.startup.VersionLoggerListener.log Command line argument:             -Dcatalina.base=E:\CURSOS\CursoJava\JavaEE\apache-tomcat-10.1.23
13-May-2024 17:01:29.396 INFO [main] org.apache.catalina.startup.VersionLoggerListener.log Command line argument:             -Dcatalina.home=E:\CURSOS\CursoJava\JavaEE\apache-tomcat-10.1.23
13-May-2024 17:01:29.397 INFO [main] org.apache.catalina.startup.VersionLoggerListener.log Command line argument:             -Djava.io.tmpdir=E:\CURSOS\CursoJava\JavaEE\apache-tomcat-10.1.23\temp
13-May-2024 17:01:29.424 INFO [main] org.apache.catalina.core.AprLifecycleListener.lifecycleEvent Cargada la biblioteca nativa APR de Apache Tomcat [2.0.7] con la versión APR [1.7.4].
13-May-2024 17:01:29.430 INFO [main] org.apache.catalina.core.AprLifecycleListener.initializeSSL OpenSSL inicializado correctamente [OpenSSL 3.0.13 30 Jan 2024]
13-May-2024 17:01:29.759 INFO [main] org.apache.coyote.AbstractProtocol.init Inicializando el manejador de protocolo ["http-nio-8080"]

13-May-2024 17:01:29.788 INFO [main] org.apache.catalina.startup.Catalina.load Server initialization in [672] milliseconds
13-May-2024 17:01:29.856 INFO [main] org.apache.catalina.core.StandardService.startInternal Arrancando servicio [Catalina]
13-May-2024 17:01:29.857 INFO [main] org.apache.catalina.core.StandardEngine.startInternal Starting Servlet engine: [Apache Tomcat/10.1.23]
13-May-2024 17:01:29.981 INFO [main] org.apache.catalina.startup.HostConfig.deployWAR Despliegue del archivo [E:\CURSOS\CursoJava\JavaEE\apache-tomcat-10.1.23\webapps\webapp-form.war] de la aplicación web
13-May-2024 17:01:30.384 INFO [main] org.apache.catalina.startup.HostConfig.deployWAR Deployment of web application archive [E:\CURSOS\CursoJava\JavaEE\apache-tomcat-10.1.23\webapps\webapp-form.war] has finished in [400] ms
13-May-2024 17:01:30.420 INFO [main] org.apache.catalina.startup.HostConfig.deployWAR Despliegue del archivo [E:\CURSOS\CursoJava\JavaEE\apache-tomcat-10.1.23\webapps\webapp.war] de la aplicación web
13-May-2024 17:01:30.479 INFO [main] org.apache.catalina.startup.HostConfig.deployWAR Deployment of web application archive [E:\CURSOS\CursoJava\JavaEE\apache-tomcat-10.1.23\webapps\webapp.war] has finished in [59] ms
13-May-2024 17:01:30.480 INFO [main] org.apache.catalina.startup.HostConfig.deployDirectory Desplegando el directorio [E:\CURSOS\CursoJava\JavaEE\apache-tomcat-10.1.23\webapps\docs] de la aplicación web
13-May-2024 17:01:30.538 INFO [main] org.apache.catalina.startup.HostConfig.deployDirectory Deployment of web application directory [E:\CURSOS\CursoJava\JavaEE\apache-tomcat-10.1.23\webapps\docs] has finished in [57] ms
13-May-2024 17:01:30.538 INFO [main] org.apache.catalina.startup.HostConfig.deployDirectory Desplegando el directorio [E:\CURSOS\CursoJava\JavaEE\apache-tomcat-10.1.23\webapps\examples] de la aplicación web
13-May-2024 17:01:31.781 INFO [main] org.apache.catalina.startup.HostConfig.deployDirectory Deployment of web application directory [E:\CURSOS\CursoJava\JavaEE\apache-tomcat-10.1.23\webapps\examples] has finished in [1.243] ms
13-May-2024 17:01:31.782 INFO [main] org.apache.catalina.startup.HostConfig.deployDirectory Desplegando el directorio [E:\CURSOS\CursoJava\JavaEE\apache-tomcat-10.1.23\webapps\host-manager] de la aplicación web
13-May-2024 17:01:31.841 INFO [main] org.apache.catalina.startup.HostConfig.deployDirectory Deployment of web application directory [E:\CURSOS\CursoJava\JavaEE\apache-tomcat-10.1.23\webapps\host-manager] has finished in [58] ms
13-May-2024 17:01:31.842 INFO [main] org.apache.catalina.startup.HostConfig.deployDirectory Desplegando el directorio [E:\CURSOS\CursoJava\JavaEE\apache-tomcat-10.1.23\webapps\manager] de la aplicación web
13-May-2024 17:01:31.894 INFO [main] org.apache.catalina.startup.HostConfig.deployDirectory Deployment of web application directory [E:\CURSOS\CursoJava\JavaEE\apache-tomcat-10.1.23\webapps\manager] has finished in [53] ms
13-May-2024 17:01:31.895 INFO [main] org.apache.catalina.startup.HostConfig.deployDirectory Desplegando el directorio [E:\CURSOS\CursoJava\JavaEE\apache-tomcat-10.1.23\webapps\ROOT] de la aplicación web
13-May-2024 17:01:31.925 INFO [main] org.apache.catalina.startup.HostConfig.deployDirectory Deployment of web application directory [E:\CURSOS\CursoJava\JavaEE\apache-tomcat-10.1.23\webapps\ROOT] has finished in [30] ms
13-May-2024 17:01:31.933 INFO [main] org.apache.coyote.AbstractProtocol.start Starting ProtocolHandler ["http-nio-8080"]
13-May-2024 17:01:31.960 INFO [main] org.apache.catalina.startup.Catalina.start Server startup in [2169] milliseconds
13-May-2024 17:03:34.837 INFO [http-nio-8080-exec-4] org.apache.catalina.startup.HostConfig.deployWAR Despliegue del archivo [E:\CURSOS\CursoJava\JavaEE\apache-tomcat-10.1.23\webapps\webapp-form-tarea2.war] de la aplicación web
13-May-2024 17:03:34.921 INFO [http-nio-8080-exec-4] org.apache.catalina.startup.HostConfig.deployWAR Deployment of web application archive [E:\CURSOS\CursoJava\JavaEE\apache-tomcat-10.1.23\webapps\webapp-form-tarea2.war] has finished in [84] ms
13-May-2024 17:05:56.294 INFO [http-nio-8080-exec-8] org.apache.catalina.startup.HostConfig.undeploy Repliegue (undeploy) de la aplicación web que tiene como trayectoria de contexto [/webapp-form-tarea2]
13-May-2024 17:05:56.377 INFO [http-nio-8080-exec-8] org.apache.catalina.startup.HostConfig.deployWAR Despliegue del archivo [E:\CURSOS\CursoJava\JavaEE\apache-tomcat-10.1.23\webapps\webapp-form-tarea2.war] de la aplicación web
13-May-2024 17:05:56.428 INFO [http-nio-8080-exec-8] org.apache.catalina.startup.HostConfig.deployWAR Deployment of web application archive [E:\CURSOS\CursoJava\JavaEE\apache-tomcat-10.1.23\webapps\webapp-form-tarea2.war] has finished in [51] ms
13-May-2024 17:09:41.040 INFO [http-nio-8080-exec-16] org.apache.catalina.startup.HostConfig.undeploy Repliegue (undeploy) de la aplicación web que tiene como trayectoria de contexto [/webapp-form-tarea2]
13-May-2024 17:09:41.113 INFO [http-nio-8080-exec-16] org.apache.catalina.startup.HostConfig.deployWAR Despliegue del archivo [E:\CURSOS\CursoJava\JavaEE\apache-tomcat-10.1.23\webapps\webapp-form-tarea2.war] de la aplicación web
13-May-2024 17:09:41.162 INFO [http-nio-8080-exec-16] org.apache.catalina.startup.HostConfig.deployWAR Deployment of web application archive [E:\CURSOS\CursoJava\JavaEE\apache-tomcat-10.1.23\webapps\webapp-form-tarea2.war] has finished in [48] ms
13-May-2024 17:10:21.428 INFO [http-nio-8080-exec-12] org.apache.catalina.startup.HostConfig.undeploy Repliegue (undeploy) de la aplicación web que tiene como trayectoria de contexto [/webapp-form-tarea2]
13-May-2024 17:10:21.518 INFO [http-nio-8080-exec-12] org.apache.catalina.startup.HostConfig.deployWAR Despliegue del archivo [E:\CURSOS\CursoJava\JavaEE\apache-tomcat-10.1.23\webapps\webapp-form-tarea2.war] de la aplicación web
13-May-2024 17:10:21.582 INFO [http-nio-8080-exec-12] org.apache.catalina.startup.HostConfig.deployWAR Deployment of web application archive [E:\CURSOS\CursoJava\JavaEE\apache-tomcat-10.1.23\webapps\webapp-form-tarea2.war] has finished in [63] ms
13-May-2024 17:57:28.977 INFO [http-nio-8080-exec-27] org.apache.catalina.startup.HostConfig.deployWAR Despliegue del archivo [E:\CURSOS\CursoJava\JavaEE\apache-tomcat-10.1.23\webapps\webapp-headers.war] de la aplicación web
13-May-2024 17:57:29.042 SEVERE [http-nio-8080-exec-27] org.apache.catalina.startup.HostConfig.deployWAR Error durante el despliegue del archivo [E:\CURSOS\CursoJava\JavaEE\apache-tomcat-10.1.23\webapps\webapp-headers.war] de la aplicación web
	java.lang.IllegalStateException: Error starting child
		at org.apache.catalina.core.ContainerBase.addChildInternal(ContainerBase.java:690)
		at org.apache.catalina.core.ContainerBase.addChild(ContainerBase.java:659)
		at org.apache.catalina.core.StandardHost.addChild(StandardHost.java:712)
		at org.apache.catalina.startup.HostConfig.deployWAR(HostConfig.java:969)
		at org.apache.catalina.startup.HostConfig.deployApps(HostConfig.java:490)
		at org.apache.catalina.startup.HostConfig.check(HostConfig.java:1703)
		at java.base/jdk.internal.reflect.DirectMethodHandleAccessor.invoke(DirectMethodHandleAccessor.java:103)
		at java.base/java.lang.reflect.Method.invoke(Method.java:580)
		at org.apache.tomcat.util.modeler.BaseModelMBean.invoke(BaseModelMBean.java:293)
		at java.management/com.sun.jmx.interceptor.DefaultMBeanServerInterceptor.invoke(DefaultMBeanServerInterceptor.java:803)
		at java.management/com.sun.jmx.mbeanserver.JmxMBeanServer.invoke(JmxMBeanServer.java:802)
		at org.apache.catalina.manager.ManagerServlet.check(ManagerServlet.java:1477)
		at org.apache.catalina.manager.ManagerServlet.deploy(ManagerServlet.java:802)
		at org.apache.catalina.manager.ManagerServlet.doPut(ManagerServlet.java:428)
		at jakarta.servlet.http.HttpServlet.service(HttpServlet.java:593)
		at jakarta.servlet.http.HttpServlet.service(HttpServlet.java:658)
		at org.apache.catalina.core.ApplicationFilterChain.internalDoFilter(ApplicationFilterChain.java:196)
		at org.apache.catalina.core.ApplicationFilterChain.doFilter(ApplicationFilterChain.java:140)
		at org.apache.tomcat.websocket.server.WsFilter.doFilter(WsFilter.java:51)
		at org.apache.catalina.core.ApplicationFilterChain.internalDoFilter(ApplicationFilterChain.java:165)
		at org.apache.catalina.core.ApplicationFilterChain.doFilter(ApplicationFilterChain.java:140)
		at org.apache.catalina.filters.HttpHeaderSecurityFilter.doFilter(HttpHeaderSecurityFilter.java:129)
		at org.apache.catalina.core.ApplicationFilterChain.internalDoFilter(ApplicationFilterChain.java:165)
		at org.apache.catalina.core.ApplicationFilterChain.doFilter(ApplicationFilterChain.java:140)
		at org.apache.catalina.core.StandardWrapperValve.invoke(StandardWrapperValve.java:167)
		at org.apache.catalina.core.StandardContextValve.invoke(StandardContextValve.java:90)
		at org.apache.catalina.authenticator.AuthenticatorBase.invoke(AuthenticatorBase.java:597)
		at org.apache.catalina.valves.RequestFilterValve.process(RequestFilterValve.java:355)
		at org.apache.catalina.valves.RemoteAddrValve.invoke(RemoteAddrValve.java:54)
		at org.apache.catalina.core.StandardHostValve.invoke(StandardHostValve.java:115)
		at org.apache.catalina.valves.ErrorReportValve.invoke(ErrorReportValve.java:93)
		at org.apache.catalina.valves.AbstractAccessLogValve.invoke(AbstractAccessLogValve.java:673)
		at org.apache.catalina.core.StandardEngineValve.invoke(StandardEngineValve.java:74)
		at org.apache.catalina.connector.CoyoteAdapter.service(CoyoteAdapter.java:344)
		at org.apache.coyote.http11.Http11Processor.service(Http11Processor.java:391)
		at org.apache.coyote.AbstractProcessorLight.process(AbstractProcessorLight.java:63)
		at org.apache.coyote.AbstractProtocol$ConnectionHandler.process(AbstractProtocol.java:896)
		at org.apache.tomcat.util.net.NioEndpoint$SocketProcessor.doRun(NioEndpoint.java:1736)
		at org.apache.tomcat.util.net.SocketProcessorBase.run(SocketProcessorBase.java:52)
		at org.apache.tomcat.util.threads.ThreadPoolExecutor.runWorker(ThreadPoolExecutor.java:1191)
		at org.apache.tomcat.util.threads.ThreadPoolExecutor$Worker.run(ThreadPoolExecutor.java:659)
		at org.apache.tomcat.util.threads.TaskThread$WrappingRunnable.run(TaskThread.java:63)
		at java.base/java.lang.Thread.run(Thread.java:1583)
	Caused by: org.apache.catalina.LifecycleException: Failed to start component [StandardEngine[Catalina].StandardHost[localhost].StandardContext[/webapp-headers]]
		at org.apache.catalina.util.LifecycleBase.handleSubClassException(LifecycleBase.java:419)
		at org.apache.catalina.util.LifecycleBase.start(LifecycleBase.java:186)
		at org.apache.catalina.core.ContainerBase.addChildInternal(ContainerBase.java:687)
		... 42 more
	Caused by: java.lang.IllegalArgumentException: <url-pattern> [cabeceras-request] inválida en mapeo de servlet
		at org.apache.catalina.core.StandardContext.addServletMappingDecoded(StandardContext.java:3090)
		at org.apache.catalina.Context.addServletMappingDecoded(Context.java:944)
		at org.apache.catalina.startup.ContextConfig.configureContext(ContextConfig.java:1500)
		at org.apache.catalina.startup.ContextConfig.webConfig(ContextConfig.java:1287)
		at org.apache.catalina.startup.ContextConfig.configureStart(ContextConfig.java:961)
		at org.apache.catalina.startup.ContextConfig.lifecycleEvent(ContextConfig.java:290)
		at org.apache.catalina.util.LifecycleBase.fireLifecycleEvent(LifecycleBase.java:114)
		at org.apache.catalina.core.StandardContext.startInternal(StandardContext.java:4793)
		at org.apache.catalina.util.LifecycleBase.start(LifecycleBase.java:171)
		... 43 more
13-May-2024 17:57:29.046 INFO [http-nio-8080-exec-27] org.apache.catalina.startup.HostConfig.deployWAR Deployment of web application archive [E:\CURSOS\CursoJava\JavaEE\apache-tomcat-10.1.23\webapps\webapp-headers.war] has finished in [68] ms
13-May-2024 18:04:14.782 INFO [http-nio-8080-exec-28] org.apache.catalina.startup.HostConfig.undeploy Repliegue (undeploy) de la aplicación web que tiene como trayectoria de contexto [/webapp-headers]
13-May-2024 18:04:14.794 INFO [http-nio-8080-exec-28] org.apache.catalina.startup.HostConfig.deployWAR Despliegue del archivo [E:\CURSOS\CursoJava\JavaEE\apache-tomcat-10.1.23\webapps\webapp-headers.war] de la aplicación web
13-May-2024 18:04:14.837 SEVERE [http-nio-8080-exec-28] org.apache.catalina.startup.HostConfig.deployWAR Error durante el despliegue del archivo [E:\CURSOS\CursoJava\JavaEE\apache-tomcat-10.1.23\webapps\webapp-headers.war] de la aplicación web
	java.lang.IllegalStateException: Error starting child
		at org.apache.catalina.core.ContainerBase.addChildInternal(ContainerBase.java:690)
		at org.apache.catalina.core.ContainerBase.addChild(ContainerBase.java:659)
		at org.apache.catalina.core.StandardHost.addChild(StandardHost.java:712)
		at org.apache.catalina.startup.HostConfig.deployWAR(HostConfig.java:969)
		at org.apache.catalina.startup.HostConfig.deployApps(HostConfig.java:490)
		at org.apache.catalina.startup.HostConfig.check(HostConfig.java:1703)
		at java.base/jdk.internal.reflect.DirectMethodHandleAccessor.invoke(DirectMethodHandleAccessor.java:103)
		at java.base/java.lang.reflect.Method.invoke(Method.java:580)
		at org.apache.tomcat.util.modeler.BaseModelMBean.invoke(BaseModelMBean.java:293)
		at java.management/com.sun.jmx.interceptor.DefaultMBeanServerInterceptor.invoke(DefaultMBeanServerInterceptor.java:803)
		at java.management/com.sun.jmx.mbeanserver.JmxMBeanServer.invoke(JmxMBeanServer.java:802)
		at org.apache.catalina.manager.ManagerServlet.check(ManagerServlet.java:1477)
		at org.apache.catalina.manager.ManagerServlet.deploy(ManagerServlet.java:802)
		at org.apache.catalina.manager.ManagerServlet.doPut(ManagerServlet.java:428)
		at jakarta.servlet.http.HttpServlet.service(HttpServlet.java:593)
		at jakarta.servlet.http.HttpServlet.service(HttpServlet.java:658)
		at org.apache.catalina.core.ApplicationFilterChain.internalDoFilter(ApplicationFilterChain.java:196)
		at org.apache.catalina.core.ApplicationFilterChain.doFilter(ApplicationFilterChain.java:140)
		at org.apache.tomcat.websocket.server.WsFilter.doFilter(WsFilter.java:51)
		at org.apache.catalina.core.ApplicationFilterChain.internalDoFilter(ApplicationFilterChain.java:165)
		at org.apache.catalina.core.ApplicationFilterChain.doFilter(ApplicationFilterChain.java:140)
		at org.apache.catalina.filters.HttpHeaderSecurityFilter.doFilter(HttpHeaderSecurityFilter.java:129)
		at org.apache.catalina.core.ApplicationFilterChain.internalDoFilter(ApplicationFilterChain.java:165)
		at org.apache.catalina.core.ApplicationFilterChain.doFilter(ApplicationFilterChain.java:140)
		at org.apache.catalina.core.StandardWrapperValve.invoke(StandardWrapperValve.java:167)
		at org.apache.catalina.core.StandardContextValve.invoke(StandardContextValve.java:90)
		at org.apache.catalina.authenticator.AuthenticatorBase.invoke(AuthenticatorBase.java:597)
		at org.apache.catalina.valves.RequestFilterValve.process(RequestFilterValve.java:355)
		at org.apache.catalina.valves.RemoteAddrValve.invoke(RemoteAddrValve.java:54)
		at org.apache.catalina.core.StandardHostValve.invoke(StandardHostValve.java:115)
		at org.apache.catalina.valves.ErrorReportValve.invoke(ErrorReportValve.java:93)
		at org.apache.catalina.valves.AbstractAccessLogValve.invoke(AbstractAccessLogValve.java:673)
		at org.apache.catalina.core.StandardEngineValve.invoke(StandardEngineValve.java:74)
		at org.apache.catalina.connector.CoyoteAdapter.service(CoyoteAdapter.java:344)
		at org.apache.coyote.http11.Http11Processor.service(Http11Processor.java:391)
		at org.apache.coyote.AbstractProcessorLight.process(AbstractProcessorLight.java:63)
		at org.apache.coyote.AbstractProtocol$ConnectionHandler.process(AbstractProtocol.java:896)
		at org.apache.tomcat.util.net.NioEndpoint$SocketProcessor.doRun(NioEndpoint.java:1736)
		at org.apache.tomcat.util.net.SocketProcessorBase.run(SocketProcessorBase.java:52)
		at org.apache.tomcat.util.threads.ThreadPoolExecutor.runWorker(ThreadPoolExecutor.java:1191)
		at org.apache.tomcat.util.threads.ThreadPoolExecutor$Worker.run(ThreadPoolExecutor.java:659)
		at org.apache.tomcat.util.threads.TaskThread$WrappingRunnable.run(TaskThread.java:63)
		at java.base/java.lang.Thread.run(Thread.java:1583)
	Caused by: org.apache.catalina.LifecycleException: Failed to start component [StandardEngine[Catalina].StandardHost[localhost].StandardContext[/webapp-headers]]
		at org.apache.catalina.util.LifecycleBase.handleSubClassException(LifecycleBase.java:419)
		at org.apache.catalina.util.LifecycleBase.start(LifecycleBase.java:186)
		at org.apache.catalina.core.ContainerBase.addChildInternal(ContainerBase.java:687)
		... 42 more
	Caused by: java.lang.IllegalArgumentException: <url-pattern> [cabeceras-request] inválida en mapeo de servlet
		at org.apache.catalina.core.StandardContext.addServletMappingDecoded(StandardContext.java:3090)
		at org.apache.catalina.Context.addServletMappingDecoded(Context.java:944)
		at org.apache.catalina.startup.ContextConfig.configureContext(ContextConfig.java:1500)
		at org.apache.catalina.startup.ContextConfig.webConfig(ContextConfig.java:1287)
		at org.apache.catalina.startup.ContextConfig.configureStart(ContextConfig.java:961)
		at org.apache.catalina.startup.ContextConfig.lifecycleEvent(ContextConfig.java:290)
		at org.apache.catalina.util.LifecycleBase.fireLifecycleEvent(LifecycleBase.java:114)
		at org.apache.catalina.core.StandardContext.startInternal(StandardContext.java:4793)
		at org.apache.catalina.util.LifecycleBase.start(LifecycleBase.java:171)
		... 43 more
13-May-2024 18:04:14.839 INFO [http-nio-8080-exec-28] org.apache.catalina.startup.HostConfig.deployWAR Deployment of web application archive [E:\CURSOS\CursoJava\JavaEE\apache-tomcat-10.1.23\webapps\webapp-headers.war] has finished in [46] ms
13-May-2024 18:05:43.032 INFO [http-nio-8080-exec-29] org.apache.catalina.startup.HostConfig.undeploy Repliegue (undeploy) de la aplicación web que tiene como trayectoria de contexto [/webapp-headers]
13-May-2024 18:05:43.048 INFO [http-nio-8080-exec-29] org.apache.catalina.startup.HostConfig.deployWAR Despliegue del archivo [E:\CURSOS\CursoJava\JavaEE\apache-tomcat-10.1.23\webapps\webapp-headers.war] de la aplicación web
13-May-2024 18:05:43.098 SEVERE [http-nio-8080-exec-29] org.apache.catalina.startup.HostConfig.deployWAR Error durante el despliegue del archivo [E:\CURSOS\CursoJava\JavaEE\apache-tomcat-10.1.23\webapps\webapp-headers.war] de la aplicación web
	java.lang.IllegalStateException: Error starting child
		at org.apache.catalina.core.ContainerBase.addChildInternal(ContainerBase.java:690)
		at org.apache.catalina.core.ContainerBase.addChild(ContainerBase.java:659)
		at org.apache.catalina.core.StandardHost.addChild(StandardHost.java:712)
		at org.apache.catalina.startup.HostConfig.deployWAR(HostConfig.java:969)
		at org.apache.catalina.startup.HostConfig.deployApps(HostConfig.java:490)
		at org.apache.catalina.startup.HostConfig.check(HostConfig.java:1703)
		at java.base/jdk.internal.reflect.DirectMethodHandleAccessor.invoke(DirectMethodHandleAccessor.java:103)
		at java.base/java.lang.reflect.Method.invoke(Method.java:580)
		at org.apache.tomcat.util.modeler.BaseModelMBean.invoke(BaseModelMBean.java:293)
		at java.management/com.sun.jmx.interceptor.DefaultMBeanServerInterceptor.invoke(DefaultMBeanServerInterceptor.java:803)
		at java.management/com.sun.jmx.mbeanserver.JmxMBeanServer.invoke(JmxMBeanServer.java:802)
		at org.apache.catalina.manager.ManagerServlet.check(ManagerServlet.java:1477)
		at org.apache.catalina.manager.ManagerServlet.deploy(ManagerServlet.java:802)
		at org.apache.catalina.manager.ManagerServlet.doPut(ManagerServlet.java:428)
		at jakarta.servlet.http.HttpServlet.service(HttpServlet.java:593)
		at jakarta.servlet.http.HttpServlet.service(HttpServlet.java:658)
		at org.apache.catalina.core.ApplicationFilterChain.internalDoFilter(ApplicationFilterChain.java:196)
		at org.apache.catalina.core.ApplicationFilterChain.doFilter(ApplicationFilterChain.java:140)
		at org.apache.tomcat.websocket.server.WsFilter.doFilter(WsFilter.java:51)
		at org.apache.catalina.core.ApplicationFilterChain.internalDoFilter(ApplicationFilterChain.java:165)
		at org.apache.catalina.core.ApplicationFilterChain.doFilter(ApplicationFilterChain.java:140)
		at org.apache.catalina.filters.HttpHeaderSecurityFilter.doFilter(HttpHeaderSecurityFilter.java:129)
		at org.apache.catalina.core.ApplicationFilterChain.internalDoFilter(ApplicationFilterChain.java:165)
		at org.apache.catalina.core.ApplicationFilterChain.doFilter(ApplicationFilterChain.java:140)
		at org.apache.catalina.core.StandardWrapperValve.invoke(StandardWrapperValve.java:167)
		at org.apache.catalina.core.StandardContextValve.invoke(StandardContextValve.java:90)
		at org.apache.catalina.authenticator.AuthenticatorBase.invoke(AuthenticatorBase.java:597)
		at org.apache.catalina.valves.RequestFilterValve.process(RequestFilterValve.java:355)
		at org.apache.catalina.valves.RemoteAddrValve.invoke(RemoteAddrValve.java:54)
		at org.apache.catalina.core.StandardHostValve.invoke(StandardHostValve.java:115)
		at org.apache.catalina.valves.ErrorReportValve.invoke(ErrorReportValve.java:93)
		at org.apache.catalina.valves.AbstractAccessLogValve.invoke(AbstractAccessLogValve.java:673)
		at org.apache.catalina.core.StandardEngineValve.invoke(StandardEngineValve.java:74)
		at org.apache.catalina.connector.CoyoteAdapter.service(CoyoteAdapter.java:344)
		at org.apache.coyote.http11.Http11Processor.service(Http11Processor.java:391)
		at org.apache.coyote.AbstractProcessorLight.process(AbstractProcessorLight.java:63)
		at org.apache.coyote.AbstractProtocol$ConnectionHandler.process(AbstractProtocol.java:896)
		at org.apache.tomcat.util.net.NioEndpoint$SocketProcessor.doRun(NioEndpoint.java:1736)
		at org.apache.tomcat.util.net.SocketProcessorBase.run(SocketProcessorBase.java:52)
		at org.apache.tomcat.util.threads.ThreadPoolExecutor.runWorker(ThreadPoolExecutor.java:1191)
		at org.apache.tomcat.util.threads.ThreadPoolExecutor$Worker.run(ThreadPoolExecutor.java:659)
		at org.apache.tomcat.util.threads.TaskThread$WrappingRunnable.run(TaskThread.java:63)
		at java.base/java.lang.Thread.run(Thread.java:1583)
	Caused by: org.apache.catalina.LifecycleException: Failed to start component [StandardEngine[Catalina].StandardHost[localhost].StandardContext[/webapp-headers]]
		at org.apache.catalina.util.LifecycleBase.handleSubClassException(LifecycleBase.java:419)
		at org.apache.catalina.util.LifecycleBase.start(LifecycleBase.java:186)
		at org.apache.catalina.core.ContainerBase.addChildInternal(ContainerBase.java:687)
		... 42 more
	Caused by: java.lang.IllegalArgumentException: <url-pattern> [cabeceras-request] inválida en mapeo de servlet
		at org.apache.catalina.core.StandardContext.addServletMappingDecoded(StandardContext.java:3090)
		at org.apache.catalina.Context.addServletMappingDecoded(Context.java:944)
		at org.apache.catalina.startup.ContextConfig.configureContext(ContextConfig.java:1500)
		at org.apache.catalina.startup.ContextConfig.webConfig(ContextConfig.java:1287)
		at org.apache.catalina.startup.ContextConfig.configureStart(ContextConfig.java:961)
		at org.apache.catalina.startup.ContextConfig.lifecycleEvent(ContextConfig.java:290)
		at org.apache.catalina.util.LifecycleBase.fireLifecycleEvent(LifecycleBase.java:114)
		at org.apache.catalina.core.StandardContext.startInternal(StandardContext.java:4793)
		at org.apache.catalina.util.LifecycleBase.start(LifecycleBase.java:171)
		... 43 more
13-May-2024 18:05:43.107 INFO [http-nio-8080-exec-29] org.apache.catalina.startup.HostConfig.deployWAR Deployment of web application archive [E:\CURSOS\CursoJava\JavaEE\apache-tomcat-10.1.23\webapps\webapp-headers.war] has finished in [59] ms
13-May-2024 18:06:34.006 INFO [http-nio-8080-exec-45] org.apache.catalina.startup.HostConfig.undeploy Repliegue (undeploy) de la aplicación web que tiene como trayectoria de contexto [/webapp-headers]
13-May-2024 18:06:34.020 INFO [http-nio-8080-exec-45] org.apache.catalina.startup.HostConfig.deployWAR Despliegue del archivo [E:\CURSOS\CursoJava\JavaEE\apache-tomcat-10.1.23\webapps\webapp-headers.war] de la aplicación web
13-May-2024 18:06:34.066 INFO [http-nio-8080-exec-45] org.apache.catalina.startup.HostConfig.deployWAR Deployment of web application archive [E:\CURSOS\CursoJava\JavaEE\apache-tomcat-10.1.23\webapps\webapp-headers.war] has finished in [46] ms
13-May-2024 18:09:33.239 INFO [http-nio-8080-exec-51] org.apache.catalina.startup.HostConfig.undeploy Repliegue (undeploy) de la aplicación web que tiene como trayectoria de contexto [/webapp-headers]
13-May-2024 18:09:33.258 INFO [http-nio-8080-exec-51] org.apache.catalina.startup.HostConfig.deployWAR Despliegue del archivo [E:\CURSOS\CursoJava\JavaEE\apache-tomcat-10.1.23\webapps\webapp-headers.war] de la aplicación web
13-May-2024 18:09:33.334 INFO [http-nio-8080-exec-51] org.apache.catalina.startup.HostConfig.deployWAR Deployment of web application archive [E:\CURSOS\CursoJava\JavaEE\apache-tomcat-10.1.23\webapps\webapp-headers.war] has finished in [76] ms
13-May-2024 18:10:55.658 INFO [http-nio-8080-exec-50] org.apache.catalina.startup.HostConfig.undeploy Repliegue (undeploy) de la aplicación web que tiene como trayectoria de contexto [/webapp-headers]
13-May-2024 18:10:55.674 INFO [http-nio-8080-exec-50] org.apache.catalina.startup.HostConfig.deployWAR Despliegue del archivo [E:\CURSOS\CursoJava\JavaEE\apache-tomcat-10.1.23\webapps\webapp-headers.war] de la aplicación web
13-May-2024 18:10:55.765 INFO [http-nio-8080-exec-50] org.apache.catalina.startup.HostConfig.deployWAR Deployment of web application archive [E:\CURSOS\CursoJava\JavaEE\apache-tomcat-10.1.23\webapps\webapp-headers.war] has finished in [92] ms
13-May-2024 18:11:43.009 INFO [http-nio-8080-exec-56] org.apache.catalina.startup.HostConfig.undeploy Repliegue (undeploy) de la aplicación web que tiene como trayectoria de contexto [/webapp-headers]
13-May-2024 18:11:43.022 INFO [http-nio-8080-exec-56] org.apache.catalina.startup.HostConfig.deployWAR Despliegue del archivo [E:\CURSOS\CursoJava\JavaEE\apache-tomcat-10.1.23\webapps\webapp-headers.war] de la aplicación web
13-May-2024 18:11:43.076 INFO [http-nio-8080-exec-56] org.apache.catalina.startup.HostConfig.deployWAR Deployment of web application archive [E:\CURSOS\CursoJava\JavaEE\apache-tomcat-10.1.23\webapps\webapp-headers.war] has finished in [55] ms
13-May-2024 18:12:06.728 INFO [http-nio-8080-exec-61] org.apache.catalina.startup.HostConfig.undeploy Repliegue (undeploy) de la aplicación web que tiene como trayectoria de contexto [/webapp-headers]
13-May-2024 18:12:06.753 INFO [http-nio-8080-exec-61] org.apache.catalina.startup.HostConfig.deployWAR Despliegue del archivo [E:\CURSOS\CursoJava\JavaEE\apache-tomcat-10.1.23\webapps\webapp-headers.war] de la aplicación web
13-May-2024 18:12:06.836 INFO [http-nio-8080-exec-61] org.apache.catalina.startup.HostConfig.deployWAR Deployment of web application archive [E:\CURSOS\CursoJava\JavaEE\apache-tomcat-10.1.23\webapps\webapp-headers.war] has finished in [82] ms
13-May-2024 18:16:06.921 INFO [http-nio-8080-exec-67] org.apache.catalina.startup.HostConfig.undeploy Repliegue (undeploy) de la aplicación web que tiene como trayectoria de contexto [/webapp-headers]
13-May-2024 18:16:06.952 INFO [http-nio-8080-exec-67] org.apache.catalina.startup.HostConfig.deployWAR Despliegue del archivo [E:\CURSOS\CursoJava\JavaEE\apache-tomcat-10.1.23\webapps\webapp-headers.war] de la aplicación web
13-May-2024 18:16:07.059 INFO [http-nio-8080-exec-67] org.apache.catalina.startup.HostConfig.deployWAR Deployment of web application archive [E:\CURSOS\CursoJava\JavaEE\apache-tomcat-10.1.23\webapps\webapp-headers.war] has finished in [107] ms
13-May-2024 18:19:22.194 INFO [http-nio-8080-exec-76] org.apache.catalina.startup.HostConfig.undeploy Repliegue (undeploy) de la aplicación web que tiene como trayectoria de contexto [/webapp-headers]
13-May-2024 18:19:22.216 INFO [http-nio-8080-exec-76] org.apache.catalina.startup.HostConfig.deployWAR Despliegue del archivo [E:\CURSOS\CursoJava\JavaEE\apache-tomcat-10.1.23\webapps\webapp-headers.war] de la aplicación web
13-May-2024 18:19:22.269 INFO [http-nio-8080-exec-76] org.apache.catalina.startup.HostConfig.deployWAR Deployment of web application archive [E:\CURSOS\CursoJava\JavaEE\apache-tomcat-10.1.23\webapps\webapp-headers.war] has finished in [53] ms
13-May-2024 18:22:46.672 INFO [http-nio-8080-exec-85] org.apache.catalina.startup.HostConfig.undeploy Repliegue (undeploy) de la aplicación web que tiene como trayectoria de contexto [/webapp-headers]
13-May-2024 18:22:46.690 INFO [http-nio-8080-exec-85] org.apache.catalina.startup.HostConfig.deployWAR Despliegue del archivo [E:\CURSOS\CursoJava\JavaEE\apache-tomcat-10.1.23\webapps\webapp-headers.war] de la aplicación web
13-May-2024 18:22:46.769 INFO [http-nio-8080-exec-85] org.apache.catalina.startup.HostConfig.deployWAR Deployment of web application archive [E:\CURSOS\CursoJava\JavaEE\apache-tomcat-10.1.23\webapps\webapp-headers.war] has finished in [79] ms
13-May-2024 18:22:56.211 INFO [http-nio-8080-exec-75] org.apache.catalina.startup.HostConfig.undeploy Repliegue (undeploy) de la aplicación web que tiene como trayectoria de contexto [/webapp-headers]
13-May-2024 18:22:56.227 INFO [http-nio-8080-exec-75] org.apache.catalina.startup.HostConfig.deployWAR Despliegue del archivo [E:\CURSOS\CursoJava\JavaEE\apache-tomcat-10.1.23\webapps\webapp-headers.war] de la aplicación web
13-May-2024 18:22:56.285 INFO [http-nio-8080-exec-75] org.apache.catalina.startup.HostConfig.deployWAR Deployment of web application archive [E:\CURSOS\CursoJava\JavaEE\apache-tomcat-10.1.23\webapps\webapp-headers.war] has finished in [58] ms
13-May-2024 18:25:23.457 INFO [http-nio-8080-exec-93] org.apache.catalina.startup.HostConfig.undeploy Repliegue (undeploy) de la aplicación web que tiene como trayectoria de contexto [/webapp-headers]
13-May-2024 18:25:23.470 INFO [http-nio-8080-exec-93] org.apache.catalina.startup.HostConfig.deployWAR Despliegue del archivo [E:\CURSOS\CursoJava\JavaEE\apache-tomcat-10.1.23\webapps\webapp-headers.war] de la aplicación web
13-May-2024 18:25:23.523 INFO [http-nio-8080-exec-93] org.apache.catalina.startup.HostConfig.deployWAR Deployment of web application archive [E:\CURSOS\CursoJava\JavaEE\apache-tomcat-10.1.23\webapps\webapp-headers.war] has finished in [53] ms
13-May-2024 18:25:55.535 INFO [http-nio-8080-exec-99] org.apache.catalina.startup.HostConfig.undeploy Repliegue (undeploy) de la aplicación web que tiene como trayectoria de contexto [/webapp-headers]
13-May-2024 18:25:55.549 INFO [http-nio-8080-exec-99] org.apache.catalina.startup.HostConfig.deployWAR Despliegue del archivo [E:\CURSOS\CursoJava\JavaEE\apache-tomcat-10.1.23\webapps\webapp-headers.war] de la aplicación web
13-May-2024 18:25:55.596 INFO [http-nio-8080-exec-99] org.apache.catalina.startup.HostConfig.deployWAR Deployment of web application archive [E:\CURSOS\CursoJava\JavaEE\apache-tomcat-10.1.23\webapps\webapp-headers.war] has finished in [47] ms
