26-May-2024 23:04:23.890 INFO [main] org.apache.catalina.startup.VersionLoggerListener.log Server version name:   Apache Tomcat/10.1.23
26-May-2024 23:04:23.898 INFO [main] org.apache.catalina.startup.VersionLoggerListener.log Server built:          Apr 16 2024 12:17:18 UTC
26-May-2024 23:04:23.898 INFO [main] org.apache.catalina.startup.VersionLoggerListener.log Server version number: 10.1.23.0
26-May-2024 23:04:23.899 INFO [main] org.apache.catalina.startup.VersionLoggerListener.log OS Name:               Windows 11
26-May-2024 23:04:23.899 INFO [main] org.apache.catalina.startup.VersionLoggerListener.log OS Version:            10.0
26-May-2024 23:04:23.899 INFO [main] org.apache.catalina.startup.VersionLoggerListener.log Architecture:          amd64
26-May-2024 23:04:23.900 INFO [main] org.apache.catalina.startup.VersionLoggerListener.log Java Home:             C:\Java\jdk-21.0.2
26-May-2024 23:04:23.900 INFO [main] org.apache.catalina.startup.VersionLoggerListener.log JVM Version:           21.0.2+13-58
26-May-2024 23:04:23.900 INFO [main] org.apache.catalina.startup.VersionLoggerListener.log JVM Vendor:            Oracle Corporation
26-May-2024 23:04:23.901 INFO [main] org.apache.catalina.startup.VersionLoggerListener.log CATALINA_BASE:         D:\CURSOS\Jakarta\JavaEE\apache-tomcat-10.1.23
26-May-2024 23:04:23.901 INFO [main] org.apache.catalina.startup.VersionLoggerListener.log CATALINA_HOME:         D:\CURSOS\Jakarta\JavaEE\apache-tomcat-10.1.23
26-May-2024 23:04:23.929 INFO [main] org.apache.catalina.startup.VersionLoggerListener.log Command line argument: -Djava.util.logging.config.file=D:\CURSOS\Jakarta\JavaEE\apache-tomcat-10.1.23\conf\logging.properties
26-May-2024 23:04:23.930 INFO [main] org.apache.catalina.startup.VersionLoggerListener.log Command line argument: -Djava.util.logging.manager=org.apache.juli.ClassLoaderLogManager
26-May-2024 23:04:23.930 INFO [main] org.apache.catalina.startup.VersionLoggerListener.log Command line argument: -Djdk.tls.ephemeralDHKeySize=2048
26-May-2024 23:04:23.930 INFO [main] org.apache.catalina.startup.VersionLoggerListener.log Command line argument: -Djava.protocol.handler.pkgs=org.apache.catalina.webresources
26-May-2024 23:04:23.930 INFO [main] org.apache.catalina.startup.VersionLoggerListener.log Command line argument: --add-opens=java.base/java.lang=ALL-UNNAMED
26-May-2024 23:04:23.930 INFO [main] org.apache.catalina.startup.VersionLoggerListener.log Command line argument: --add-opens=java.base/java.io=ALL-UNNAMED
26-May-2024 23:04:23.931 INFO [main] org.apache.catalina.startup.VersionLoggerListener.log Command line argument: --add-opens=java.base/java.util=ALL-UNNAMED
26-May-2024 23:04:23.931 INFO [main] org.apache.catalina.startup.VersionLoggerListener.log Command line argument: --add-opens=java.base/java.util.concurrent=ALL-UNNAMED
26-May-2024 23:04:23.931 INFO [main] org.apache.catalina.startup.VersionLoggerListener.log Command line argument: --add-opens=java.rmi/sun.rmi.transport=ALL-UNNAMED
26-May-2024 23:04:23.932 INFO [main] org.apache.catalina.startup.VersionLoggerListener.log Command line argument: -Dcatalina.base=D:\CURSOS\Jakarta\JavaEE\apache-tomcat-10.1.23
26-May-2024 23:04:23.932 INFO [main] org.apache.catalina.startup.VersionLoggerListener.log Command line argument: -Dcatalina.home=D:\CURSOS\Jakarta\JavaEE\apache-tomcat-10.1.23
26-May-2024 23:04:23.932 INFO [main] org.apache.catalina.startup.VersionLoggerListener.log Command line argument: -Djava.io.tmpdir=D:\CURSOS\Jakarta\JavaEE\apache-tomcat-10.1.23\temp
26-May-2024 23:04:23.938 INFO [main] org.apache.catalina.core.AprLifecycleListener.lifecycleEvent Loaded Apache Tomcat Native library [2.0.7] using APR version [1.7.4].
26-May-2024 23:04:23.963 INFO [main] org.apache.catalina.core.AprLifecycleListener.initializeSSL OpenSSL successfully initialized [OpenSSL 3.0.13 30 Jan 2024]
26-May-2024 23:04:24.317 INFO [main] org.apache.coyote.AbstractProtocol.init Initializing ProtocolHandler ["http-nio-8080"]
26-May-2024 23:04:24.357 INFO [main] org.apache.catalina.startup.Catalina.load Server initialization in [708] milliseconds
26-May-2024 23:04:24.477 INFO [main] org.apache.catalina.core.StandardService.startInternal Starting service [Catalina]
26-May-2024 23:04:24.477 INFO [main] org.apache.catalina.core.StandardEngine.startInternal Starting Servlet engine: [Apache Tomcat/10.1.23]
26-May-2024 23:04:24.511 INFO [main] org.apache.catalina.startup.HostConfig.deployWAR Deploying web application archive [D:\CURSOS\Jakarta\JavaEE\apache-tomcat-10.1.23\webapps\webapp-cookie.war]
26-May-2024 23:04:25.156 INFO [main] org.apache.jasper.servlet.TldScanner.scanJars At least one JAR was scanned for TLDs yet contained no TLDs. Enable debug logging for this logger for a complete list of JARs that were scanned but no TLDs were found in them. Skipping unneeded JARs during scanning can improve startup time and JSP compilation time.
26-May-2024 23:04:25.218 INFO [main] org.apache.catalina.startup.HostConfig.deployWAR Deployment of web application archive [D:\CURSOS\Jakarta\JavaEE\apache-tomcat-10.1.23\webapps\webapp-cookie.war] has finished in [706] ms
26-May-2024 23:04:25.220 INFO [main] org.apache.catalina.startup.HostConfig.deployWAR Deploying web application archive [D:\CURSOS\Jakarta\JavaEE\apache-tomcat-10.1.23\webapps\webapp-form-tarea2.war]
26-May-2024 23:04:25.252 INFO [main] org.apache.catalina.startup.HostConfig.deployWAR Deployment of web application archive [D:\CURSOS\Jakarta\JavaEE\apache-tomcat-10.1.23\webapps\webapp-form-tarea2.war] has finished in [32] ms
26-May-2024 23:04:25.254 INFO [main] org.apache.catalina.startup.HostConfig.deployWAR Deploying web application archive [D:\CURSOS\Jakarta\JavaEE\apache-tomcat-10.1.23\webapps\webapp-form.war]
26-May-2024 23:04:25.284 INFO [main] org.apache.catalina.startup.HostConfig.deployWAR Deployment of web application archive [D:\CURSOS\Jakarta\JavaEE\apache-tomcat-10.1.23\webapps\webapp-form.war] has finished in [29] ms
26-May-2024 23:04:25.286 INFO [main] org.apache.catalina.startup.HostConfig.deployWAR Deploying web application archive [D:\CURSOS\Jakarta\JavaEE\apache-tomcat-10.1.23\webapps\webapp-headers.war]
26-May-2024 23:04:25.497 INFO [main] org.apache.jasper.servlet.TldScanner.scanJars At least one JAR was scanned for TLDs yet contained no TLDs. Enable debug logging for this logger for a complete list of JARs that were scanned but no TLDs were found in them. Skipping unneeded JARs during scanning can improve startup time and JSP compilation time.
26-May-2024 23:04:25.500 INFO [main] org.apache.catalina.startup.HostConfig.deployWAR Deployment of web application archive [D:\CURSOS\Jakarta\JavaEE\apache-tomcat-10.1.23\webapps\webapp-headers.war] has finished in [213] ms
26-May-2024 23:04:25.502 INFO [main] org.apache.catalina.startup.HostConfig.deployWAR Deploying web application archive [D:\CURSOS\Jakarta\JavaEE\apache-tomcat-10.1.23\webapps\webapp-session.war]
26-May-2024 23:04:25.691 INFO [main] org.apache.jasper.servlet.TldScanner.scanJars At least one JAR was scanned for TLDs yet contained no TLDs. Enable debug logging for this logger for a complete list of JARs that were scanned but no TLDs were found in them. Skipping unneeded JARs during scanning can improve startup time and JSP compilation time.
26-May-2024 23:04:25.694 INFO [main] org.apache.catalina.startup.HostConfig.deployWAR Deployment of web application archive [D:\CURSOS\Jakarta\JavaEE\apache-tomcat-10.1.23\webapps\webapp-session.war] has finished in [192] ms
26-May-2024 23:04:25.695 INFO [main] org.apache.catalina.startup.HostConfig.deployWAR Deploying web application archive [D:\CURSOS\Jakarta\JavaEE\apache-tomcat-10.1.23\webapps\webapp.war]
26-May-2024 23:04:25.725 INFO [main] org.apache.catalina.startup.HostConfig.deployWAR Deployment of web application archive [D:\CURSOS\Jakarta\JavaEE\apache-tomcat-10.1.23\webapps\webapp.war] has finished in [30] ms
26-May-2024 23:04:25.726 INFO [main] org.apache.catalina.startup.HostConfig.deployDirectory Deploying web application directory [D:\CURSOS\Jakarta\JavaEE\apache-tomcat-10.1.23\webapps\docs]
26-May-2024 23:04:25.754 INFO [main] org.apache.catalina.startup.HostConfig.deployDirectory Deployment of web application directory [D:\CURSOS\Jakarta\JavaEE\apache-tomcat-10.1.23\webapps\docs] has finished in [28] ms
26-May-2024 23:04:25.754 INFO [main] org.apache.catalina.startup.HostConfig.deployDirectory Deploying web application directory [D:\CURSOS\Jakarta\JavaEE\apache-tomcat-10.1.23\webapps\examples]
26-May-2024 23:04:26.076 INFO [main] org.apache.catalina.startup.HostConfig.deployDirectory Deployment of web application directory [D:\CURSOS\Jakarta\JavaEE\apache-tomcat-10.1.23\webapps\examples] has finished in [322] ms
26-May-2024 23:04:26.077 INFO [main] org.apache.catalina.startup.HostConfig.deployDirectory Deploying web application directory [D:\CURSOS\Jakarta\JavaEE\apache-tomcat-10.1.23\webapps\host-manager]
26-May-2024 23:04:26.109 INFO [main] org.apache.catalina.startup.HostConfig.deployDirectory Deployment of web application directory [D:\CURSOS\Jakarta\JavaEE\apache-tomcat-10.1.23\webapps\host-manager] has finished in [33] ms
26-May-2024 23:04:26.110 INFO [main] org.apache.catalina.startup.HostConfig.deployDirectory Deploying web application directory [D:\CURSOS\Jakarta\JavaEE\apache-tomcat-10.1.23\webapps\manager]
26-May-2024 23:04:26.138 INFO [main] org.apache.catalina.startup.HostConfig.deployDirectory Deployment of web application directory [D:\CURSOS\Jakarta\JavaEE\apache-tomcat-10.1.23\webapps\manager] has finished in [27] ms
26-May-2024 23:04:26.138 INFO [main] org.apache.catalina.startup.HostConfig.deployDirectory Deploying web application directory [D:\CURSOS\Jakarta\JavaEE\apache-tomcat-10.1.23\webapps\ROOT]
26-May-2024 23:04:26.157 INFO [main] org.apache.catalina.startup.HostConfig.deployDirectory Deployment of web application directory [D:\CURSOS\Jakarta\JavaEE\apache-tomcat-10.1.23\webapps\ROOT] has finished in [19] ms
26-May-2024 23:04:26.164 INFO [main] org.apache.coyote.AbstractProtocol.start Starting ProtocolHandler ["http-nio-8080"]
26-May-2024 23:04:26.202 INFO [main] org.apache.catalina.startup.Catalina.start Server startup in [1842] milliseconds
26-May-2024 23:12:05.874 INFO [http-nio-8080-exec-8] org.apache.catalina.startup.HostConfig.undeploy Undeploying context [/webapp-session]
26-May-2024 23:12:05.896 INFO [http-nio-8080-exec-8] org.apache.catalina.startup.HostConfig.deployWAR Deploying web application archive [D:\CURSOS\Jakarta\JavaEE\apache-tomcat-10.1.23\webapps\webapp-session.war]
26-May-2024 23:12:06.102 INFO [http-nio-8080-exec-8] org.apache.jasper.servlet.TldScanner.scanJars At least one JAR was scanned for TLDs yet contained no TLDs. Enable debug logging for this logger for a complete list of JARs that were scanned but no TLDs were found in them. Skipping unneeded JARs during scanning can improve startup time and JSP compilation time.
26-May-2024 23:12:06.105 INFO [http-nio-8080-exec-8] org.apache.catalina.startup.HostConfig.deployWAR Deployment of web application archive [D:\CURSOS\Jakarta\JavaEE\apache-tomcat-10.1.23\webapps\webapp-session.war] has finished in [209] ms
26-May-2024 23:44:24.778 INFO [http-nio-8080-exec-20] org.apache.catalina.startup.HostConfig.undeploy Undeploying context [/webapp-session]
26-May-2024 23:44:24.790 INFO [http-nio-8080-exec-20] org.apache.catalina.startup.HostConfig.deployWAR Deploying web application archive [D:\CURSOS\Jakarta\JavaEE\apache-tomcat-10.1.23\webapps\webapp-session.war]
26-May-2024 23:44:24.976 INFO [http-nio-8080-exec-20] org.apache.jasper.servlet.TldScanner.scanJars At least one JAR was scanned for TLDs yet contained no TLDs. Enable debug logging for this logger for a complete list of JARs that were scanned but no TLDs were found in them. Skipping unneeded JARs during scanning can improve startup time and JSP compilation time.
26-May-2024 23:44:24.979 INFO [http-nio-8080-exec-20] org.apache.catalina.startup.HostConfig.deployWAR Deployment of web application archive [D:\CURSOS\Jakarta\JavaEE\apache-tomcat-10.1.23\webapps\webapp-session.war] has finished in [189] ms
26-May-2024 23:44:28.529 INFO [Thread-1] org.apache.coyote.AbstractProtocol.pause Pausing ProtocolHandler ["http-nio-8080"]
26-May-2024 23:44:28.533 INFO [Thread-1] org.apache.catalina.core.StandardService.stopInternal Stopping service [Catalina]
26-May-2024 23:44:28.555 INFO [Thread-1] org.apache.coyote.AbstractProtocol.stop Stopping ProtocolHandler ["http-nio-8080"]
26-May-2024 23:44:28.565 INFO [Thread-1] org.apache.coyote.AbstractProtocol.destroy Destroying ProtocolHandler ["http-nio-8080"]
26-May-2024 23:44:34.214 INFO [main] org.apache.catalina.startup.VersionLoggerListener.log Server version name:   Apache Tomcat/10.1.23
26-May-2024 23:44:34.217 INFO [main] org.apache.catalina.startup.VersionLoggerListener.log Server built:          Apr 16 2024 12:17:18 UTC
26-May-2024 23:44:34.218 INFO [main] org.apache.catalina.startup.VersionLoggerListener.log Server version number: 10.1.23.0
26-May-2024 23:44:34.218 INFO [main] org.apache.catalina.startup.VersionLoggerListener.log OS Name:               Windows 11
26-May-2024 23:44:34.219 INFO [main] org.apache.catalina.startup.VersionLoggerListener.log OS Version:            10.0
26-May-2024 23:44:34.219 INFO [main] org.apache.catalina.startup.VersionLoggerListener.log Architecture:          amd64
26-May-2024 23:44:34.219 INFO [main] org.apache.catalina.startup.VersionLoggerListener.log Java Home:             C:\Java\jdk-21.0.2
26-May-2024 23:44:34.219 INFO [main] org.apache.catalina.startup.VersionLoggerListener.log JVM Version:           21.0.2+13-58
26-May-2024 23:44:34.219 INFO [main] org.apache.catalina.startup.VersionLoggerListener.log JVM Vendor:            Oracle Corporation
26-May-2024 23:44:34.219 INFO [main] org.apache.catalina.startup.VersionLoggerListener.log CATALINA_BASE:         D:\CURSOS\Jakarta\JavaEE\apache-tomcat-10.1.23
26-May-2024 23:44:34.220 INFO [main] org.apache.catalina.startup.VersionLoggerListener.log CATALINA_HOME:         D:\CURSOS\Jakarta\JavaEE\apache-tomcat-10.1.23
26-May-2024 23:44:34.231 INFO [main] org.apache.catalina.startup.VersionLoggerListener.log Command line argument: -Djava.util.logging.config.file=D:\CURSOS\Jakarta\JavaEE\apache-tomcat-10.1.23\conf\logging.properties
26-May-2024 23:44:34.232 INFO [main] org.apache.catalina.startup.VersionLoggerListener.log Command line argument: -Djava.util.logging.manager=org.apache.juli.ClassLoaderLogManager
26-May-2024 23:44:34.232 INFO [main] org.apache.catalina.startup.VersionLoggerListener.log Command line argument: -Djdk.tls.ephemeralDHKeySize=2048
26-May-2024 23:44:34.232 INFO [main] org.apache.catalina.startup.VersionLoggerListener.log Command line argument: -Djava.protocol.handler.pkgs=org.apache.catalina.webresources
26-May-2024 23:44:34.232 INFO [main] org.apache.catalina.startup.VersionLoggerListener.log Command line argument: --add-opens=java.base/java.lang=ALL-UNNAMED
26-May-2024 23:44:34.232 INFO [main] org.apache.catalina.startup.VersionLoggerListener.log Command line argument: --add-opens=java.base/java.io=ALL-UNNAMED
26-May-2024 23:44:34.233 INFO [main] org.apache.catalina.startup.VersionLoggerListener.log Command line argument: --add-opens=java.base/java.util=ALL-UNNAMED
26-May-2024 23:44:34.233 INFO [main] org.apache.catalina.startup.VersionLoggerListener.log Command line argument: --add-opens=java.base/java.util.concurrent=ALL-UNNAMED
26-May-2024 23:44:34.233 INFO [main] org.apache.catalina.startup.VersionLoggerListener.log Command line argument: --add-opens=java.rmi/sun.rmi.transport=ALL-UNNAMED
26-May-2024 23:44:34.233 INFO [main] org.apache.catalina.startup.VersionLoggerListener.log Command line argument: -Dcatalina.base=D:\CURSOS\Jakarta\JavaEE\apache-tomcat-10.1.23
26-May-2024 23:44:34.234 INFO [main] org.apache.catalina.startup.VersionLoggerListener.log Command line argument: -Dcatalina.home=D:\CURSOS\Jakarta\JavaEE\apache-tomcat-10.1.23
26-May-2024 23:44:34.234 INFO [main] org.apache.catalina.startup.VersionLoggerListener.log Command line argument: -Djava.io.tmpdir=D:\CURSOS\Jakarta\JavaEE\apache-tomcat-10.1.23\temp
26-May-2024 23:44:34.236 INFO [main] org.apache.catalina.core.AprLifecycleListener.lifecycleEvent Loaded Apache Tomcat Native library [2.0.7] using APR version [1.7.4].
26-May-2024 23:44:34.242 INFO [main] org.apache.catalina.core.AprLifecycleListener.initializeSSL OpenSSL successfully initialized [OpenSSL 3.0.13 30 Jan 2024]
26-May-2024 23:44:34.497 INFO [main] org.apache.coyote.AbstractProtocol.init Initializing ProtocolHandler ["http-nio-8080"]
26-May-2024 23:44:34.526 INFO [main] org.apache.catalina.startup.Catalina.load Server initialization in [481] milliseconds
26-May-2024 23:44:34.638 INFO [main] org.apache.catalina.core.StandardService.startInternal Starting service [Catalina]
26-May-2024 23:44:34.639 INFO [main] org.apache.catalina.core.StandardEngine.startInternal Starting Servlet engine: [Apache Tomcat/10.1.23]
26-May-2024 23:44:34.677 INFO [main] org.apache.catalina.startup.HostConfig.deployWAR Deploying web application archive [D:\CURSOS\Jakarta\JavaEE\apache-tomcat-10.1.23\webapps\webapp-cookie.war]
26-May-2024 23:44:35.291 INFO [main] org.apache.jasper.servlet.TldScanner.scanJars At least one JAR was scanned for TLDs yet contained no TLDs. Enable debug logging for this logger for a complete list of JARs that were scanned but no TLDs were found in them. Skipping unneeded JARs during scanning can improve startup time and JSP compilation time.
26-May-2024 23:44:35.348 INFO [main] org.apache.catalina.startup.HostConfig.deployWAR Deployment of web application archive [D:\CURSOS\Jakarta\JavaEE\apache-tomcat-10.1.23\webapps\webapp-cookie.war] has finished in [671] ms
26-May-2024 23:44:35.349 INFO [main] org.apache.catalina.startup.HostConfig.deployWAR Deploying web application archive [D:\CURSOS\Jakarta\JavaEE\apache-tomcat-10.1.23\webapps\webapp-form-tarea2.war]
26-May-2024 23:44:35.380 INFO [main] org.apache.catalina.startup.HostConfig.deployWAR Deployment of web application archive [D:\CURSOS\Jakarta\JavaEE\apache-tomcat-10.1.23\webapps\webapp-form-tarea2.war] has finished in [31] ms
26-May-2024 23:44:35.381 INFO [main] org.apache.catalina.startup.HostConfig.deployWAR Deploying web application archive [D:\CURSOS\Jakarta\JavaEE\apache-tomcat-10.1.23\webapps\webapp-form.war]
26-May-2024 23:44:35.413 INFO [main] org.apache.catalina.startup.HostConfig.deployWAR Deployment of web application archive [D:\CURSOS\Jakarta\JavaEE\apache-tomcat-10.1.23\webapps\webapp-form.war] has finished in [32] ms
26-May-2024 23:44:35.414 INFO [main] org.apache.catalina.startup.HostConfig.deployWAR Deploying web application archive [D:\CURSOS\Jakarta\JavaEE\apache-tomcat-10.1.23\webapps\webapp-headers.war]
26-May-2024 23:44:35.609 INFO [main] org.apache.jasper.servlet.TldScanner.scanJars At least one JAR was scanned for TLDs yet contained no TLDs. Enable debug logging for this logger for a complete list of JARs that were scanned but no TLDs were found in them. Skipping unneeded JARs during scanning can improve startup time and JSP compilation time.
26-May-2024 23:44:35.614 INFO [main] org.apache.catalina.startup.HostConfig.deployWAR Deployment of web application archive [D:\CURSOS\Jakarta\JavaEE\apache-tomcat-10.1.23\webapps\webapp-headers.war] has finished in [200] ms
26-May-2024 23:44:35.616 INFO [main] org.apache.catalina.startup.HostConfig.deployWAR Deploying web application archive [D:\CURSOS\Jakarta\JavaEE\apache-tomcat-10.1.23\webapps\webapp-session.war]
26-May-2024 23:44:35.812 INFO [main] org.apache.jasper.servlet.TldScanner.scanJars At least one JAR was scanned for TLDs yet contained no TLDs. Enable debug logging for this logger for a complete list of JARs that were scanned but no TLDs were found in them. Skipping unneeded JARs during scanning can improve startup time and JSP compilation time.
26-May-2024 23:44:35.816 INFO [main] org.apache.catalina.startup.HostConfig.deployWAR Deployment of web application archive [D:\CURSOS\Jakarta\JavaEE\apache-tomcat-10.1.23\webapps\webapp-session.war] has finished in [200] ms
26-May-2024 23:44:35.817 INFO [main] org.apache.catalina.startup.HostConfig.deployWAR Deploying web application archive [D:\CURSOS\Jakarta\JavaEE\apache-tomcat-10.1.23\webapps\webapp.war]
26-May-2024 23:44:35.843 INFO [main] org.apache.catalina.startup.HostConfig.deployWAR Deployment of web application archive [D:\CURSOS\Jakarta\JavaEE\apache-tomcat-10.1.23\webapps\webapp.war] has finished in [26] ms
26-May-2024 23:44:35.844 INFO [main] org.apache.catalina.startup.HostConfig.deployDirectory Deploying web application directory [D:\CURSOS\Jakarta\JavaEE\apache-tomcat-10.1.23\webapps\docs]
26-May-2024 23:44:35.871 INFO [main] org.apache.catalina.startup.HostConfig.deployDirectory Deployment of web application directory [D:\CURSOS\Jakarta\JavaEE\apache-tomcat-10.1.23\webapps\docs] has finished in [27] ms
26-May-2024 23:44:35.871 INFO [main] org.apache.catalina.startup.HostConfig.deployDirectory Deploying web application directory [D:\CURSOS\Jakarta\JavaEE\apache-tomcat-10.1.23\webapps\examples]
26-May-2024 23:44:36.141 INFO [main] org.apache.catalina.startup.HostConfig.deployDirectory Deployment of web application directory [D:\CURSOS\Jakarta\JavaEE\apache-tomcat-10.1.23\webapps\examples] has finished in [270] ms
26-May-2024 23:44:36.141 INFO [main] org.apache.catalina.startup.HostConfig.deployDirectory Deploying web application directory [D:\CURSOS\Jakarta\JavaEE\apache-tomcat-10.1.23\webapps\host-manager]
26-May-2024 23:44:36.171 INFO [main] org.apache.catalina.startup.HostConfig.deployDirectory Deployment of web application directory [D:\CURSOS\Jakarta\JavaEE\apache-tomcat-10.1.23\webapps\host-manager] has finished in [29] ms
26-May-2024 23:44:36.171 INFO [main] org.apache.catalina.startup.HostConfig.deployDirectory Deploying web application directory [D:\CURSOS\Jakarta\JavaEE\apache-tomcat-10.1.23\webapps\manager]
26-May-2024 23:44:36.198 INFO [main] org.apache.catalina.startup.HostConfig.deployDirectory Deployment of web application directory [D:\CURSOS\Jakarta\JavaEE\apache-tomcat-10.1.23\webapps\manager] has finished in [27] ms
26-May-2024 23:44:36.199 INFO [main] org.apache.catalina.startup.HostConfig.deployDirectory Deploying web application directory [D:\CURSOS\Jakarta\JavaEE\apache-tomcat-10.1.23\webapps\ROOT]
26-May-2024 23:44:36.220 INFO [main] org.apache.catalina.startup.HostConfig.deployDirectory Deployment of web application directory [D:\CURSOS\Jakarta\JavaEE\apache-tomcat-10.1.23\webapps\ROOT] has finished in [20] ms
26-May-2024 23:44:36.230 INFO [main] org.apache.coyote.AbstractProtocol.start Starting ProtocolHandler ["http-nio-8080"]
26-May-2024 23:44:36.257 INFO [main] org.apache.catalina.startup.Catalina.start Server startup in [1729] milliseconds
26-May-2024 23:44:42.132 INFO [http-nio-8080-exec-1] org.apache.catalina.startup.HostConfig.undeploy Undeploying context [/webapp-session]
26-May-2024 23:44:42.155 INFO [http-nio-8080-exec-1] org.apache.catalina.startup.HostConfig.deployWAR Deploying web application archive [D:\CURSOS\Jakarta\JavaEE\apache-tomcat-10.1.23\webapps\webapp-session.war]
26-May-2024 23:44:42.386 INFO [http-nio-8080-exec-1] org.apache.jasper.servlet.TldScanner.scanJars At least one JAR was scanned for TLDs yet contained no TLDs. Enable debug logging for this logger for a complete list of JARs that were scanned but no TLDs were found in them. Skipping unneeded JARs during scanning can improve startup time and JSP compilation time.
26-May-2024 23:44:42.390 INFO [http-nio-8080-exec-1] org.apache.catalina.startup.HostConfig.deployWAR Deployment of web application archive [D:\CURSOS\Jakarta\JavaEE\apache-tomcat-10.1.23\webapps\webapp-session.war] has finished in [234] ms
