05-May-2024 14:27:44.212 INFO [main] org.apache.catalina.startup.VersionLoggerListener.log Nombre de la versión del servidor: Apache Tomcat/10.1.23
05-May-2024 14:27:44.224 INFO [main] org.apache.catalina.startup.VersionLoggerListener.log Server built:                      Apr 16 2024 12:17:18 UTC
05-May-2024 14:27:44.224 INFO [main] org.apache.catalina.startup.VersionLoggerListener.log Número de versión de servidor:     10.1.23.0
05-May-2024 14:27:44.224 INFO [main] org.apache.catalina.startup.VersionLoggerListener.log OS Name:                           Windows 11
05-May-2024 14:27:44.224 INFO [main] org.apache.catalina.startup.VersionLoggerListener.log Versión de Systema Operativo:      10.0
05-May-2024 14:27:44.225 INFO [main] org.apache.catalina.startup.VersionLoggerListener.log Arquitectura:                      amd64
05-May-2024 14:27:44.225 INFO [main] org.apache.catalina.startup.VersionLoggerListener.log Java Home:                         D:\Archivos de Programa\Java\jdk-21.0.2
05-May-2024 14:27:44.225 INFO [main] org.apache.catalina.startup.VersionLoggerListener.log JVM Version:                       21.0.2+13-58
05-May-2024 14:27:44.225 INFO [main] org.apache.catalina.startup.VersionLoggerListener.log Vededor JVM:                       Oracle Corporation
05-May-2024 14:27:44.225 INFO [main] org.apache.catalina.startup.VersionLoggerListener.log CATALINA_BASE:                     E:\CURSOS\CursoJava\JavaEE\apache-tomcat-10.1.23
05-May-2024 14:27:44.226 INFO [main] org.apache.catalina.startup.VersionLoggerListener.log CATALINA_HOME:                     E:\CURSOS\CursoJava\JavaEE\apache-tomcat-10.1.23
05-May-2024 14:27:44.304 INFO [main] org.apache.catalina.startup.VersionLoggerListener.log Command line argument:             -Djava.util.logging.config.file=E:\CURSOS\CursoJava\JavaEE\apache-tomcat-10.1.23\conf\logging.properties
05-May-2024 14:27:44.304 INFO [main] org.apache.catalina.startup.VersionLoggerListener.log Command line argument:             -Djava.util.logging.manager=org.apache.juli.ClassLoaderLogManager
05-May-2024 14:27:44.304 INFO [main] org.apache.catalina.startup.VersionLoggerListener.log Command line argument:             -Djdk.tls.ephemeralDHKeySize=2048
05-May-2024 14:27:44.304 INFO [main] org.apache.catalina.startup.VersionLoggerListener.log Command line argument:             -Djava.protocol.handler.pkgs=org.apache.catalina.webresources
05-May-2024 14:27:44.305 INFO [main] org.apache.catalina.startup.VersionLoggerListener.log Command line argument:             --add-opens=java.base/java.lang=ALL-UNNAMED
05-May-2024 14:27:44.305 INFO [main] org.apache.catalina.startup.VersionLoggerListener.log Command line argument:             --add-opens=java.base/java.io=ALL-UNNAMED
05-May-2024 14:27:44.305 INFO [main] org.apache.catalina.startup.VersionLoggerListener.log Command line argument:             --add-opens=java.base/java.util=ALL-UNNAMED
05-May-2024 14:27:44.306 INFO [main] org.apache.catalina.startup.VersionLoggerListener.log Command line argument:             --add-opens=java.base/java.util.concurrent=ALL-UNNAMED
05-May-2024 14:27:44.307 INFO [main] org.apache.catalina.startup.VersionLoggerListener.log Command line argument:             --add-opens=java.rmi/sun.rmi.transport=ALL-UNNAMED
05-May-2024 14:27:44.308 INFO [main] org.apache.catalina.startup.VersionLoggerListener.log Command line argument:             -Dcatalina.base=E:\CURSOS\CursoJava\JavaEE\apache-tomcat-10.1.23
05-May-2024 14:27:44.309 INFO [main] org.apache.catalina.startup.VersionLoggerListener.log Command line argument:             -Dcatalina.home=E:\CURSOS\CursoJava\JavaEE\apache-tomcat-10.1.23
05-May-2024 14:27:44.309 INFO [main] org.apache.catalina.startup.VersionLoggerListener.log Command line argument:             -Djava.io.tmpdir=E:\CURSOS\CursoJava\JavaEE\apache-tomcat-10.1.23\temp
05-May-2024 14:27:44.377 INFO [main] org.apache.catalina.core.AprLifecycleListener.lifecycleEvent Cargada la biblioteca nativa APR de Apache Tomcat [2.0.7] con la versión APR [1.7.4].
05-May-2024 14:27:44.416 INFO [main] org.apache.catalina.core.AprLifecycleListener.initializeSSL OpenSSL inicializado correctamente [OpenSSL 3.0.13 30 Jan 2024]
05-May-2024 14:27:45.095 INFO [main] org.apache.coyote.AbstractProtocol.init Inicializando el manejador de protocolo ["http-nio-8080"]

05-May-2024 14:27:45.162 INFO [main] org.apache.catalina.startup.Catalina.load Server initialization in [1458] milliseconds
05-May-2024 14:27:45.243 INFO [main] org.apache.catalina.core.StandardService.startInternal Arrancando servicio [Catalina]
05-May-2024 14:27:45.243 INFO [main] org.apache.catalina.core.StandardEngine.startInternal Starting Servlet engine: [Apache Tomcat/10.1.23]
05-May-2024 14:27:45.375 INFO [main] org.apache.catalina.startup.HostConfig.deployWAR Despliegue del archivo [E:\CURSOS\CursoJava\JavaEE\apache-tomcat-10.1.23\webapps\webapp-form.war] de la aplicación web
05-May-2024 14:27:46.257 INFO [main] org.apache.catalina.startup.HostConfig.deployWAR Deployment of web application archive [E:\CURSOS\CursoJava\JavaEE\apache-tomcat-10.1.23\webapps\webapp-form.war] has finished in [871] ms
05-May-2024 14:27:46.311 INFO [main] org.apache.catalina.startup.HostConfig.deployWAR Despliegue del archivo [E:\CURSOS\CursoJava\JavaEE\apache-tomcat-10.1.23\webapps\webapp.war] de la aplicación web
05-May-2024 14:27:46.378 INFO [main] org.apache.catalina.startup.HostConfig.deployWAR Deployment of web application archive [E:\CURSOS\CursoJava\JavaEE\apache-tomcat-10.1.23\webapps\webapp.war] has finished in [66] ms
05-May-2024 14:27:46.379 INFO [main] org.apache.catalina.startup.HostConfig.deployDirectory Desplegando el directorio [E:\CURSOS\CursoJava\JavaEE\apache-tomcat-10.1.23\webapps\docs] de la aplicación web
05-May-2024 14:27:46.463 INFO [main] org.apache.catalina.startup.HostConfig.deployDirectory Deployment of web application directory [E:\CURSOS\CursoJava\JavaEE\apache-tomcat-10.1.23\webapps\docs] has finished in [84] ms
05-May-2024 14:27:46.463 INFO [main] org.apache.catalina.startup.HostConfig.deployDirectory Desplegando el directorio [E:\CURSOS\CursoJava\JavaEE\apache-tomcat-10.1.23\webapps\examples] de la aplicación web
05-May-2024 14:27:48.233 INFO [main] org.apache.catalina.startup.HostConfig.deployDirectory Deployment of web application directory [E:\CURSOS\CursoJava\JavaEE\apache-tomcat-10.1.23\webapps\examples] has finished in [1.770] ms
05-May-2024 14:27:48.243 INFO [main] org.apache.catalina.startup.HostConfig.deployDirectory Desplegando el directorio [E:\CURSOS\CursoJava\JavaEE\apache-tomcat-10.1.23\webapps\host-manager] de la aplicación web
05-May-2024 14:27:48.310 INFO [main] org.apache.catalina.startup.HostConfig.deployDirectory Deployment of web application directory [E:\CURSOS\CursoJava\JavaEE\apache-tomcat-10.1.23\webapps\host-manager] has finished in [66] ms
05-May-2024 14:27:48.310 INFO [main] org.apache.catalina.startup.HostConfig.deployDirectory Desplegando el directorio [E:\CURSOS\CursoJava\JavaEE\apache-tomcat-10.1.23\webapps\manager] de la aplicación web
05-May-2024 14:27:48.377 INFO [main] org.apache.catalina.startup.HostConfig.deployDirectory Deployment of web application directory [E:\CURSOS\CursoJava\JavaEE\apache-tomcat-10.1.23\webapps\manager] has finished in [66] ms
05-May-2024 14:27:48.377 INFO [main] org.apache.catalina.startup.HostConfig.deployDirectory Desplegando el directorio [E:\CURSOS\CursoJava\JavaEE\apache-tomcat-10.1.23\webapps\ROOT] de la aplicación web
05-May-2024 14:27:48.425 INFO [main] org.apache.catalina.startup.HostConfig.deployDirectory Deployment of web application directory [E:\CURSOS\CursoJava\JavaEE\apache-tomcat-10.1.23\webapps\ROOT] has finished in [48] ms
05-May-2024 14:27:48.432 INFO [main] org.apache.coyote.AbstractProtocol.start Starting ProtocolHandler ["http-nio-8080"]
05-May-2024 14:27:48.494 INFO [main] org.apache.catalina.startup.Catalina.start Server startup in [3330] milliseconds
05-May-2024 14:28:38.035 INFO [http-nio-8080-exec-1] org.apache.catalina.startup.HostConfig.undeploy Repliegue (undeploy) de la aplicación web que tiene como trayectoria de contexto [/webapp-form]
05-May-2024 14:28:38.104 INFO [http-nio-8080-exec-1] org.apache.catalina.startup.HostConfig.deployWAR Despliegue del archivo [E:\CURSOS\CursoJava\JavaEE\apache-tomcat-10.1.23\webapps\webapp-form.war] de la aplicación web
05-May-2024 14:28:38.158 INFO [http-nio-8080-exec-1] org.apache.catalina.startup.HostConfig.deployWAR Deployment of web application archive [E:\CURSOS\CursoJava\JavaEE\apache-tomcat-10.1.23\webapps\webapp-form.war] has finished in [53] ms
05-May-2024 14:48:45.550 INFO [http-nio-8080-exec-12] org.apache.catalina.startup.HostConfig.undeploy Repliegue (undeploy) de la aplicación web que tiene como trayectoria de contexto [/webapp-form]
05-May-2024 14:48:45.568 INFO [http-nio-8080-exec-12] org.apache.catalina.startup.HostConfig.deployWAR Despliegue del archivo [E:\CURSOS\CursoJava\JavaEE\apache-tomcat-10.1.23\webapps\webapp-form.war] de la aplicación web
05-May-2024 14:48:45.630 INFO [http-nio-8080-exec-12] org.apache.catalina.startup.HostConfig.deployWAR Deployment of web application archive [E:\CURSOS\CursoJava\JavaEE\apache-tomcat-10.1.23\webapps\webapp-form.war] has finished in [62] ms
05-May-2024 14:55:30.104 INFO [http-nio-8080-exec-21] org.apache.catalina.startup.HostConfig.undeploy Repliegue (undeploy) de la aplicación web que tiene como trayectoria de contexto [/webapp-form]
05-May-2024 14:55:30.123 INFO [http-nio-8080-exec-21] org.apache.catalina.startup.HostConfig.deployWAR Despliegue del archivo [E:\CURSOS\CursoJava\JavaEE\apache-tomcat-10.1.23\webapps\webapp-form.war] de la aplicación web
05-May-2024 14:55:30.200 INFO [http-nio-8080-exec-21] org.apache.catalina.startup.HostConfig.deployWAR Deployment of web application archive [E:\CURSOS\CursoJava\JavaEE\apache-tomcat-10.1.23\webapps\webapp-form.war] has finished in [76] ms
05-May-2024 15:06:52.726 INFO [http-nio-8080-exec-31] org.apache.catalina.startup.HostConfig.undeploy Repliegue (undeploy) de la aplicación web que tiene como trayectoria de contexto [/webapp-form]
05-May-2024 15:06:52.744 INFO [http-nio-8080-exec-31] org.apache.catalina.startup.HostConfig.deployWAR Despliegue del archivo [E:\CURSOS\CursoJava\JavaEE\apache-tomcat-10.1.23\webapps\webapp-form.war] de la aplicación web
05-May-2024 15:06:52.808 INFO [http-nio-8080-exec-31] org.apache.catalina.startup.HostConfig.deployWAR Deployment of web application archive [E:\CURSOS\CursoJava\JavaEE\apache-tomcat-10.1.23\webapps\webapp-form.war] has finished in [64] ms
05-May-2024 15:08:05.841 INFO [http-nio-8080-exec-41] org.apache.catalina.startup.HostConfig.undeploy Repliegue (undeploy) de la aplicación web que tiene como trayectoria de contexto [/webapp-form]
05-May-2024 15:08:05.853 INFO [http-nio-8080-exec-41] org.apache.catalina.startup.HostConfig.deployWAR Despliegue del archivo [E:\CURSOS\CursoJava\JavaEE\apache-tomcat-10.1.23\webapps\webapp-form.war] de la aplicación web
05-May-2024 15:08:05.901 INFO [http-nio-8080-exec-41] org.apache.catalina.startup.HostConfig.deployWAR Deployment of web application archive [E:\CURSOS\CursoJava\JavaEE\apache-tomcat-10.1.23\webapps\webapp-form.war] has finished in [47] ms
05-May-2024 15:14:41.030 INFO [http-nio-8080-exec-44] org.apache.catalina.startup.HostConfig.undeploy Repliegue (undeploy) de la aplicación web que tiene como trayectoria de contexto [/webapp-form]
05-May-2024 15:14:41.048 INFO [http-nio-8080-exec-44] org.apache.catalina.startup.HostConfig.deployWAR Despliegue del archivo [E:\CURSOS\CursoJava\JavaEE\apache-tomcat-10.1.23\webapps\webapp-form.war] de la aplicación web
05-May-2024 15:14:41.095 INFO [http-nio-8080-exec-44] org.apache.catalina.startup.HostConfig.deployWAR Deployment of web application archive [E:\CURSOS\CursoJava\JavaEE\apache-tomcat-10.1.23\webapps\webapp-form.war] has finished in [47] ms
05-May-2024 15:29:07.067 INFO [http-nio-8080-exec-53] org.apache.catalina.startup.HostConfig.undeploy Repliegue (undeploy) de la aplicación web que tiene como trayectoria de contexto [/webapp-form]
05-May-2024 15:29:07.086 INFO [http-nio-8080-exec-53] org.apache.catalina.startup.HostConfig.deployWAR Despliegue del archivo [E:\CURSOS\CursoJava\JavaEE\apache-tomcat-10.1.23\webapps\webapp-form.war] de la aplicación web
05-May-2024 15:29:07.159 INFO [http-nio-8080-exec-53] org.apache.catalina.startup.HostConfig.deployWAR Deployment of web application archive [E:\CURSOS\CursoJava\JavaEE\apache-tomcat-10.1.23\webapps\webapp-form.war] has finished in [72] ms
05-May-2024 15:37:12.120 INFO [http-nio-8080-exec-63] org.apache.catalina.startup.HostConfig.undeploy Repliegue (undeploy) de la aplicación web que tiene como trayectoria de contexto [/webapp-form]
05-May-2024 15:37:12.149 INFO [http-nio-8080-exec-63] org.apache.catalina.startup.HostConfig.deployWAR Despliegue del archivo [E:\CURSOS\CursoJava\JavaEE\apache-tomcat-10.1.23\webapps\webapp-form.war] de la aplicación web
05-May-2024 15:37:12.258 INFO [http-nio-8080-exec-63] org.apache.catalina.startup.HostConfig.deployWAR Deployment of web application archive [E:\CURSOS\CursoJava\JavaEE\apache-tomcat-10.1.23\webapps\webapp-form.war] has finished in [109] ms
05-May-2024 15:40:12.979 INFO [http-nio-8080-exec-73] org.apache.catalina.startup.HostConfig.undeploy Repliegue (undeploy) de la aplicación web que tiene como trayectoria de contexto [/webapp-form]
05-May-2024 15:40:12.993 INFO [http-nio-8080-exec-73] org.apache.catalina.startup.HostConfig.deployWAR Despliegue del archivo [E:\CURSOS\CursoJava\JavaEE\apache-tomcat-10.1.23\webapps\webapp-form.war] de la aplicación web
05-May-2024 15:40:13.066 INFO [http-nio-8080-exec-73] org.apache.catalina.startup.HostConfig.deployWAR Deployment of web application archive [E:\CURSOS\CursoJava\JavaEE\apache-tomcat-10.1.23\webapps\webapp-form.war] has finished in [72] ms
05-May-2024 15:42:15.364 INFO [http-nio-8080-exec-81] org.apache.catalina.startup.HostConfig.undeploy Repliegue (undeploy) de la aplicación web que tiene como trayectoria de contexto [/webapp-form]
05-May-2024 15:42:15.379 INFO [http-nio-8080-exec-81] org.apache.catalina.startup.HostConfig.deployWAR Despliegue del archivo [E:\CURSOS\CursoJava\JavaEE\apache-tomcat-10.1.23\webapps\webapp-form.war] de la aplicación web
05-May-2024 15:42:15.594 INFO [http-nio-8080-exec-81] org.apache.catalina.startup.HostConfig.deployWAR Deployment of web application archive [E:\CURSOS\CursoJava\JavaEE\apache-tomcat-10.1.23\webapps\webapp-form.war] has finished in [214] ms
05-May-2024 16:03:24.011 INFO [Thread-1] org.apache.coyote.AbstractProtocol.pause Pausing ProtocolHandler ["http-nio-8080"]
05-May-2024 16:03:24.032 INFO [Thread-1] org.apache.catalina.core.StandardService.stopInternal Parando servicio [Catalina]
05-May-2024 16:03:24.061 INFO [Thread-1] org.apache.coyote.AbstractProtocol.stop Stopping ProtocolHandler ["http-nio-8080"]
05-May-2024 16:03:24.082 INFO [Thread-1] org.apache.coyote.AbstractProtocol.destroy Destroying ProtocolHandler ["http-nio-8080"]
