03-May-2024 12:38:58.071 INFO [main] org.apache.catalina.startup.VersionLoggerListener.log Nombre de la versión del servidor: Apache Tomcat/10.1.23
03-May-2024 12:38:58.075 INFO [main] org.apache.catalina.startup.VersionLoggerListener.log Server built:                      Apr 16 2024 12:17:18 UTC
03-May-2024 12:38:58.076 INFO [main] org.apache.catalina.startup.VersionLoggerListener.log Número de versión de servidor:     10.1.23.0
03-May-2024 12:38:58.076 INFO [main] org.apache.catalina.startup.VersionLoggerListener.log OS Name:                           Windows 11
03-May-2024 12:38:58.076 INFO [main] org.apache.catalina.startup.VersionLoggerListener.log Versión de Systema Operativo:      10.0
03-May-2024 12:38:58.076 INFO [main] org.apache.catalina.startup.VersionLoggerListener.log Arquitectura:                      amd64
03-May-2024 12:38:58.076 INFO [main] org.apache.catalina.startup.VersionLoggerListener.log Java Home:                         D:\Archivos de Programa\Java\jdk-21.0.2
03-May-2024 12:38:58.077 INFO [main] org.apache.catalina.startup.VersionLoggerListener.log JVM Version:                       21.0.2+13-58
03-May-2024 12:38:58.077 INFO [main] org.apache.catalina.startup.VersionLoggerListener.log Vededor JVM:                       Oracle Corporation
03-May-2024 12:38:58.078 INFO [main] org.apache.catalina.startup.VersionLoggerListener.log CATALINA_BASE:                     E:\CURSOS\CursoJava\JavaEE\apache-tomcat-10.1.23
03-May-2024 12:38:58.078 INFO [main] org.apache.catalina.startup.VersionLoggerListener.log CATALINA_HOME:                     E:\CURSOS\CursoJava\JavaEE\apache-tomcat-10.1.23
03-May-2024 12:38:58.146 INFO [main] org.apache.catalina.startup.VersionLoggerListener.log Command line argument:             -Djava.util.logging.config.file=E:\CURSOS\CursoJava\JavaEE\apache-tomcat-10.1.23\conf\logging.properties
03-May-2024 12:38:58.147 INFO [main] org.apache.catalina.startup.VersionLoggerListener.log Command line argument:             -Djava.util.logging.manager=org.apache.juli.ClassLoaderLogManager
03-May-2024 12:38:58.147 INFO [main] org.apache.catalina.startup.VersionLoggerListener.log Command line argument:             -Djdk.tls.ephemeralDHKeySize=2048
03-May-2024 12:38:58.147 INFO [main] org.apache.catalina.startup.VersionLoggerListener.log Command line argument:             -Djava.protocol.handler.pkgs=org.apache.catalina.webresources
03-May-2024 12:38:58.147 INFO [main] org.apache.catalina.startup.VersionLoggerListener.log Command line argument:             --add-opens=java.base/java.lang=ALL-UNNAMED
03-May-2024 12:38:58.148 INFO [main] org.apache.catalina.startup.VersionLoggerListener.log Command line argument:             --add-opens=java.base/java.io=ALL-UNNAMED
03-May-2024 12:38:58.148 INFO [main] org.apache.catalina.startup.VersionLoggerListener.log Command line argument:             --add-opens=java.base/java.util=ALL-UNNAMED
03-May-2024 12:38:58.148 INFO [main] org.apache.catalina.startup.VersionLoggerListener.log Command line argument:             --add-opens=java.base/java.util.concurrent=ALL-UNNAMED
03-May-2024 12:38:58.149 INFO [main] org.apache.catalina.startup.VersionLoggerListener.log Command line argument:             --add-opens=java.rmi/sun.rmi.transport=ALL-UNNAMED
03-May-2024 12:38:58.149 INFO [main] org.apache.catalina.startup.VersionLoggerListener.log Command line argument:             -Dcatalina.base=E:\CURSOS\CursoJava\JavaEE\apache-tomcat-10.1.23
03-May-2024 12:38:58.149 INFO [main] org.apache.catalina.startup.VersionLoggerListener.log Command line argument:             -Dcatalina.home=E:\CURSOS\CursoJava\JavaEE\apache-tomcat-10.1.23
03-May-2024 12:38:58.149 INFO [main] org.apache.catalina.startup.VersionLoggerListener.log Command line argument:             -Djava.io.tmpdir=E:\CURSOS\CursoJava\JavaEE\apache-tomcat-10.1.23\temp
03-May-2024 12:38:58.173 INFO [main] org.apache.catalina.core.AprLifecycleListener.lifecycleEvent Cargada la biblioteca nativa APR de Apache Tomcat [2.0.7] con la versión APR [1.7.4].
03-May-2024 12:38:58.189 INFO [main] org.apache.catalina.core.AprLifecycleListener.initializeSSL OpenSSL inicializado correctamente [OpenSSL 3.0.13 30 Jan 2024]
03-May-2024 12:38:58.618 INFO [main] org.apache.coyote.AbstractProtocol.init Inicializando el manejador de protocolo ["http-nio-8080"]

03-May-2024 12:38:58.670 INFO [main] org.apache.catalina.startup.Catalina.load Server initialization in [980] milliseconds
03-May-2024 12:38:58.766 INFO [main] org.apache.catalina.core.StandardService.startInternal Arrancando servicio [Catalina]
03-May-2024 12:38:58.766 INFO [main] org.apache.catalina.core.StandardEngine.startInternal Starting Servlet engine: [Apache Tomcat/10.1.23]
03-May-2024 12:38:58.779 INFO [main] org.apache.catalina.startup.HostConfig.deployDirectory Desplegando el directorio [E:\CURSOS\CursoJava\JavaEE\apache-tomcat-10.1.23\webapps\docs] de la aplicación web
03-May-2024 12:39:00.508 INFO [main] org.apache.catalina.startup.HostConfig.deployDirectory Deployment of web application directory [E:\CURSOS\CursoJava\JavaEE\apache-tomcat-10.1.23\webapps\docs] has finished in [1.725] ms
03-May-2024 12:39:00.509 INFO [main] org.apache.catalina.startup.HostConfig.deployDirectory Desplegando el directorio [E:\CURSOS\CursoJava\JavaEE\apache-tomcat-10.1.23\webapps\examples] de la aplicación web
03-May-2024 12:39:01.791 INFO [main] org.apache.catalina.startup.HostConfig.deployDirectory Deployment of web application directory [E:\CURSOS\CursoJava\JavaEE\apache-tomcat-10.1.23\webapps\examples] has finished in [1.282] ms
03-May-2024 12:39:01.793 INFO [main] org.apache.catalina.startup.HostConfig.deployDirectory Desplegando el directorio [E:\CURSOS\CursoJava\JavaEE\apache-tomcat-10.1.23\webapps\host-manager] de la aplicación web
03-May-2024 12:39:01.849 INFO [main] org.apache.catalina.startup.HostConfig.deployDirectory Deployment of web application directory [E:\CURSOS\CursoJava\JavaEE\apache-tomcat-10.1.23\webapps\host-manager] has finished in [57] ms
03-May-2024 12:39:01.851 INFO [main] org.apache.catalina.startup.HostConfig.deployDirectory Desplegando el directorio [E:\CURSOS\CursoJava\JavaEE\apache-tomcat-10.1.23\webapps\manager] de la aplicación web
03-May-2024 12:39:01.905 INFO [main] org.apache.catalina.startup.HostConfig.deployDirectory Deployment of web application directory [E:\CURSOS\CursoJava\JavaEE\apache-tomcat-10.1.23\webapps\manager] has finished in [55] ms
03-May-2024 12:39:01.905 INFO [main] org.apache.catalina.startup.HostConfig.deployDirectory Desplegando el directorio [E:\CURSOS\CursoJava\JavaEE\apache-tomcat-10.1.23\webapps\ROOT] de la aplicación web
03-May-2024 12:39:01.934 INFO [main] org.apache.catalina.startup.HostConfig.deployDirectory Deployment of web application directory [E:\CURSOS\CursoJava\JavaEE\apache-tomcat-10.1.23\webapps\ROOT] has finished in [28] ms
03-May-2024 12:39:01.939 INFO [main] org.apache.coyote.AbstractProtocol.start Starting ProtocolHandler ["http-nio-8080"]
03-May-2024 12:39:01.976 INFO [main] org.apache.catalina.startup.Catalina.start Server startup in [3301] milliseconds
03-May-2024 12:41:02.585 INFO [http-nio-8080-exec-1] org.apache.catalina.startup.HostConfig.deployWAR Despliegue del archivo [E:\CURSOS\CursoJava\JavaEE\apache-tomcat-10.1.23\webapps\webapp.war] de la aplicación web
03-May-2024 12:41:02.656 INFO [http-nio-8080-exec-1] org.apache.catalina.startup.HostConfig.deployWAR Deployment of web application archive [E:\CURSOS\CursoJava\JavaEE\apache-tomcat-10.1.23\webapps\webapp.war] has finished in [71] ms
03-May-2024 12:42:30.099 INFO [http-nio-8080-exec-3] org.apache.catalina.startup.HostConfig.undeploy Repliegue (undeploy) de la aplicación web que tiene como trayectoria de contexto [/webapp]
03-May-2024 12:42:30.184 INFO [http-nio-8080-exec-3] org.apache.catalina.startup.HostConfig.deployWAR Despliegue del archivo [E:\CURSOS\CursoJava\JavaEE\apache-tomcat-10.1.23\webapps\webapp.war] de la aplicación web
03-May-2024 12:42:30.234 INFO [http-nio-8080-exec-3] org.apache.catalina.startup.HostConfig.deployWAR Deployment of web application archive [E:\CURSOS\CursoJava\JavaEE\apache-tomcat-10.1.23\webapps\webapp.war] has finished in [50] ms
03-May-2024 12:43:35.680 INFO [http-nio-8080-exec-11] org.apache.catalina.startup.HostConfig.undeploy Repliegue (undeploy) de la aplicación web que tiene como trayectoria de contexto [/webapp]
03-May-2024 12:43:35.733 INFO [http-nio-8080-exec-11] org.apache.catalina.startup.HostConfig.deployWAR Despliegue del archivo [E:\CURSOS\CursoJava\JavaEE\apache-tomcat-10.1.23\webapps\webapp.war] de la aplicación web
03-May-2024 12:43:35.796 INFO [http-nio-8080-exec-11] org.apache.catalina.startup.HostConfig.deployWAR Deployment of web application archive [E:\CURSOS\CursoJava\JavaEE\apache-tomcat-10.1.23\webapps\webapp.war] has finished in [63] ms
03-May-2024 13:38:44.368 INFO [http-nio-8080-exec-13] org.apache.catalina.startup.HostConfig.undeploy Repliegue (undeploy) de la aplicación web que tiene como trayectoria de contexto [/webapp]
03-May-2024 13:38:44.465 INFO [http-nio-8080-exec-13] org.apache.catalina.startup.HostConfig.deployWAR Despliegue del archivo [E:\CURSOS\CursoJava\JavaEE\apache-tomcat-10.1.23\webapps\webapp.war] de la aplicación web
03-May-2024 13:38:44.624 INFO [http-nio-8080-exec-13] org.apache.catalina.startup.HostConfig.deployWAR Deployment of web application archive [E:\CURSOS\CursoJava\JavaEE\apache-tomcat-10.1.23\webapps\webapp.war] has finished in [159] ms
03-May-2024 13:39:01.390 INFO [main] org.apache.catalina.startup.VersionLoggerListener.log Nombre de la versión del servidor: Apache Tomcat/10.1.23
03-May-2024 13:39:01.394 INFO [main] org.apache.catalina.startup.VersionLoggerListener.log Server built:                      Apr 16 2024 12:17:18 UTC
03-May-2024 13:39:01.395 INFO [main] org.apache.catalina.startup.VersionLoggerListener.log Número de versión de servidor:     10.1.23.0
03-May-2024 13:39:01.395 INFO [main] org.apache.catalina.startup.VersionLoggerListener.log OS Name:                           Windows 11
03-May-2024 13:39:01.396 INFO [main] org.apache.catalina.startup.VersionLoggerListener.log Versión de Systema Operativo:      10.0
03-May-2024 13:39:01.398 INFO [main] org.apache.catalina.startup.VersionLoggerListener.log Arquitectura:                      amd64
03-May-2024 13:39:01.398 INFO [main] org.apache.catalina.startup.VersionLoggerListener.log Java Home:                         D:\Archivos de Programa\Java\jdk-21.0.2
03-May-2024 13:39:01.400 INFO [main] org.apache.catalina.startup.VersionLoggerListener.log JVM Version:                       21.0.2+13-58
03-May-2024 13:39:01.400 INFO [main] org.apache.catalina.startup.VersionLoggerListener.log Vededor JVM:                       Oracle Corporation
03-May-2024 13:39:01.401 INFO [main] org.apache.catalina.startup.VersionLoggerListener.log CATALINA_BASE:                     E:\CURSOS\CursoJava\JavaEE\apache-tomcat-10.1.23
03-May-2024 13:39:01.402 INFO [main] org.apache.catalina.startup.VersionLoggerListener.log CATALINA_HOME:                     E:\CURSOS\CursoJava\JavaEE\apache-tomcat-10.1.23
03-May-2024 13:39:01.411 INFO [main] org.apache.catalina.startup.VersionLoggerListener.log Command line argument:             -Djava.util.logging.config.file=E:\CURSOS\CursoJava\JavaEE\apache-tomcat-10.1.23\conf\logging.properties
03-May-2024 13:39:01.411 INFO [main] org.apache.catalina.startup.VersionLoggerListener.log Command line argument:             -Djava.util.logging.manager=org.apache.juli.ClassLoaderLogManager
03-May-2024 13:39:01.411 INFO [main] org.apache.catalina.startup.VersionLoggerListener.log Command line argument:             -Djdk.tls.ephemeralDHKeySize=2048
03-May-2024 13:39:01.411 INFO [main] org.apache.catalina.startup.VersionLoggerListener.log Command line argument:             -Djava.protocol.handler.pkgs=org.apache.catalina.webresources
03-May-2024 13:39:01.412 INFO [main] org.apache.catalina.startup.VersionLoggerListener.log Command line argument:             --add-opens=java.base/java.lang=ALL-UNNAMED
03-May-2024 13:39:01.412 INFO [main] org.apache.catalina.startup.VersionLoggerListener.log Command line argument:             --add-opens=java.base/java.io=ALL-UNNAMED
03-May-2024 13:39:01.412 INFO [main] org.apache.catalina.startup.VersionLoggerListener.log Command line argument:             --add-opens=java.base/java.util=ALL-UNNAMED
03-May-2024 13:39:01.412 INFO [main] org.apache.catalina.startup.VersionLoggerListener.log Command line argument:             --add-opens=java.base/java.util.concurrent=ALL-UNNAMED
03-May-2024 13:39:01.412 INFO [main] org.apache.catalina.startup.VersionLoggerListener.log Command line argument:             --add-opens=java.rmi/sun.rmi.transport=ALL-UNNAMED
03-May-2024 13:39:01.413 INFO [main] org.apache.catalina.startup.VersionLoggerListener.log Command line argument:             -Dcatalina.base=E:\CURSOS\CursoJava\JavaEE\apache-tomcat-10.1.23
03-May-2024 13:39:01.413 INFO [main] org.apache.catalina.startup.VersionLoggerListener.log Command line argument:             -Dcatalina.home=E:\CURSOS\CursoJava\JavaEE\apache-tomcat-10.1.23
03-May-2024 13:39:01.413 INFO [main] org.apache.catalina.startup.VersionLoggerListener.log Command line argument:             -Djava.io.tmpdir=E:\CURSOS\CursoJava\JavaEE\apache-tomcat-10.1.23\temp
03-May-2024 13:39:01.416 INFO [main] org.apache.catalina.core.AprLifecycleListener.lifecycleEvent Cargada la biblioteca nativa APR de Apache Tomcat [2.0.7] con la versión APR [1.7.4].
03-May-2024 13:39:01.422 INFO [main] org.apache.catalina.core.AprLifecycleListener.initializeSSL OpenSSL inicializado correctamente [OpenSSL 3.0.13 30 Jan 2024]
03-May-2024 13:39:01.782 INFO [main] org.apache.coyote.AbstractProtocol.init Inicializando el manejador de protocolo ["http-nio-8080"]

03-May-2024 13:39:01.808 SEVERE [main] org.apache.catalina.util.LifecycleBase.handleSubClassException Fallo al iniciar el componente [Connector["http-nio-8080"]]
	org.apache.catalina.LifecycleException: Falló la inicialización del manejador de protocolo
		at org.apache.catalina.connector.Connector.initInternal(Connector.java:1016)
		at org.apache.catalina.util.LifecycleBase.init(LifecycleBase.java:127)
		at org.apache.catalina.core.StandardService.initInternal(StandardService.java:578)
		at org.apache.catalina.util.LifecycleBase.init(LifecycleBase.java:127)
		at org.apache.catalina.core.StandardServer.initInternal(StandardServer.java:1039)
		at org.apache.catalina.util.LifecycleBase.init(LifecycleBase.java:127)
		at org.apache.catalina.startup.Catalina.load(Catalina.java:708)
		at org.apache.catalina.startup.Catalina.load(Catalina.java:731)
		at java.base/jdk.internal.reflect.DirectMethodHandleAccessor.invoke(DirectMethodHandleAccessor.java:103)
		at java.base/java.lang.reflect.Method.invoke(Method.java:580)
		at org.apache.catalina.startup.Bootstrap.load(Bootstrap.java:302)
		at org.apache.catalina.startup.Bootstrap.main(Bootstrap.java:472)
	Caused by: java.net.BindException: Address already in use: bind
		at java.base/sun.nio.ch.Net.bind0(Native Method)
		at java.base/sun.nio.ch.Net.bind(Net.java:565)
		at java.base/sun.nio.ch.ServerSocketChannelImpl.netBind(ServerSocketChannelImpl.java:344)
		at java.base/sun.nio.ch.ServerSocketChannelImpl.bind(ServerSocketChannelImpl.java:301)
		at org.apache.tomcat.util.net.NioEndpoint.initServerSocket(NioEndpoint.java:239)
		at org.apache.tomcat.util.net.NioEndpoint.bind(NioEndpoint.java:194)
		at org.apache.tomcat.util.net.AbstractEndpoint.bindWithCleanup(AbstractEndpoint.java:1307)
		at org.apache.tomcat.util.net.AbstractEndpoint.init(AbstractEndpoint.java:1320)
		at org.apache.coyote.AbstractProtocol.init(AbstractProtocol.java:624)
		at org.apache.coyote.http11.AbstractHttp11Protocol.init(AbstractHttp11Protocol.java:77)
		at org.apache.catalina.connector.Connector.initInternal(Connector.java:1014)
		... 11 more
03-May-2024 13:39:01.812 INFO [main] org.apache.catalina.startup.Catalina.load Server initialization in [684] milliseconds
03-May-2024 13:39:01.881 INFO [main] org.apache.catalina.core.StandardService.startInternal Arrancando servicio [Catalina]
03-May-2024 13:39:01.882 INFO [main] org.apache.catalina.core.StandardEngine.startInternal Starting Servlet engine: [Apache Tomcat/10.1.23]
03-May-2024 13:39:01.917 INFO [main] org.apache.catalina.startup.HostConfig.deployWAR Despliegue del archivo [E:\CURSOS\CursoJava\JavaEE\apache-tomcat-10.1.23\webapps\webapp.war] de la aplicación web
03-May-2024 13:39:02.270 INFO [main] org.apache.catalina.startup.HostConfig.deployWAR Deployment of web application archive [E:\CURSOS\CursoJava\JavaEE\apache-tomcat-10.1.23\webapps\webapp.war] has finished in [351] ms
03-May-2024 13:39:02.271 INFO [main] org.apache.catalina.startup.HostConfig.deployDirectory Desplegando el directorio [E:\CURSOS\CursoJava\JavaEE\apache-tomcat-10.1.23\webapps\docs] de la aplicación web
03-May-2024 13:39:02.319 INFO [main] org.apache.catalina.startup.HostConfig.deployDirectory Deployment of web application directory [E:\CURSOS\CursoJava\JavaEE\apache-tomcat-10.1.23\webapps\docs] has finished in [48] ms
03-May-2024 13:39:02.321 INFO [main] org.apache.catalina.startup.HostConfig.deployDirectory Desplegando el directorio [E:\CURSOS\CursoJava\JavaEE\apache-tomcat-10.1.23\webapps\examples] de la aplicación web
03-May-2024 13:39:02.708 INFO [main] org.apache.catalina.startup.HostConfig.deployDirectory Deployment of web application directory [E:\CURSOS\CursoJava\JavaEE\apache-tomcat-10.1.23\webapps\examples] has finished in [388] ms
03-May-2024 13:39:02.709 INFO [main] org.apache.catalina.startup.HostConfig.deployDirectory Desplegando el directorio [E:\CURSOS\CursoJava\JavaEE\apache-tomcat-10.1.23\webapps\host-manager] de la aplicación web
03-May-2024 13:39:02.753 INFO [main] org.apache.catalina.startup.HostConfig.deployDirectory Deployment of web application directory [E:\CURSOS\CursoJava\JavaEE\apache-tomcat-10.1.23\webapps\host-manager] has finished in [44] ms
03-May-2024 13:39:02.753 INFO [main] org.apache.catalina.startup.HostConfig.deployDirectory Desplegando el directorio [E:\CURSOS\CursoJava\JavaEE\apache-tomcat-10.1.23\webapps\manager] de la aplicación web
03-May-2024 13:39:02.791 INFO [main] org.apache.catalina.startup.HostConfig.deployDirectory Deployment of web application directory [E:\CURSOS\CursoJava\JavaEE\apache-tomcat-10.1.23\webapps\manager] has finished in [37] ms
03-May-2024 13:39:02.795 INFO [main] org.apache.catalina.startup.HostConfig.deployDirectory Desplegando el directorio [E:\CURSOS\CursoJava\JavaEE\apache-tomcat-10.1.23\webapps\ROOT] de la aplicación web
03-May-2024 13:39:02.822 INFO [main] org.apache.catalina.startup.HostConfig.deployDirectory Deployment of web application directory [E:\CURSOS\CursoJava\JavaEE\apache-tomcat-10.1.23\webapps\ROOT] has finished in [27] ms
03-May-2024 13:39:02.834 INFO [main] org.apache.catalina.startup.Catalina.start Server startup in [1018] milliseconds
03-May-2024 13:39:02.846 SEVERE [main] org.apache.catalina.core.StandardServer.await Failed to create server shutdown socket on address [localhost] and port [8005] (base port [8005] and offset [0])
	java.net.BindException: Address already in use: bind
		at java.base/sun.nio.ch.Net.bind0(Native Method)
		at java.base/sun.nio.ch.Net.bind(Net.java:565)
		at java.base/sun.nio.ch.Net.bind(Net.java:554)
		at java.base/sun.nio.ch.NioSocketImpl.bind(NioSocketImpl.java:636)
		at java.base/java.net.ServerSocket.bind(ServerSocket.java:391)
		at java.base/java.net.ServerSocket.<init>(ServerSocket.java:278)
		at org.apache.catalina.core.StandardServer.await(StandardServer.java:587)
		at org.apache.catalina.startup.Catalina.await(Catalina.java:847)
		at org.apache.catalina.startup.Catalina.start(Catalina.java:795)
		at java.base/jdk.internal.reflect.DirectMethodHandleAccessor.invoke(DirectMethodHandleAccessor.java:103)
		at java.base/java.lang.reflect.Method.invoke(Method.java:580)
		at org.apache.catalina.startup.Bootstrap.start(Bootstrap.java:345)
		at org.apache.catalina.startup.Bootstrap.main(Bootstrap.java:473)
03-May-2024 13:39:02.847 INFO [main] org.apache.coyote.AbstractProtocol.pause Pausing ProtocolHandler ["http-nio-8080"]
03-May-2024 13:39:02.847 INFO [main] org.apache.catalina.core.StandardService.stopInternal Parando servicio [Catalina]
03-May-2024 13:39:02.879 INFO [main] org.apache.coyote.AbstractProtocol.stop Stopping ProtocolHandler ["http-nio-8080"]
03-May-2024 13:39:02.882 INFO [main] org.apache.coyote.AbstractProtocol.destroy Destroying ProtocolHandler ["http-nio-8080"]
03-May-2024 13:39:09.559 INFO [main] org.apache.catalina.startup.VersionLoggerListener.log Nombre de la versión del servidor: Apache Tomcat/10.1.23
03-May-2024 13:39:09.563 INFO [main] org.apache.catalina.startup.VersionLoggerListener.log Server built:                      Apr 16 2024 12:17:18 UTC
03-May-2024 13:39:09.563 INFO [main] org.apache.catalina.startup.VersionLoggerListener.log Número de versión de servidor:     10.1.23.0
03-May-2024 13:39:09.564 INFO [main] org.apache.catalina.startup.VersionLoggerListener.log OS Name:                           Windows 11
03-May-2024 13:39:09.564 INFO [main] org.apache.catalina.startup.VersionLoggerListener.log Versión de Systema Operativo:      10.0
03-May-2024 13:39:09.565 INFO [main] org.apache.catalina.startup.VersionLoggerListener.log Arquitectura:                      amd64
03-May-2024 13:39:09.565 INFO [main] org.apache.catalina.startup.VersionLoggerListener.log Java Home:                         D:\Archivos de Programa\Java\jdk-21.0.2
03-May-2024 13:39:09.566 INFO [main] org.apache.catalina.startup.VersionLoggerListener.log JVM Version:                       21.0.2+13-58
03-May-2024 13:39:09.566 INFO [main] org.apache.catalina.startup.VersionLoggerListener.log Vededor JVM:                       Oracle Corporation
03-May-2024 13:39:09.566 INFO [main] org.apache.catalina.startup.VersionLoggerListener.log CATALINA_BASE:                     E:\CURSOS\CursoJava\JavaEE\apache-tomcat-10.1.23
03-May-2024 13:39:09.569 INFO [main] org.apache.catalina.startup.VersionLoggerListener.log CATALINA_HOME:                     E:\CURSOS\CursoJava\JavaEE\apache-tomcat-10.1.23
03-May-2024 13:39:09.578 INFO [main] org.apache.catalina.startup.VersionLoggerListener.log Command line argument:             -Djava.util.logging.config.file=E:\CURSOS\CursoJava\JavaEE\apache-tomcat-10.1.23\conf\logging.properties
03-May-2024 13:39:09.578 INFO [main] org.apache.catalina.startup.VersionLoggerListener.log Command line argument:             -Djava.util.logging.manager=org.apache.juli.ClassLoaderLogManager
03-May-2024 13:39:09.578 INFO [main] org.apache.catalina.startup.VersionLoggerListener.log Command line argument:             -Djdk.tls.ephemeralDHKeySize=2048
03-May-2024 13:39:09.579 INFO [main] org.apache.catalina.startup.VersionLoggerListener.log Command line argument:             -Djava.protocol.handler.pkgs=org.apache.catalina.webresources
03-May-2024 13:39:09.579 INFO [main] org.apache.catalina.startup.VersionLoggerListener.log Command line argument:             --add-opens=java.base/java.lang=ALL-UNNAMED
03-May-2024 13:39:09.579 INFO [main] org.apache.catalina.startup.VersionLoggerListener.log Command line argument:             --add-opens=java.base/java.io=ALL-UNNAMED
03-May-2024 13:39:09.580 INFO [main] org.apache.catalina.startup.VersionLoggerListener.log Command line argument:             --add-opens=java.base/java.util=ALL-UNNAMED
03-May-2024 13:39:09.580 INFO [main] org.apache.catalina.startup.VersionLoggerListener.log Command line argument:             --add-opens=java.base/java.util.concurrent=ALL-UNNAMED
03-May-2024 13:39:09.580 INFO [main] org.apache.catalina.startup.VersionLoggerListener.log Command line argument:             --add-opens=java.rmi/sun.rmi.transport=ALL-UNNAMED
03-May-2024 13:39:09.581 INFO [main] org.apache.catalina.startup.VersionLoggerListener.log Command line argument:             -Dcatalina.base=E:\CURSOS\CursoJava\JavaEE\apache-tomcat-10.1.23
03-May-2024 13:39:09.582 INFO [main] org.apache.catalina.startup.VersionLoggerListener.log Command line argument:             -Dcatalina.home=E:\CURSOS\CursoJava\JavaEE\apache-tomcat-10.1.23
03-May-2024 13:39:09.582 INFO [main] org.apache.catalina.startup.VersionLoggerListener.log Command line argument:             -Djava.io.tmpdir=E:\CURSOS\CursoJava\JavaEE\apache-tomcat-10.1.23\temp
03-May-2024 13:39:09.585 INFO [main] org.apache.catalina.core.AprLifecycleListener.lifecycleEvent Cargada la biblioteca nativa APR de Apache Tomcat [2.0.7] con la versión APR [1.7.4].
03-May-2024 13:39:09.591 INFO [main] org.apache.catalina.core.AprLifecycleListener.initializeSSL OpenSSL inicializado correctamente [OpenSSL 3.0.13 30 Jan 2024]
03-May-2024 13:39:09.925 INFO [main] org.apache.coyote.AbstractProtocol.init Inicializando el manejador de protocolo ["http-nio-8080"]

03-May-2024 13:39:09.961 INFO [main] org.apache.catalina.startup.Catalina.load Server initialization in [660] milliseconds
03-May-2024 13:39:10.026 INFO [main] org.apache.catalina.core.StandardService.startInternal Arrancando servicio [Catalina]
03-May-2024 13:39:10.026 INFO [main] org.apache.catalina.core.StandardEngine.startInternal Starting Servlet engine: [Apache Tomcat/10.1.23]
03-May-2024 13:39:10.067 INFO [main] org.apache.catalina.startup.HostConfig.deployWAR Despliegue del archivo [E:\CURSOS\CursoJava\JavaEE\apache-tomcat-10.1.23\webapps\webapp.war] de la aplicación web
03-May-2024 13:39:10.440 INFO [main] org.apache.catalina.startup.HostConfig.deployWAR Deployment of web application archive [E:\CURSOS\CursoJava\JavaEE\apache-tomcat-10.1.23\webapps\webapp.war] has finished in [369] ms
03-May-2024 13:39:10.441 INFO [main] org.apache.catalina.startup.HostConfig.deployDirectory Desplegando el directorio [E:\CURSOS\CursoJava\JavaEE\apache-tomcat-10.1.23\webapps\docs] de la aplicación web
03-May-2024 13:39:10.479 INFO [main] org.apache.catalina.startup.HostConfig.deployDirectory Deployment of web application directory [E:\CURSOS\CursoJava\JavaEE\apache-tomcat-10.1.23\webapps\docs] has finished in [35] ms
03-May-2024 13:39:10.481 INFO [main] org.apache.catalina.startup.HostConfig.deployDirectory Desplegando el directorio [E:\CURSOS\CursoJava\JavaEE\apache-tomcat-10.1.23\webapps\examples] de la aplicación web
03-May-2024 13:39:10.860 INFO [main] org.apache.catalina.startup.HostConfig.deployDirectory Deployment of web application directory [E:\CURSOS\CursoJava\JavaEE\apache-tomcat-10.1.23\webapps\examples] has finished in [379] ms
03-May-2024 13:39:10.860 INFO [main] org.apache.catalina.startup.HostConfig.deployDirectory Desplegando el directorio [E:\CURSOS\CursoJava\JavaEE\apache-tomcat-10.1.23\webapps\host-manager] de la aplicación web
03-May-2024 13:39:10.899 INFO [main] org.apache.catalina.startup.HostConfig.deployDirectory Deployment of web application directory [E:\CURSOS\CursoJava\JavaEE\apache-tomcat-10.1.23\webapps\host-manager] has finished in [38] ms
03-May-2024 13:39:10.899 INFO [main] org.apache.catalina.startup.HostConfig.deployDirectory Desplegando el directorio [E:\CURSOS\CursoJava\JavaEE\apache-tomcat-10.1.23\webapps\manager] de la aplicación web
03-May-2024 13:39:10.943 INFO [main] org.apache.catalina.startup.HostConfig.deployDirectory Deployment of web application directory [E:\CURSOS\CursoJava\JavaEE\apache-tomcat-10.1.23\webapps\manager] has finished in [44] ms
03-May-2024 13:39:10.948 INFO [main] org.apache.catalina.startup.HostConfig.deployDirectory Desplegando el directorio [E:\CURSOS\CursoJava\JavaEE\apache-tomcat-10.1.23\webapps\ROOT] de la aplicación web
03-May-2024 13:39:10.974 INFO [main] org.apache.catalina.startup.HostConfig.deployDirectory Deployment of web application directory [E:\CURSOS\CursoJava\JavaEE\apache-tomcat-10.1.23\webapps\ROOT] has finished in [27] ms
03-May-2024 13:39:10.982 INFO [main] org.apache.coyote.AbstractProtocol.start Starting ProtocolHandler ["http-nio-8080"]
03-May-2024 13:39:11.009 INFO [main] org.apache.catalina.startup.Catalina.start Server startup in [1045] milliseconds
03-May-2024 13:39:50.437 INFO [http-nio-8080-exec-1] org.apache.catalina.startup.HostConfig.undeploy Repliegue (undeploy) de la aplicación web que tiene como trayectoria de contexto [/webapp]
03-May-2024 13:39:50.481 INFO [http-nio-8080-exec-1] org.apache.catalina.startup.HostConfig.deployWAR Despliegue del archivo [E:\CURSOS\CursoJava\JavaEE\apache-tomcat-10.1.23\webapps\webapp.war] de la aplicación web
03-May-2024 13:39:50.525 INFO [http-nio-8080-exec-1] org.apache.catalina.startup.HostConfig.deployWAR Deployment of web application archive [E:\CURSOS\CursoJava\JavaEE\apache-tomcat-10.1.23\webapps\webapp.war] has finished in [44] ms
03-May-2024 13:43:17.743 INFO [http-nio-8080-exec-17] org.apache.catalina.startup.HostConfig.undeploy Repliegue (undeploy) de la aplicación web que tiene como trayectoria de contexto [/webapp]
03-May-2024 13:43:17.794 INFO [http-nio-8080-exec-17] org.apache.catalina.startup.HostConfig.deployWAR Despliegue del archivo [E:\CURSOS\CursoJava\JavaEE\apache-tomcat-10.1.23\webapps\webapp.war] de la aplicación web
03-May-2024 13:43:17.851 INFO [http-nio-8080-exec-17] org.apache.catalina.startup.HostConfig.deployWAR Deployment of web application archive [E:\CURSOS\CursoJava\JavaEE\apache-tomcat-10.1.23\webapps\webapp.war] has finished in [57] ms
03-May-2024 13:52:31.531 INFO [main] org.apache.catalina.core.StandardServer.await Se ha recibido un comando de apagado a través del puerto de apagado. Parando la instancia del Servidor.
03-May-2024 13:52:31.533 INFO [main] org.apache.coyote.AbstractProtocol.pause Pausing ProtocolHandler ["http-nio-8080"]
03-May-2024 13:52:31.537 INFO [main] org.apache.catalina.core.StandardService.stopInternal Parando servicio [Catalina]
03-May-2024 13:52:31.555 INFO [main] org.apache.coyote.AbstractProtocol.stop Stopping ProtocolHandler ["http-nio-8080"]
03-May-2024 13:52:31.569 INFO [main] org.apache.coyote.AbstractProtocol.destroy Destroying ProtocolHandler ["http-nio-8080"]
03-May-2024 13:53:51.718 INFO [main] org.apache.catalina.startup.VersionLoggerListener.log Nombre de la versión del servidor: Apache Tomcat/10.1.23
03-May-2024 13:53:51.723 INFO [main] org.apache.catalina.startup.VersionLoggerListener.log Server built:                      Apr 16 2024 12:17:18 UTC
03-May-2024 13:53:51.723 INFO [main] org.apache.catalina.startup.VersionLoggerListener.log Número de versión de servidor:     10.1.23.0
03-May-2024 13:53:51.725 INFO [main] org.apache.catalina.startup.VersionLoggerListener.log OS Name:                           Windows 11
03-May-2024 13:53:51.726 INFO [main] org.apache.catalina.startup.VersionLoggerListener.log Versión de Systema Operativo:      10.0
03-May-2024 13:53:51.726 INFO [main] org.apache.catalina.startup.VersionLoggerListener.log Arquitectura:                      amd64
03-May-2024 13:53:51.726 INFO [main] org.apache.catalina.startup.VersionLoggerListener.log Java Home:                         D:\Archivos de Programa\Java\jdk-21.0.2
03-May-2024 13:53:51.727 INFO [main] org.apache.catalina.startup.VersionLoggerListener.log JVM Version:                       21.0.2+13-58
03-May-2024 13:53:51.727 INFO [main] org.apache.catalina.startup.VersionLoggerListener.log Vededor JVM:                       Oracle Corporation
03-May-2024 13:53:51.727 INFO [main] org.apache.catalina.startup.VersionLoggerListener.log CATALINA_BASE:                     E:\CURSOS\CursoJava\JavaEE\apache-tomcat-10.1.23
03-May-2024 13:53:51.729 INFO [main] org.apache.catalina.startup.VersionLoggerListener.log CATALINA_HOME:                     E:\CURSOS\CursoJava\JavaEE\apache-tomcat-10.1.23
03-May-2024 13:53:51.780 INFO [main] org.apache.catalina.startup.VersionLoggerListener.log Command line argument:             -Djava.util.logging.config.file=E:\CURSOS\CursoJava\JavaEE\apache-tomcat-10.1.23\conf\logging.properties
03-May-2024 13:53:51.780 INFO [main] org.apache.catalina.startup.VersionLoggerListener.log Command line argument:             -Djava.util.logging.manager=org.apache.juli.ClassLoaderLogManager
03-May-2024 13:53:51.781 INFO [main] org.apache.catalina.startup.VersionLoggerListener.log Command line argument:             -Djdk.tls.ephemeralDHKeySize=2048
03-May-2024 13:53:51.781 INFO [main] org.apache.catalina.startup.VersionLoggerListener.log Command line argument:             -Djava.protocol.handler.pkgs=org.apache.catalina.webresources
03-May-2024 13:53:51.781 INFO [main] org.apache.catalina.startup.VersionLoggerListener.log Command line argument:             --add-opens=java.base/java.lang=ALL-UNNAMED
03-May-2024 13:53:51.781 INFO [main] org.apache.catalina.startup.VersionLoggerListener.log Command line argument:             --add-opens=java.base/java.io=ALL-UNNAMED
03-May-2024 13:53:51.782 INFO [main] org.apache.catalina.startup.VersionLoggerListener.log Command line argument:             --add-opens=java.base/java.util=ALL-UNNAMED
03-May-2024 13:53:51.782 INFO [main] org.apache.catalina.startup.VersionLoggerListener.log Command line argument:             --add-opens=java.base/java.util.concurrent=ALL-UNNAMED
03-May-2024 13:53:51.782 INFO [main] org.apache.catalina.startup.VersionLoggerListener.log Command line argument:             --add-opens=java.rmi/sun.rmi.transport=ALL-UNNAMED
03-May-2024 13:53:51.782 INFO [main] org.apache.catalina.startup.VersionLoggerListener.log Command line argument:             -Dcatalina.base=E:\CURSOS\CursoJava\JavaEE\apache-tomcat-10.1.23
03-May-2024 13:53:51.782 INFO [main] org.apache.catalina.startup.VersionLoggerListener.log Command line argument:             -Dcatalina.home=E:\CURSOS\CursoJava\JavaEE\apache-tomcat-10.1.23
03-May-2024 13:53:51.783 INFO [main] org.apache.catalina.startup.VersionLoggerListener.log Command line argument:             -Djava.io.tmpdir=E:\CURSOS\CursoJava\JavaEE\apache-tomcat-10.1.23\temp
03-May-2024 13:53:51.805 INFO [main] org.apache.catalina.core.AprLifecycleListener.lifecycleEvent Cargada la biblioteca nativa APR de Apache Tomcat [2.0.7] con la versión APR [1.7.4].
03-May-2024 13:53:51.813 INFO [main] org.apache.catalina.core.AprLifecycleListener.initializeSSL OpenSSL inicializado correctamente [OpenSSL 3.0.13 30 Jan 2024]
03-May-2024 13:53:52.215 INFO [main] org.apache.coyote.AbstractProtocol.init Inicializando el manejador de protocolo ["http-nio-8080"]

03-May-2024 13:53:52.266 INFO [main] org.apache.catalina.startup.Catalina.load Server initialization in [834] milliseconds
03-May-2024 13:53:52.409 INFO [main] org.apache.catalina.core.StandardService.startInternal Arrancando servicio [Catalina]
03-May-2024 13:53:52.410 INFO [main] org.apache.catalina.core.StandardEngine.startInternal Starting Servlet engine: [Apache Tomcat/10.1.23]
03-May-2024 13:53:52.466 INFO [main] org.apache.catalina.startup.HostConfig.deployWAR Despliegue del archivo [E:\CURSOS\CursoJava\JavaEE\apache-tomcat-10.1.23\webapps\webapp.war] de la aplicación web
03-May-2024 13:53:52.882 INFO [main] org.apache.catalina.startup.HostConfig.deployWAR Deployment of web application archive [E:\CURSOS\CursoJava\JavaEE\apache-tomcat-10.1.23\webapps\webapp.war] has finished in [408] ms
03-May-2024 13:53:52.884 INFO [main] org.apache.catalina.startup.HostConfig.deployDirectory Desplegando el directorio [E:\CURSOS\CursoJava\JavaEE\apache-tomcat-10.1.23\webapps\docs] de la aplicación web
03-May-2024 13:53:52.938 INFO [main] org.apache.catalina.startup.HostConfig.deployDirectory Deployment of web application directory [E:\CURSOS\CursoJava\JavaEE\apache-tomcat-10.1.23\webapps\docs] has finished in [55] ms
03-May-2024 13:53:52.940 INFO [main] org.apache.catalina.startup.HostConfig.deployDirectory Desplegando el directorio [E:\CURSOS\CursoJava\JavaEE\apache-tomcat-10.1.23\webapps\examples] de la aplicación web
03-May-2024 13:53:54.158 INFO [main] org.apache.catalina.startup.HostConfig.deployDirectory Deployment of web application directory [E:\CURSOS\CursoJava\JavaEE\apache-tomcat-10.1.23\webapps\examples] has finished in [1.219] ms
03-May-2024 13:53:54.159 INFO [main] org.apache.catalina.startup.HostConfig.deployDirectory Desplegando el directorio [E:\CURSOS\CursoJava\JavaEE\apache-tomcat-10.1.23\webapps\host-manager] de la aplicación web
03-May-2024 13:53:54.216 INFO [main] org.apache.catalina.startup.HostConfig.deployDirectory Deployment of web application directory [E:\CURSOS\CursoJava\JavaEE\apache-tomcat-10.1.23\webapps\host-manager] has finished in [57] ms
03-May-2024 13:53:54.217 INFO [main] org.apache.catalina.startup.HostConfig.deployDirectory Desplegando el directorio [E:\CURSOS\CursoJava\JavaEE\apache-tomcat-10.1.23\webapps\manager] de la aplicación web
03-May-2024 13:53:54.267 INFO [main] org.apache.catalina.startup.HostConfig.deployDirectory Deployment of web application directory [E:\CURSOS\CursoJava\JavaEE\apache-tomcat-10.1.23\webapps\manager] has finished in [50] ms
03-May-2024 13:53:54.268 INFO [main] org.apache.catalina.startup.HostConfig.deployDirectory Desplegando el directorio [E:\CURSOS\CursoJava\JavaEE\apache-tomcat-10.1.23\webapps\ROOT] de la aplicación web
03-May-2024 13:53:54.299 INFO [main] org.apache.catalina.startup.HostConfig.deployDirectory Deployment of web application directory [E:\CURSOS\CursoJava\JavaEE\apache-tomcat-10.1.23\webapps\ROOT] has finished in [30] ms
03-May-2024 13:53:54.305 INFO [main] org.apache.coyote.AbstractProtocol.start Starting ProtocolHandler ["http-nio-8080"]
03-May-2024 13:53:54.329 INFO [main] org.apache.catalina.startup.Catalina.start Server startup in [2054] milliseconds
03-May-2024 13:54:26.980 INFO [Thread-1] org.apache.coyote.AbstractProtocol.pause Pausing ProtocolHandler ["http-nio-8080"]
03-May-2024 13:54:26.997 INFO [Thread-1] org.apache.catalina.core.StandardService.stopInternal Parando servicio [Catalina]
03-May-2024 13:54:27.053 INFO [Thread-1] org.apache.coyote.AbstractProtocol.stop Stopping ProtocolHandler ["http-nio-8080"]
03-May-2024 13:54:27.059 INFO [Thread-1] org.apache.coyote.AbstractProtocol.destroy Destroying ProtocolHandler ["http-nio-8080"]
03-May-2024 13:54:34.781 INFO [main] org.apache.catalina.startup.VersionLoggerListener.log Nombre de la versión del servidor: Apache Tomcat/10.1.23
03-May-2024 13:54:34.787 INFO [main] org.apache.catalina.startup.VersionLoggerListener.log Server built:                      Apr 16 2024 12:17:18 UTC
03-May-2024 13:54:34.787 INFO [main] org.apache.catalina.startup.VersionLoggerListener.log Número de versión de servidor:     10.1.23.0
03-May-2024 13:54:34.787 INFO [main] org.apache.catalina.startup.VersionLoggerListener.log OS Name:                           Windows 11
03-May-2024 13:54:34.787 INFO [main] org.apache.catalina.startup.VersionLoggerListener.log Versión de Systema Operativo:      10.0
03-May-2024 13:54:34.787 INFO [main] org.apache.catalina.startup.VersionLoggerListener.log Arquitectura:                      amd64
03-May-2024 13:54:34.788 INFO [main] org.apache.catalina.startup.VersionLoggerListener.log Java Home:                         D:\Archivos de Programa\Java\jdk-21.0.2
03-May-2024 13:54:34.788 INFO [main] org.apache.catalina.startup.VersionLoggerListener.log JVM Version:                       21.0.2+13-58
03-May-2024 13:54:34.788 INFO [main] org.apache.catalina.startup.VersionLoggerListener.log Vededor JVM:                       Oracle Corporation
03-May-2024 13:54:34.789 INFO [main] org.apache.catalina.startup.VersionLoggerListener.log CATALINA_BASE:                     E:\CURSOS\CursoJava\JavaEE\apache-tomcat-10.1.23
03-May-2024 13:54:34.791 INFO [main] org.apache.catalina.startup.VersionLoggerListener.log CATALINA_HOME:                     E:\CURSOS\CursoJava\JavaEE\apache-tomcat-10.1.23
03-May-2024 13:54:34.802 INFO [main] org.apache.catalina.startup.VersionLoggerListener.log Command line argument:             -Djava.util.logging.config.file=E:\CURSOS\CursoJava\JavaEE\apache-tomcat-10.1.23\conf\logging.properties
03-May-2024 13:54:34.802 INFO [main] org.apache.catalina.startup.VersionLoggerListener.log Command line argument:             -Djava.util.logging.manager=org.apache.juli.ClassLoaderLogManager
03-May-2024 13:54:34.802 INFO [main] org.apache.catalina.startup.VersionLoggerListener.log Command line argument:             -Djdk.tls.ephemeralDHKeySize=2048
03-May-2024 13:54:34.802 INFO [main] org.apache.catalina.startup.VersionLoggerListener.log Command line argument:             -Djava.protocol.handler.pkgs=org.apache.catalina.webresources
03-May-2024 13:54:34.803 INFO [main] org.apache.catalina.startup.VersionLoggerListener.log Command line argument:             --add-opens=java.base/java.lang=ALL-UNNAMED
03-May-2024 13:54:34.803 INFO [main] org.apache.catalina.startup.VersionLoggerListener.log Command line argument:             --add-opens=java.base/java.io=ALL-UNNAMED
03-May-2024 13:54:34.803 INFO [main] org.apache.catalina.startup.VersionLoggerListener.log Command line argument:             --add-opens=java.base/java.util=ALL-UNNAMED
03-May-2024 13:54:34.803 INFO [main] org.apache.catalina.startup.VersionLoggerListener.log Command line argument:             --add-opens=java.base/java.util.concurrent=ALL-UNNAMED
03-May-2024 13:54:34.803 INFO [main] org.apache.catalina.startup.VersionLoggerListener.log Command line argument:             --add-opens=java.rmi/sun.rmi.transport=ALL-UNNAMED
03-May-2024 13:54:34.804 INFO [main] org.apache.catalina.startup.VersionLoggerListener.log Command line argument:             -Dcatalina.base=E:\CURSOS\CursoJava\JavaEE\apache-tomcat-10.1.23
03-May-2024 13:54:34.804 INFO [main] org.apache.catalina.startup.VersionLoggerListener.log Command line argument:             -Dcatalina.home=E:\CURSOS\CursoJava\JavaEE\apache-tomcat-10.1.23
03-May-2024 13:54:34.805 INFO [main] org.apache.catalina.startup.VersionLoggerListener.log Command line argument:             -Djava.io.tmpdir=E:\CURSOS\CursoJava\JavaEE\apache-tomcat-10.1.23\temp
03-May-2024 13:54:34.809 INFO [main] org.apache.catalina.core.AprLifecycleListener.lifecycleEvent Cargada la biblioteca nativa APR de Apache Tomcat [2.0.7] con la versión APR [1.7.4].
03-May-2024 13:54:34.816 INFO [main] org.apache.catalina.core.AprLifecycleListener.initializeSSL OpenSSL inicializado correctamente [OpenSSL 3.0.13 30 Jan 2024]
03-May-2024 13:54:35.152 INFO [main] org.apache.coyote.AbstractProtocol.init Inicializando el manejador de protocolo ["http-nio-8080"]

03-May-2024 13:54:35.184 INFO [main] org.apache.catalina.startup.Catalina.load Server initialization in [662] milliseconds
03-May-2024 13:54:35.251 INFO [main] org.apache.catalina.core.StandardService.startInternal Arrancando servicio [Catalina]
03-May-2024 13:54:35.251 INFO [main] org.apache.catalina.core.StandardEngine.startInternal Starting Servlet engine: [Apache Tomcat/10.1.23]
03-May-2024 13:54:35.282 INFO [main] org.apache.catalina.startup.HostConfig.deployWAR Despliegue del archivo [E:\CURSOS\CursoJava\JavaEE\apache-tomcat-10.1.23\webapps\webapp.war] de la aplicación web
03-May-2024 13:54:35.655 INFO [main] org.apache.catalina.startup.HostConfig.deployWAR Deployment of web application archive [E:\CURSOS\CursoJava\JavaEE\apache-tomcat-10.1.23\webapps\webapp.war] has finished in [371] ms
03-May-2024 13:54:35.656 INFO [main] org.apache.catalina.startup.HostConfig.deployDirectory Desplegando el directorio [E:\CURSOS\CursoJava\JavaEE\apache-tomcat-10.1.23\webapps\docs] de la aplicación web
03-May-2024 13:54:35.695 INFO [main] org.apache.catalina.startup.HostConfig.deployDirectory Deployment of web application directory [E:\CURSOS\CursoJava\JavaEE\apache-tomcat-10.1.23\webapps\docs] has finished in [38] ms
03-May-2024 13:54:35.699 INFO [main] org.apache.catalina.startup.HostConfig.deployDirectory Desplegando el directorio [E:\CURSOS\CursoJava\JavaEE\apache-tomcat-10.1.23\webapps\examples] de la aplicación web
03-May-2024 13:54:36.129 INFO [main] org.apache.catalina.startup.HostConfig.deployDirectory Deployment of web application directory [E:\CURSOS\CursoJava\JavaEE\apache-tomcat-10.1.23\webapps\examples] has finished in [433] ms
03-May-2024 13:54:36.130 INFO [main] org.apache.catalina.startup.HostConfig.deployDirectory Desplegando el directorio [E:\CURSOS\CursoJava\JavaEE\apache-tomcat-10.1.23\webapps\host-manager] de la aplicación web
03-May-2024 13:54:36.179 INFO [main] org.apache.catalina.startup.HostConfig.deployDirectory Deployment of web application directory [E:\CURSOS\CursoJava\JavaEE\apache-tomcat-10.1.23\webapps\host-manager] has finished in [49] ms
03-May-2024 13:54:36.180 INFO [main] org.apache.catalina.startup.HostConfig.deployDirectory Desplegando el directorio [E:\CURSOS\CursoJava\JavaEE\apache-tomcat-10.1.23\webapps\manager] de la aplicación web
03-May-2024 13:54:36.219 INFO [main] org.apache.catalina.startup.HostConfig.deployDirectory Deployment of web application directory [E:\CURSOS\CursoJava\JavaEE\apache-tomcat-10.1.23\webapps\manager] has finished in [38] ms
03-May-2024 13:54:36.221 INFO [main] org.apache.catalina.startup.HostConfig.deployDirectory Desplegando el directorio [E:\CURSOS\CursoJava\JavaEE\apache-tomcat-10.1.23\webapps\ROOT] de la aplicación web
03-May-2024 13:54:36.249 INFO [main] org.apache.catalina.startup.HostConfig.deployDirectory Deployment of web application directory [E:\CURSOS\CursoJava\JavaEE\apache-tomcat-10.1.23\webapps\ROOT] has finished in [27] ms
03-May-2024 13:54:36.257 INFO [main] org.apache.coyote.AbstractProtocol.start Starting ProtocolHandler ["http-nio-8080"]
03-May-2024 13:54:36.281 INFO [main] org.apache.catalina.startup.Catalina.start Server startup in [1094] milliseconds
03-May-2024 13:55:02.079 INFO [http-nio-8080-exec-1] org.apache.catalina.startup.HostConfig.undeploy Repliegue (undeploy) de la aplicación web que tiene como trayectoria de contexto [/webapp]
03-May-2024 13:55:02.187 INFO [http-nio-8080-exec-1] org.apache.catalina.startup.HostConfig.deployWAR Despliegue del archivo [E:\CURSOS\CursoJava\JavaEE\apache-tomcat-10.1.23\webapps\webapp.war] de la aplicación web
03-May-2024 13:55:02.278 INFO [http-nio-8080-exec-1] org.apache.catalina.startup.HostConfig.deployWAR Deployment of web application archive [E:\CURSOS\CursoJava\JavaEE\apache-tomcat-10.1.23\webapps\webapp.war] has finished in [92] ms
03-May-2024 14:34:22.614 INFO [http-nio-8080-exec-11] org.apache.catalina.startup.HostConfig.undeploy Repliegue (undeploy) de la aplicación web que tiene como trayectoria de contexto [/webapp]
03-May-2024 14:34:22.699 INFO [http-nio-8080-exec-11] org.apache.catalina.startup.HostConfig.deployWAR Despliegue del archivo [E:\CURSOS\CursoJava\JavaEE\apache-tomcat-10.1.23\webapps\webapp.war] de la aplicación web
03-May-2024 14:34:22.838 INFO [http-nio-8080-exec-11] org.apache.catalina.startup.HostConfig.deployWAR Deployment of web application archive [E:\CURSOS\CursoJava\JavaEE\apache-tomcat-10.1.23\webapps\webapp.war] has finished in [139] ms
03-May-2024 14:38:44.575 INFO [http-nio-8080-exec-21] org.apache.catalina.startup.HostConfig.undeploy Repliegue (undeploy) de la aplicación web que tiene como trayectoria de contexto [/webapp]
03-May-2024 14:38:44.630 INFO [http-nio-8080-exec-21] org.apache.catalina.startup.HostConfig.deployWAR Despliegue del archivo [E:\CURSOS\CursoJava\JavaEE\apache-tomcat-10.1.23\webapps\webapp.war] de la aplicación web
03-May-2024 14:38:44.716 INFO [http-nio-8080-exec-21] org.apache.catalina.startup.HostConfig.deployWAR Deployment of web application archive [E:\CURSOS\CursoJava\JavaEE\apache-tomcat-10.1.23\webapps\webapp.war] has finished in [85] ms
03-May-2024 17:18:10.631 INFO [http-nio-8080-exec-31] org.apache.catalina.startup.HostConfig.undeploy Repliegue (undeploy) de la aplicación web que tiene como trayectoria de contexto [/webapp]
03-May-2024 17:18:10.758 INFO [http-nio-8080-exec-31] org.apache.catalina.startup.HostConfig.deployWAR Despliegue del archivo [E:\CURSOS\CursoJava\JavaEE\apache-tomcat-10.1.23\webapps\webapp.war] de la aplicación web
03-May-2024 17:18:10.865 INFO [http-nio-8080-exec-31] org.apache.catalina.startup.HostConfig.deployWAR Deployment of web application archive [E:\CURSOS\CursoJava\JavaEE\apache-tomcat-10.1.23\webapps\webapp.war] has finished in [106] ms
03-May-2024 17:18:58.602 INFO [http-nio-8080-exec-38] org.apache.catalina.startup.HostConfig.undeploy Repliegue (undeploy) de la aplicación web que tiene como trayectoria de contexto [/webapp]
03-May-2024 17:18:58.664 INFO [http-nio-8080-exec-38] org.apache.catalina.startup.HostConfig.deployWAR Despliegue del archivo [E:\CURSOS\CursoJava\JavaEE\apache-tomcat-10.1.23\webapps\webapp.war] de la aplicación web
03-May-2024 17:18:58.723 INFO [http-nio-8080-exec-38] org.apache.catalina.startup.HostConfig.deployWAR Deployment of web application archive [E:\CURSOS\CursoJava\JavaEE\apache-tomcat-10.1.23\webapps\webapp.war] has finished in [58] ms
03-May-2024 18:25:02.539 INFO [Thread-1] org.apache.coyote.AbstractProtocol.pause Pausing ProtocolHandler ["http-nio-8080"]
03-May-2024 18:25:02.551 INFO [Thread-1] org.apache.catalina.core.StandardService.stopInternal Parando servicio [Catalina]
03-May-2024 18:25:02.577 INFO [Thread-1] org.apache.coyote.AbstractProtocol.stop Stopping ProtocolHandler ["http-nio-8080"]
03-May-2024 18:25:02.587 INFO [Thread-1] org.apache.coyote.AbstractProtocol.destroy Destroying ProtocolHandler ["http-nio-8080"]
