14-May-2024 13:36:15.811 INFO [main] org.apache.catalina.startup.VersionLoggerListener.log Nombre de la versión del servidor: Apache Tomcat/10.1.23
14-May-2024 13:36:15.817 INFO [main] org.apache.catalina.startup.VersionLoggerListener.log Server built:                      Apr 16 2024 12:17:18 UTC
14-May-2024 13:36:15.818 INFO [main] org.apache.catalina.startup.VersionLoggerListener.log Número de versión de servidor:     10.1.23.0
14-May-2024 13:36:15.818 INFO [main] org.apache.catalina.startup.VersionLoggerListener.log OS Name:                           Windows 11
14-May-2024 13:36:15.818 INFO [main] org.apache.catalina.startup.VersionLoggerListener.log Versión de Systema Operativo:      10.0
14-May-2024 13:36:15.818 INFO [main] org.apache.catalina.startup.VersionLoggerListener.log Arquitectura:                      amd64
14-May-2024 13:36:15.819 INFO [main] org.apache.catalina.startup.VersionLoggerListener.log Java Home:                         D:\Archivos de Programa\Java\jdk-21.0.2
14-May-2024 13:36:15.819 INFO [main] org.apache.catalina.startup.VersionLoggerListener.log JVM Version:                       21.0.2+13-58
14-May-2024 13:36:15.819 INFO [main] org.apache.catalina.startup.VersionLoggerListener.log Vededor JVM:                       Oracle Corporation
14-May-2024 13:36:15.819 INFO [main] org.apache.catalina.startup.VersionLoggerListener.log CATALINA_BASE:                     E:\CURSOS\CursoJava\JavaEE\apache-tomcat-10.1.23
14-May-2024 13:36:15.820 INFO [main] org.apache.catalina.startup.VersionLoggerListener.log CATALINA_HOME:                     E:\CURSOS\CursoJava\JavaEE\apache-tomcat-10.1.23
14-May-2024 13:36:15.915 INFO [main] org.apache.catalina.startup.VersionLoggerListener.log Command line argument:             -Djava.util.logging.config.file=E:\CURSOS\CursoJava\JavaEE\apache-tomcat-10.1.23\conf\logging.properties
14-May-2024 13:36:15.916 INFO [main] org.apache.catalina.startup.VersionLoggerListener.log Command line argument:             -Djava.util.logging.manager=org.apache.juli.ClassLoaderLogManager
14-May-2024 13:36:15.918 INFO [main] org.apache.catalina.startup.VersionLoggerListener.log Command line argument:             -Djdk.tls.ephemeralDHKeySize=2048
14-May-2024 13:36:15.918 INFO [main] org.apache.catalina.startup.VersionLoggerListener.log Command line argument:             -Djava.protocol.handler.pkgs=org.apache.catalina.webresources
14-May-2024 13:36:15.919 INFO [main] org.apache.catalina.startup.VersionLoggerListener.log Command line argument:             --add-opens=java.base/java.lang=ALL-UNNAMED
14-May-2024 13:36:15.920 INFO [main] org.apache.catalina.startup.VersionLoggerListener.log Command line argument:             --add-opens=java.base/java.io=ALL-UNNAMED
14-May-2024 13:36:15.920 INFO [main] org.apache.catalina.startup.VersionLoggerListener.log Command line argument:             --add-opens=java.base/java.util=ALL-UNNAMED
14-May-2024 13:36:15.921 INFO [main] org.apache.catalina.startup.VersionLoggerListener.log Command line argument:             --add-opens=java.base/java.util.concurrent=ALL-UNNAMED
14-May-2024 13:36:15.921 INFO [main] org.apache.catalina.startup.VersionLoggerListener.log Command line argument:             --add-opens=java.rmi/sun.rmi.transport=ALL-UNNAMED
14-May-2024 13:36:15.922 INFO [main] org.apache.catalina.startup.VersionLoggerListener.log Command line argument:             -Dcatalina.base=E:\CURSOS\CursoJava\JavaEE\apache-tomcat-10.1.23
14-May-2024 13:36:15.922 INFO [main] org.apache.catalina.startup.VersionLoggerListener.log Command line argument:             -Dcatalina.home=E:\CURSOS\CursoJava\JavaEE\apache-tomcat-10.1.23
14-May-2024 13:36:15.923 INFO [main] org.apache.catalina.startup.VersionLoggerListener.log Command line argument:             -Djava.io.tmpdir=E:\CURSOS\CursoJava\JavaEE\apache-tomcat-10.1.23\temp
14-May-2024 13:36:16.007 INFO [main] org.apache.catalina.core.AprLifecycleListener.lifecycleEvent Cargada la biblioteca nativa APR de Apache Tomcat [2.0.7] con la versión APR [1.7.4].
14-May-2024 13:36:16.042 INFO [main] org.apache.catalina.core.AprLifecycleListener.initializeSSL OpenSSL inicializado correctamente [OpenSSL 3.0.13 30 Jan 2024]
14-May-2024 13:36:16.572 INFO [main] org.apache.coyote.AbstractProtocol.init Inicializando el manejador de protocolo ["http-nio-8080"]

14-May-2024 13:36:16.644 INFO [main] org.apache.catalina.startup.Catalina.load Server initialization in [1458] milliseconds
14-May-2024 13:36:16.729 INFO [main] org.apache.catalina.core.StandardService.startInternal Arrancando servicio [Catalina]
14-May-2024 13:36:16.731 INFO [main] org.apache.catalina.core.StandardEngine.startInternal Starting Servlet engine: [Apache Tomcat/10.1.23]
14-May-2024 13:36:16.862 INFO [main] org.apache.catalina.startup.HostConfig.deployWAR Despliegue del archivo [E:\CURSOS\CursoJava\JavaEE\apache-tomcat-10.1.23\webapps\webapp-form-tarea2.war] de la aplicación web
14-May-2024 13:36:17.586 INFO [main] org.apache.catalina.startup.HostConfig.deployWAR Deployment of web application archive [E:\CURSOS\CursoJava\JavaEE\apache-tomcat-10.1.23\webapps\webapp-form-tarea2.war] has finished in [708] ms
14-May-2024 13:36:17.696 INFO [main] org.apache.catalina.startup.HostConfig.deployWAR Despliegue del archivo [E:\CURSOS\CursoJava\JavaEE\apache-tomcat-10.1.23\webapps\webapp-form.war] de la aplicación web
14-May-2024 13:36:17.758 INFO [main] org.apache.catalina.startup.HostConfig.deployWAR Deployment of web application archive [E:\CURSOS\CursoJava\JavaEE\apache-tomcat-10.1.23\webapps\webapp-form.war] has finished in [61] ms
14-May-2024 13:36:17.811 INFO [main] org.apache.catalina.startup.HostConfig.deployWAR Despliegue del archivo [E:\CURSOS\CursoJava\JavaEE\apache-tomcat-10.1.23\webapps\webapp-headers.war] de la aplicación web
14-May-2024 13:36:17.873 INFO [main] org.apache.catalina.startup.HostConfig.deployWAR Deployment of web application archive [E:\CURSOS\CursoJava\JavaEE\apache-tomcat-10.1.23\webapps\webapp-headers.war] has finished in [62] ms
14-May-2024 13:36:17.915 INFO [main] org.apache.catalina.startup.HostConfig.deployWAR Despliegue del archivo [E:\CURSOS\CursoJava\JavaEE\apache-tomcat-10.1.23\webapps\webapp.war] de la aplicación web
14-May-2024 13:36:17.986 INFO [main] org.apache.catalina.startup.HostConfig.deployWAR Deployment of web application archive [E:\CURSOS\CursoJava\JavaEE\apache-tomcat-10.1.23\webapps\webapp.war] has finished in [70] ms
14-May-2024 13:36:17.986 INFO [main] org.apache.catalina.startup.HostConfig.deployDirectory Desplegando el directorio [E:\CURSOS\CursoJava\JavaEE\apache-tomcat-10.1.23\webapps\docs] de la aplicación web
14-May-2024 13:36:18.078 INFO [main] org.apache.catalina.startup.HostConfig.deployDirectory Deployment of web application directory [E:\CURSOS\CursoJava\JavaEE\apache-tomcat-10.1.23\webapps\docs] has finished in [92] ms
14-May-2024 13:36:18.078 INFO [main] org.apache.catalina.startup.HostConfig.deployDirectory Desplegando el directorio [E:\CURSOS\CursoJava\JavaEE\apache-tomcat-10.1.23\webapps\examples] de la aplicación web
14-May-2024 13:36:19.958 INFO [main] org.apache.catalina.startup.HostConfig.deployDirectory Deployment of web application directory [E:\CURSOS\CursoJava\JavaEE\apache-tomcat-10.1.23\webapps\examples] has finished in [1.880] ms
14-May-2024 13:36:19.958 INFO [main] org.apache.catalina.startup.HostConfig.deployDirectory Desplegando el directorio [E:\CURSOS\CursoJava\JavaEE\apache-tomcat-10.1.23\webapps\host-manager] de la aplicación web
14-May-2024 13:36:20.041 INFO [main] org.apache.catalina.startup.HostConfig.deployDirectory Deployment of web application directory [E:\CURSOS\CursoJava\JavaEE\apache-tomcat-10.1.23\webapps\host-manager] has finished in [82] ms
14-May-2024 13:36:20.044 INFO [main] org.apache.catalina.startup.HostConfig.deployDirectory Desplegando el directorio [E:\CURSOS\CursoJava\JavaEE\apache-tomcat-10.1.23\webapps\manager] de la aplicación web
14-May-2024 13:36:20.117 INFO [main] org.apache.catalina.startup.HostConfig.deployDirectory Deployment of web application directory [E:\CURSOS\CursoJava\JavaEE\apache-tomcat-10.1.23\webapps\manager] has finished in [75] ms
14-May-2024 13:36:20.118 INFO [main] org.apache.catalina.startup.HostConfig.deployDirectory Desplegando el directorio [E:\CURSOS\CursoJava\JavaEE\apache-tomcat-10.1.23\webapps\ROOT] de la aplicación web
14-May-2024 13:36:20.165 INFO [main] org.apache.catalina.startup.HostConfig.deployDirectory Deployment of web application directory [E:\CURSOS\CursoJava\JavaEE\apache-tomcat-10.1.23\webapps\ROOT] has finished in [46] ms
14-May-2024 13:36:20.169 INFO [main] org.apache.coyote.AbstractProtocol.start Starting ProtocolHandler ["http-nio-8080"]
14-May-2024 13:36:20.201 INFO [main] org.apache.catalina.startup.Catalina.start Server startup in [3553] milliseconds
14-May-2024 13:40:14.664 INFO [http-nio-8080-exec-2] org.apache.catalina.startup.HostConfig.undeploy Repliegue (undeploy) de la aplicación web que tiene como trayectoria de contexto [/webapp-headers]
14-May-2024 13:40:14.729 INFO [http-nio-8080-exec-2] org.apache.catalina.startup.HostConfig.deployWAR Despliegue del archivo [E:\CURSOS\CursoJava\JavaEE\apache-tomcat-10.1.23\webapps\webapp-headers.war] de la aplicación web
14-May-2024 13:40:14.798 INFO [http-nio-8080-exec-2] org.apache.catalina.startup.HostConfig.deployWAR Deployment of web application archive [E:\CURSOS\CursoJava\JavaEE\apache-tomcat-10.1.23\webapps\webapp-headers.war] has finished in [69] ms
14-May-2024 13:59:17.023 INFO [http-nio-8080-exec-13] org.apache.catalina.startup.HostConfig.undeploy Repliegue (undeploy) de la aplicación web que tiene como trayectoria de contexto [/webapp-headers]
14-May-2024 13:59:17.117 INFO [http-nio-8080-exec-13] org.apache.catalina.startup.HostConfig.deployWAR Despliegue del archivo [E:\CURSOS\CursoJava\JavaEE\apache-tomcat-10.1.23\webapps\webapp-headers.war] de la aplicación web
14-May-2024 13:59:17.184 SEVERE [http-nio-8080-exec-13] org.apache.catalina.startup.HostConfig.deployWAR Error durante el despliegue del archivo [E:\CURSOS\CursoJava\JavaEE\apache-tomcat-10.1.23\webapps\webapp-headers.war] de la aplicación web
	java.lang.IllegalStateException: Error starting child
		at org.apache.catalina.core.ContainerBase.addChildInternal(ContainerBase.java:690)
		at org.apache.catalina.core.ContainerBase.addChild(ContainerBase.java:659)
		at org.apache.catalina.core.StandardHost.addChild(StandardHost.java:712)
		at org.apache.catalina.startup.HostConfig.deployWAR(HostConfig.java:969)
		at org.apache.catalina.startup.HostConfig.deployApps(HostConfig.java:490)
		at org.apache.catalina.startup.HostConfig.check(HostConfig.java:1703)
		at java.base/jdk.internal.reflect.DirectMethodHandleAccessor.invoke(DirectMethodHandleAccessor.java:103)
		at java.base/java.lang.reflect.Method.invoke(Method.java:580)
		at org.apache.tomcat.util.modeler.BaseModelMBean.invoke(BaseModelMBean.java:293)
		at java.management/com.sun.jmx.interceptor.DefaultMBeanServerInterceptor.invoke(DefaultMBeanServerInterceptor.java:803)
		at java.management/com.sun.jmx.mbeanserver.JmxMBeanServer.invoke(JmxMBeanServer.java:802)
		at org.apache.catalina.manager.ManagerServlet.check(ManagerServlet.java:1477)
		at org.apache.catalina.manager.ManagerServlet.deploy(ManagerServlet.java:802)
		at org.apache.catalina.manager.ManagerServlet.doPut(ManagerServlet.java:428)
		at jakarta.servlet.http.HttpServlet.service(HttpServlet.java:593)
		at jakarta.servlet.http.HttpServlet.service(HttpServlet.java:658)
		at org.apache.catalina.core.ApplicationFilterChain.internalDoFilter(ApplicationFilterChain.java:196)
		at org.apache.catalina.core.ApplicationFilterChain.doFilter(ApplicationFilterChain.java:140)
		at org.apache.tomcat.websocket.server.WsFilter.doFilter(WsFilter.java:51)
		at org.apache.catalina.core.ApplicationFilterChain.internalDoFilter(ApplicationFilterChain.java:165)
		at org.apache.catalina.core.ApplicationFilterChain.doFilter(ApplicationFilterChain.java:140)
		at org.apache.catalina.filters.HttpHeaderSecurityFilter.doFilter(HttpHeaderSecurityFilter.java:129)
		at org.apache.catalina.core.ApplicationFilterChain.internalDoFilter(ApplicationFilterChain.java:165)
		at org.apache.catalina.core.ApplicationFilterChain.doFilter(ApplicationFilterChain.java:140)
		at org.apache.catalina.core.StandardWrapperValve.invoke(StandardWrapperValve.java:167)
		at org.apache.catalina.core.StandardContextValve.invoke(StandardContextValve.java:90)
		at org.apache.catalina.authenticator.AuthenticatorBase.invoke(AuthenticatorBase.java:597)
		at org.apache.catalina.valves.RequestFilterValve.process(RequestFilterValve.java:355)
		at org.apache.catalina.valves.RemoteAddrValve.invoke(RemoteAddrValve.java:54)
		at org.apache.catalina.core.StandardHostValve.invoke(StandardHostValve.java:115)
		at org.apache.catalina.valves.ErrorReportValve.invoke(ErrorReportValve.java:93)
		at org.apache.catalina.valves.AbstractAccessLogValve.invoke(AbstractAccessLogValve.java:673)
		at org.apache.catalina.core.StandardEngineValve.invoke(StandardEngineValve.java:74)
		at org.apache.catalina.connector.CoyoteAdapter.service(CoyoteAdapter.java:344)
		at org.apache.coyote.http11.Http11Processor.service(Http11Processor.java:391)
		at org.apache.coyote.AbstractProcessorLight.process(AbstractProcessorLight.java:63)
		at org.apache.coyote.AbstractProtocol$ConnectionHandler.process(AbstractProtocol.java:896)
		at org.apache.tomcat.util.net.NioEndpoint$SocketProcessor.doRun(NioEndpoint.java:1736)
		at org.apache.tomcat.util.net.SocketProcessorBase.run(SocketProcessorBase.java:52)
		at org.apache.tomcat.util.threads.ThreadPoolExecutor.runWorker(ThreadPoolExecutor.java:1191)
		at org.apache.tomcat.util.threads.ThreadPoolExecutor$Worker.run(ThreadPoolExecutor.java:659)
		at org.apache.tomcat.util.threads.TaskThread$WrappingRunnable.run(TaskThread.java:63)
		at java.base/java.lang.Thread.run(Thread.java:1583)
	Caused by: org.apache.catalina.LifecycleException: Failed to start component [StandardEngine[Catalina].StandardHost[localhost].StandardContext[/webapp-headers]]
		at org.apache.catalina.util.LifecycleBase.handleSubClassException(LifecycleBase.java:419)
		at org.apache.catalina.util.LifecycleBase.start(LifecycleBase.java:186)
		at org.apache.catalina.core.ContainerBase.addChildInternal(ContainerBase.java:687)
		... 42 more
	Caused by: java.lang.IllegalArgumentException: Los servlets llamados [org.emma.apiservlet.webapp.headers.CabecerasHttpRequestServlet] y [org.emma.apiservlet.webapp.headers.controllers.CabecerasHttpRequestServlet] estan ambos mapeados al patrón de URL [/cabeceras-request] el cual no esta permitido
		at org.apache.tomcat.util.descriptor.web.WebXml.addServletMappingDecoded(WebXml.java:354)
		at org.apache.tomcat.util.descriptor.web.WebXml.addServletMapping(WebXml.java:347)
		at org.apache.catalina.startup.ContextConfig.processAnnotationWebServlet(ContextConfig.java:2539)
		at org.apache.catalina.startup.ContextConfig.processClass(ContextConfig.java:2244)
		at org.apache.catalina.startup.ContextConfig.processAnnotationsStream(ContextConfig.java:2233)
		at org.apache.catalina.startup.ContextConfig.processAnnotationsWebResource(ContextConfig.java:2143)
		at org.apache.catalina.startup.ContextConfig.processAnnotationsWebResource(ContextConfig.java:2138)
		at org.apache.catalina.startup.ContextConfig.processAnnotationsWebResource(ContextConfig.java:2138)
		at org.apache.catalina.startup.ContextConfig.processAnnotationsWebResource(ContextConfig.java:2138)
		at org.apache.catalina.startup.ContextConfig.processAnnotationsWebResource(ContextConfig.java:2138)
		at org.apache.catalina.startup.ContextConfig.processAnnotationsWebResource(ContextConfig.java:2138)
		at org.apache.catalina.startup.ContextConfig.processAnnotationsWebResource(ContextConfig.java:2138)
		at org.apache.catalina.startup.ContextConfig.processClasses(ContextConfig.java:1351)
		at org.apache.catalina.startup.ContextConfig.webConfig(ContextConfig.java:1261)
		at org.apache.catalina.startup.ContextConfig.configureStart(ContextConfig.java:961)
		at org.apache.catalina.startup.ContextConfig.lifecycleEvent(ContextConfig.java:290)
		at org.apache.catalina.util.LifecycleBase.fireLifecycleEvent(LifecycleBase.java:114)
		at org.apache.catalina.core.StandardContext.startInternal(StandardContext.java:4793)
		at org.apache.catalina.util.LifecycleBase.start(LifecycleBase.java:171)
		... 43 more
14-May-2024 13:59:17.190 INFO [http-nio-8080-exec-13] org.apache.catalina.startup.HostConfig.deployWAR Deployment of web application archive [E:\CURSOS\CursoJava\JavaEE\apache-tomcat-10.1.23\webapps\webapp-headers.war] has finished in [73] ms
14-May-2024 14:00:24.535 INFO [http-nio-8080-exec-21] org.apache.catalina.startup.HostConfig.undeploy Repliegue (undeploy) de la aplicación web que tiene como trayectoria de contexto [/webapp-headers]
14-May-2024 14:00:24.606 INFO [http-nio-8080-exec-21] org.apache.catalina.startup.HostConfig.deployWAR Despliegue del archivo [E:\CURSOS\CursoJava\JavaEE\apache-tomcat-10.1.23\webapps\webapp-headers.war] de la aplicación web
14-May-2024 14:00:24.682 INFO [http-nio-8080-exec-21] org.apache.catalina.startup.HostConfig.deployWAR Deployment of web application archive [E:\CURSOS\CursoJava\JavaEE\apache-tomcat-10.1.23\webapps\webapp-headers.war] has finished in [76] ms
14-May-2024 14:09:29.200 INFO [http-nio-8080-exec-26] org.apache.catalina.startup.HostConfig.undeploy Repliegue (undeploy) de la aplicación web que tiene como trayectoria de contexto [/webapp-headers]
14-May-2024 14:09:29.265 INFO [http-nio-8080-exec-26] org.apache.catalina.startup.HostConfig.deployWAR Despliegue del archivo [E:\CURSOS\CursoJava\JavaEE\apache-tomcat-10.1.23\webapps\webapp-headers.war] de la aplicación web
14-May-2024 14:09:29.338 INFO [http-nio-8080-exec-26] org.apache.catalina.startup.HostConfig.deployWAR Deployment of web application archive [E:\CURSOS\CursoJava\JavaEE\apache-tomcat-10.1.23\webapps\webapp-headers.war] has finished in [72] ms
14-May-2024 14:11:30.425 INFO [http-nio-8080-exec-36] org.apache.catalina.startup.HostConfig.undeploy Repliegue (undeploy) de la aplicación web que tiene como trayectoria de contexto [/webapp-headers]
14-May-2024 14:11:30.529 INFO [http-nio-8080-exec-36] org.apache.catalina.startup.HostConfig.deployWAR Despliegue del archivo [E:\CURSOS\CursoJava\JavaEE\apache-tomcat-10.1.23\webapps\webapp-headers.war] de la aplicación web
14-May-2024 14:11:30.602 INFO [http-nio-8080-exec-36] org.apache.catalina.startup.HostConfig.deployWAR Deployment of web application archive [E:\CURSOS\CursoJava\JavaEE\apache-tomcat-10.1.23\webapps\webapp-headers.war] has finished in [73] ms
14-May-2024 14:13:21.882 INFO [http-nio-8080-exec-46] org.apache.catalina.startup.HostConfig.undeploy Repliegue (undeploy) de la aplicación web que tiene como trayectoria de contexto [/webapp-headers]
14-May-2024 14:13:21.963 INFO [http-nio-8080-exec-46] org.apache.catalina.startup.HostConfig.deployWAR Despliegue del archivo [E:\CURSOS\CursoJava\JavaEE\apache-tomcat-10.1.23\webapps\webapp-headers.war] de la aplicación web
14-May-2024 14:13:22.027 INFO [http-nio-8080-exec-46] org.apache.catalina.startup.HostConfig.deployWAR Deployment of web application archive [E:\CURSOS\CursoJava\JavaEE\apache-tomcat-10.1.23\webapps\webapp-headers.war] has finished in [65] ms
