03-Jun-2024 14:30:16.059 INFO [main] org.apache.catalina.core.ApplicationContext.log Inicializando la aplicación
03-Jun-2024 14:30:19.050 INFO [main] org.apache.catalina.core.ApplicationContext.log ContextListener: contextInitialized()
03-Jun-2024 14:30:19.051 INFO [main] org.apache.catalina.core.ApplicationContext.log SessionListener: contextInitialized()
03-Jun-2024 14:30:19.052 INFO [main] org.apache.catalina.core.ApplicationContext.log ContextListener: attributeAdded('StockTicker', 'async.Stockticker@1c4335c8')
03-Jun-2024 14:30:44.551 INFO [http-nio-8080-exec-1] org.apache.catalina.core.ApplicationContext.log Destruyendo la aplicación
03-Jun-2024 14:30:45.416 INFO [http-nio-8080-exec-1] org.apache.catalina.core.ApplicationContext.log Inicializando la aplicación
03-Jun-2024 14:30:57.223 INFO [http-nio-8080-exec-3] org.apache.catalina.core.ApplicationContext.log Petición iniciada
03-Jun-2024 14:30:59.047 INFO [http-nio-8080-exec-3] org.apache.catalina.core.ApplicationContext.log Inicializando la sesión HTTP
03-Jun-2024 14:30:59.051 INFO [http-nio-8080-exec-3] org.apache.catalina.core.ApplicationContext.log Petición destruida
03-Jun-2024 14:30:59.054 INFO [http-nio-8080-exec-5] org.apache.catalina.core.ApplicationContext.log Petición iniciada
03-Jun-2024 14:30:59.076 INFO [http-nio-8080-exec-5] org.apache.catalina.core.ApplicationContext.log Inicializando la sesión HTTP
03-Jun-2024 14:30:59.077 INFO [http-nio-8080-exec-5] org.apache.catalina.core.ApplicationContext.log Petición destruida
03-Jun-2024 14:31:01.740 INFO [http-nio-8080-exec-8] org.apache.catalina.core.ApplicationContext.log Petición iniciada
03-Jun-2024 14:31:02.080 INFO [http-nio-8080-exec-8] org.apache.catalina.core.ApplicationContext.log Petición destruida
03-Jun-2024 14:31:04.268 INFO [http-nio-8080-exec-2] org.apache.catalina.core.ApplicationContext.log Petición iniciada
03-Jun-2024 14:31:04.285 INFO [http-nio-8080-exec-2] org.apache.catalina.core.ApplicationContext.log Petición destruida
03-Jun-2024 14:31:05.861 INFO [http-nio-8080-exec-9] org.apache.catalina.core.ApplicationContext.log Petición iniciada
03-Jun-2024 14:31:06.034 INFO [http-nio-8080-exec-9] org.apache.catalina.core.ApplicationContext.log Petición destruida
03-Jun-2024 14:31:07.366 INFO [http-nio-8080-exec-4] org.apache.catalina.core.ApplicationContext.log Petición iniciada
03-Jun-2024 14:31:07.380 INFO [http-nio-8080-exec-4] org.apache.catalina.core.ApplicationContext.log Petición destruida
03-Jun-2024 14:31:07.386 INFO [http-nio-8080-exec-11] org.apache.catalina.core.ApplicationContext.log Petición iniciada
03-Jun-2024 14:31:07.398 INFO [http-nio-8080-exec-11] org.apache.catalina.core.ApplicationContext.log Petición destruida
03-Jun-2024 14:31:08.402 INFO [http-nio-8080-exec-6] org.apache.catalina.core.ApplicationContext.log Petición iniciada
03-Jun-2024 14:31:08.415 INFO [http-nio-8080-exec-6] org.apache.catalina.core.ApplicationContext.log Petición destruida
03-Jun-2024 14:31:10.999 INFO [http-nio-8080-exec-12] org.apache.catalina.core.ApplicationContext.log Petición iniciada
03-Jun-2024 14:31:11.011 INFO [http-nio-8080-exec-12] org.apache.catalina.core.ApplicationContext.log Petición destruida
03-Jun-2024 14:31:13.976 INFO [http-nio-8080-exec-7] org.apache.catalina.core.ApplicationContext.log Petición iniciada
03-Jun-2024 14:31:13.991 INFO [http-nio-8080-exec-7] org.apache.catalina.core.ApplicationContext.log Petición destruida
03-Jun-2024 14:31:13.999 INFO [http-nio-8080-exec-13] org.apache.catalina.core.ApplicationContext.log Petición iniciada
03-Jun-2024 14:31:14.015 INFO [http-nio-8080-exec-13] org.apache.catalina.core.ApplicationContext.log Petición destruida
03-Jun-2024 14:31:15.269 INFO [http-nio-8080-exec-14] org.apache.catalina.core.ApplicationContext.log Petición iniciada
03-Jun-2024 14:31:15.284 INFO [http-nio-8080-exec-14] org.apache.catalina.core.ApplicationContext.log Petición destruida
03-Jun-2024 14:31:16.010 INFO [http-nio-8080-exec-15] org.apache.catalina.core.ApplicationContext.log Petición iniciada
03-Jun-2024 14:31:16.025 INFO [http-nio-8080-exec-15] org.apache.catalina.core.ApplicationContext.log Petición destruida
03-Jun-2024 14:31:18.248 INFO [http-nio-8080-exec-16] org.apache.catalina.core.ApplicationContext.log Petición iniciada
03-Jun-2024 14:31:18.430 INFO [http-nio-8080-exec-16] org.apache.catalina.core.ApplicationContext.log Petición destruida
03-Jun-2024 14:32:29.124 INFO [http-nio-8080-exec-18] org.apache.catalina.core.ApplicationContext.log Destruyendo la sesión HTTP
03-Jun-2024 14:32:29.125 INFO [http-nio-8080-exec-18] org.apache.catalina.core.ApplicationContext.log Destruyendo la sesión HTTP
03-Jun-2024 14:32:29.125 INFO [http-nio-8080-exec-18] org.apache.catalina.core.ApplicationContext.log Destruyendo la aplicación
03-Jun-2024 14:32:30.320 INFO [http-nio-8080-exec-18] org.apache.catalina.core.ApplicationContext.log Inicializando la aplicación
03-Jun-2024 14:32:31.298 INFO [http-nio-8080-exec-13] org.apache.catalina.core.ApplicationContext.log Petición iniciada
03-Jun-2024 14:32:31.529 INFO [http-nio-8080-exec-13] org.apache.catalina.core.ApplicationContext.log Inicializando la sesión HTTP
03-Jun-2024 14:32:31.531 INFO [http-nio-8080-exec-13] org.apache.catalina.core.ApplicationContext.log Petición destruida
03-Jun-2024 14:32:32.080 INFO [http-nio-8080-exec-15] org.apache.catalina.core.ApplicationContext.log Petición iniciada
03-Jun-2024 14:32:32.095 INFO [http-nio-8080-exec-15] org.apache.catalina.core.ApplicationContext.log Petición destruida
03-Jun-2024 14:32:32.287 INFO [http-nio-8080-exec-11] org.apache.catalina.core.ApplicationContext.log Petición iniciada
03-Jun-2024 14:32:32.302 INFO [http-nio-8080-exec-11] org.apache.catalina.core.ApplicationContext.log Petición destruida
03-Jun-2024 14:32:32.480 INFO [http-nio-8080-exec-20] org.apache.catalina.core.ApplicationContext.log Petición iniciada
03-Jun-2024 14:32:32.495 INFO [http-nio-8080-exec-20] org.apache.catalina.core.ApplicationContext.log Petición destruida
03-Jun-2024 14:32:32.674 INFO [http-nio-8080-exec-14] org.apache.catalina.core.ApplicationContext.log Petición iniciada
03-Jun-2024 14:32:32.689 INFO [http-nio-8080-exec-14] org.apache.catalina.core.ApplicationContext.log Petición destruida
03-Jun-2024 14:32:32.862 INFO [http-nio-8080-exec-16] org.apache.catalina.core.ApplicationContext.log Petición iniciada
03-Jun-2024 14:32:32.873 INFO [http-nio-8080-exec-16] org.apache.catalina.core.ApplicationContext.log Petición destruida
03-Jun-2024 14:32:33.022 INFO [http-nio-8080-exec-17] org.apache.catalina.core.ApplicationContext.log Petición iniciada
03-Jun-2024 14:32:33.036 INFO [http-nio-8080-exec-17] org.apache.catalina.core.ApplicationContext.log Petición destruida
03-Jun-2024 14:32:33.191 INFO [http-nio-8080-exec-21] org.apache.catalina.core.ApplicationContext.log Petición iniciada
03-Jun-2024 14:32:33.204 INFO [http-nio-8080-exec-21] org.apache.catalina.core.ApplicationContext.log Petición destruida
03-Jun-2024 14:32:33.475 INFO [http-nio-8080-exec-12] org.apache.catalina.core.ApplicationContext.log Petición iniciada
03-Jun-2024 14:32:33.487 INFO [http-nio-8080-exec-12] org.apache.catalina.core.ApplicationContext.log Petición destruida
03-Jun-2024 14:32:33.737 INFO [http-nio-8080-exec-22] org.apache.catalina.core.ApplicationContext.log Petición iniciada
03-Jun-2024 14:32:33.748 INFO [http-nio-8080-exec-22] org.apache.catalina.core.ApplicationContext.log Petición destruida
03-Jun-2024 14:32:33.910 INFO [http-nio-8080-exec-19] org.apache.catalina.core.ApplicationContext.log Petición iniciada
03-Jun-2024 14:32:33.922 INFO [http-nio-8080-exec-19] org.apache.catalina.core.ApplicationContext.log Petición destruida
03-Jun-2024 14:32:34.082 INFO [http-nio-8080-exec-15] org.apache.catalina.core.ApplicationContext.log Petición iniciada
03-Jun-2024 14:32:34.095 INFO [http-nio-8080-exec-15] org.apache.catalina.core.ApplicationContext.log Petición destruida
03-Jun-2024 14:32:34.247 INFO [http-nio-8080-exec-11] org.apache.catalina.core.ApplicationContext.log Petición iniciada
03-Jun-2024 14:32:34.260 INFO [http-nio-8080-exec-11] org.apache.catalina.core.ApplicationContext.log Petición destruida
03-Jun-2024 14:33:00.384 INFO [http-nio-8080-exec-16] org.apache.catalina.core.ApplicationContext.log Petición iniciada
03-Jun-2024 14:33:00.392 INFO [http-nio-8080-exec-16] org.apache.catalina.core.ApplicationContext.log Petición destruida
03-Jun-2024 15:03:24.782 INFO [Catalina-utility-1] org.apache.catalina.core.ApplicationContext.log Destruyendo la sesión HTTP
03-Jun-2024 15:05:44.291 INFO [http-nio-8080-exec-22] org.apache.catalina.core.ApplicationContext.log Destruyendo la aplicación
03-Jun-2024 15:05:45.023 INFO [http-nio-8080-exec-22] org.apache.catalina.core.ApplicationContext.log Inicializando la aplicación
03-Jun-2024 15:05:47.617 INFO [http-nio-8080-exec-24] org.apache.catalina.core.ApplicationContext.log Petición iniciada
03-Jun-2024 15:05:47.809 INFO [http-nio-8080-exec-24] org.apache.catalina.core.ApplicationContext.log Inicializando la sesión HTTP
03-Jun-2024 15:05:47.811 INFO [http-nio-8080-exec-24] org.apache.catalina.core.ApplicationContext.log Petición destruida
03-Jun-2024 15:05:47.813 INFO [http-nio-8080-exec-26] org.apache.catalina.core.ApplicationContext.log Petición iniciada
03-Jun-2024 15:05:47.825 INFO [http-nio-8080-exec-26] org.apache.catalina.core.ApplicationContext.log Inicializando la sesión HTTP
03-Jun-2024 15:05:47.826 INFO [http-nio-8080-exec-26] org.apache.catalina.core.ApplicationContext.log Petición destruida
03-Jun-2024 15:05:56.859 INFO [http-nio-8080-exec-30] org.apache.catalina.core.ApplicationContext.log Petición iniciada
03-Jun-2024 15:05:57.089 SEVERE [http-nio-8080-exec-30] org.apache.catalina.core.ApplicationDispatcher.invoke El Servlet.service() para servlet [jsp] lanzó una excepción
	org.apache.jasper.JasperException: No se puede compilar la clase para JSP: 

Ha tenido lugar un error en la línea: [4] en el archivo jsp: [/form.jsp]
Syntax error, insert ";" to complete LocalVariableDeclarationStatement
1: <%@ page contentType="text/html;charset=UTF-8" language="java"
2:          import="org.emma.apiservlet.webapp.session.models.*, java.util.*" %>
3: <% List<Categoria> categorias = (List<Categoria>) request.getAttribute("categorias");
4:    Map<String,String> errores = (Map<String, String>) request.getAttribute("errores")%>
5: <html>
6: <head>
7:     <title>Formulario productos</title>


Stacktrace:
		at org.apache.jasper.compiler.DefaultErrorHandler.javacError(DefaultErrorHandler.java:102)
		at org.apache.jasper.compiler.ErrorDispatcher.javacError(ErrorDispatcher.java:214)
		at org.apache.jasper.compiler.JDTCompiler.generateClass(JDTCompiler.java:524)
		at org.apache.jasper.compiler.Compiler.compile(Compiler.java:402)
		at org.apache.jasper.compiler.Compiler.compile(Compiler.java:372)
		at org.apache.jasper.compiler.Compiler.compile(Compiler.java:356)
		at org.apache.jasper.JspCompilationContext.compile(JspCompilationContext.java:603)
		at org.apache.jasper.servlet.JspServletWrapper.service(JspServletWrapper.java:396)
		at org.apache.jasper.servlet.JspServlet.serviceJspFile(JspServlet.java:380)
		at org.apache.jasper.servlet.JspServlet.service(JspServlet.java:328)
		at jakarta.servlet.http.HttpServlet.service(HttpServlet.java:658)
		at org.apache.catalina.core.ApplicationFilterChain.internalDoFilter(ApplicationFilterChain.java:196)
		at org.apache.catalina.core.ApplicationFilterChain.doFilter(ApplicationFilterChain.java:140)
		at org.apache.tomcat.websocket.server.WsFilter.doFilter(WsFilter.java:51)
		at org.apache.catalina.core.ApplicationFilterChain.internalDoFilter(ApplicationFilterChain.java:165)
		at org.apache.catalina.core.ApplicationFilterChain.doFilter(ApplicationFilterChain.java:140)
		at org.apache.catalina.core.ApplicationDispatcher.invoke(ApplicationDispatcher.java:633)
		at org.apache.catalina.core.ApplicationDispatcher.processRequest(ApplicationDispatcher.java:409)
		at org.apache.catalina.core.ApplicationDispatcher.doForward(ApplicationDispatcher.java:330)
		at org.apache.catalina.core.ApplicationDispatcher.forward(ApplicationDispatcher.java:267)
		at org.emma.apiservlet.webapp.session.controllers.ProductoFormServlet.doGet(ProductoFormServlet.java:28)
		at jakarta.servlet.http.HttpServlet.service(HttpServlet.java:564)
		at jakarta.servlet.http.HttpServlet.service(HttpServlet.java:658)
		at org.apache.catalina.core.ApplicationFilterChain.internalDoFilter(ApplicationFilterChain.java:196)
		at org.apache.catalina.core.ApplicationFilterChain.doFilter(ApplicationFilterChain.java:140)
		at org.apache.tomcat.websocket.server.WsFilter.doFilter(WsFilter.java:51)
		at org.apache.catalina.core.ApplicationFilterChain.internalDoFilter(ApplicationFilterChain.java:165)
		at org.apache.catalina.core.ApplicationFilterChain.doFilter(ApplicationFilterChain.java:140)
		at org.emma.apiservlet.webapp.session.filters.ConexionFilter.doFilter(ConexionFilter.java:26)
		at org.apache.catalina.core.ApplicationFilterChain.internalDoFilter(ApplicationFilterChain.java:165)
		at org.apache.catalina.core.ApplicationFilterChain.doFilter(ApplicationFilterChain.java:140)
		at org.apache.catalina.core.StandardWrapperValve.invoke(StandardWrapperValve.java:167)
		at org.apache.catalina.core.StandardContextValve.invoke(StandardContextValve.java:90)
		at org.apache.catalina.authenticator.AuthenticatorBase.invoke(AuthenticatorBase.java:482)
		at org.apache.catalina.core.StandardHostValve.invoke(StandardHostValve.java:115)
		at org.apache.catalina.valves.ErrorReportValve.invoke(ErrorReportValve.java:93)
		at org.apache.catalina.valves.AbstractAccessLogValve.invoke(AbstractAccessLogValve.java:673)
		at org.apache.catalina.core.StandardEngineValve.invoke(StandardEngineValve.java:74)
		at org.apache.catalina.connector.CoyoteAdapter.service(CoyoteAdapter.java:344)
		at org.apache.coyote.http11.Http11Processor.service(Http11Processor.java:391)
		at org.apache.coyote.AbstractProcessorLight.process(AbstractProcessorLight.java:63)
		at org.apache.coyote.AbstractProtocol$ConnectionHandler.process(AbstractProtocol.java:896)
		at org.apache.tomcat.util.net.NioEndpoint$SocketProcessor.doRun(NioEndpoint.java:1736)
		at org.apache.tomcat.util.net.SocketProcessorBase.run(SocketProcessorBase.java:52)
		at org.apache.tomcat.util.threads.ThreadPoolExecutor.runWorker(ThreadPoolExecutor.java:1191)
		at org.apache.tomcat.util.threads.ThreadPoolExecutor$Worker.run(ThreadPoolExecutor.java:659)
		at org.apache.tomcat.util.threads.TaskThread$WrappingRunnable.run(TaskThread.java:63)
		at java.base/java.lang.Thread.run(Thread.java:1583)
03-Jun-2024 15:05:57.090 SEVERE [http-nio-8080-exec-30] org.apache.catalina.core.StandardWrapperValve.invoke El Servlet.service() para el servlet [org.emma.apiservlet.webapp.session.controllers.ProductoFormServlet] en el contexto con ruta [/webapp-session] lanzó la excepción [No se puede compilar la clase para JSP: 

Ha tenido lugar un error en la línea: [4] en el archivo jsp: [/form.jsp]
Syntax error, insert ";" to complete LocalVariableDeclarationStatement
1: <%@ page contentType="text/html;charset=UTF-8" language="java"
2:          import="org.emma.apiservlet.webapp.session.models.*, java.util.*" %>
3: <% List<Categoria> categorias = (List<Categoria>) request.getAttribute("categorias");
4:    Map<String,String> errores = (Map<String, String>) request.getAttribute("errores")%>
5: <html>
6: <head>
7:     <title>Formulario productos</title>


Stacktrace:] con causa raíz
	org.apache.jasper.JasperException: No se puede compilar la clase para JSP: 

Ha tenido lugar un error en la línea: [4] en el archivo jsp: [/form.jsp]
Syntax error, insert ";" to complete LocalVariableDeclarationStatement
1: <%@ page contentType="text/html;charset=UTF-8" language="java"
2:          import="org.emma.apiservlet.webapp.session.models.*, java.util.*" %>
3: <% List<Categoria> categorias = (List<Categoria>) request.getAttribute("categorias");
4:    Map<String,String> errores = (Map<String, String>) request.getAttribute("errores")%>
5: <html>
6: <head>
7:     <title>Formulario productos</title>


Stacktrace:
		at org.apache.jasper.compiler.DefaultErrorHandler.javacError(DefaultErrorHandler.java:102)
		at org.apache.jasper.compiler.ErrorDispatcher.javacError(ErrorDispatcher.java:214)
		at org.apache.jasper.compiler.JDTCompiler.generateClass(JDTCompiler.java:524)
		at org.apache.jasper.compiler.Compiler.compile(Compiler.java:402)
		at org.apache.jasper.compiler.Compiler.compile(Compiler.java:372)
		at org.apache.jasper.compiler.Compiler.compile(Compiler.java:356)
		at org.apache.jasper.JspCompilationContext.compile(JspCompilationContext.java:603)
		at org.apache.jasper.servlet.JspServletWrapper.service(JspServletWrapper.java:396)
		at org.apache.jasper.servlet.JspServlet.serviceJspFile(JspServlet.java:380)
		at org.apache.jasper.servlet.JspServlet.service(JspServlet.java:328)
		at jakarta.servlet.http.HttpServlet.service(HttpServlet.java:658)
		at org.apache.catalina.core.ApplicationFilterChain.internalDoFilter(ApplicationFilterChain.java:196)
		at org.apache.catalina.core.ApplicationFilterChain.doFilter(ApplicationFilterChain.java:140)
		at org.apache.tomcat.websocket.server.WsFilter.doFilter(WsFilter.java:51)
		at org.apache.catalina.core.ApplicationFilterChain.internalDoFilter(ApplicationFilterChain.java:165)
		at org.apache.catalina.core.ApplicationFilterChain.doFilter(ApplicationFilterChain.java:140)
		at org.apache.catalina.core.ApplicationDispatcher.invoke(ApplicationDispatcher.java:633)
		at org.apache.catalina.core.ApplicationDispatcher.processRequest(ApplicationDispatcher.java:409)
		at org.apache.catalina.core.ApplicationDispatcher.doForward(ApplicationDispatcher.java:330)
		at org.apache.catalina.core.ApplicationDispatcher.forward(ApplicationDispatcher.java:267)
		at org.emma.apiservlet.webapp.session.controllers.ProductoFormServlet.doGet(ProductoFormServlet.java:28)
		at jakarta.servlet.http.HttpServlet.service(HttpServlet.java:564)
		at jakarta.servlet.http.HttpServlet.service(HttpServlet.java:658)
		at org.apache.catalina.core.ApplicationFilterChain.internalDoFilter(ApplicationFilterChain.java:196)
		at org.apache.catalina.core.ApplicationFilterChain.doFilter(ApplicationFilterChain.java:140)
		at org.apache.tomcat.websocket.server.WsFilter.doFilter(WsFilter.java:51)
		at org.apache.catalina.core.ApplicationFilterChain.internalDoFilter(ApplicationFilterChain.java:165)
		at org.apache.catalina.core.ApplicationFilterChain.doFilter(ApplicationFilterChain.java:140)
		at org.emma.apiservlet.webapp.session.filters.ConexionFilter.doFilter(ConexionFilter.java:26)
		at org.apache.catalina.core.ApplicationFilterChain.internalDoFilter(ApplicationFilterChain.java:165)
		at org.apache.catalina.core.ApplicationFilterChain.doFilter(ApplicationFilterChain.java:140)
		at org.apache.catalina.core.StandardWrapperValve.invoke(StandardWrapperValve.java:167)
		at org.apache.catalina.core.StandardContextValve.invoke(StandardContextValve.java:90)
		at org.apache.catalina.authenticator.AuthenticatorBase.invoke(AuthenticatorBase.java:482)
		at org.apache.catalina.core.StandardHostValve.invoke(StandardHostValve.java:115)
		at org.apache.catalina.valves.ErrorReportValve.invoke(ErrorReportValve.java:93)
		at org.apache.catalina.valves.AbstractAccessLogValve.invoke(AbstractAccessLogValve.java:673)
		at org.apache.catalina.core.StandardEngineValve.invoke(StandardEngineValve.java:74)
		at org.apache.catalina.connector.CoyoteAdapter.service(CoyoteAdapter.java:344)
		at org.apache.coyote.http11.Http11Processor.service(Http11Processor.java:391)
		at org.apache.coyote.AbstractProcessorLight.process(AbstractProcessorLight.java:63)
		at org.apache.coyote.AbstractProtocol$ConnectionHandler.process(AbstractProtocol.java:896)
		at org.apache.tomcat.util.net.NioEndpoint$SocketProcessor.doRun(NioEndpoint.java:1736)
		at org.apache.tomcat.util.net.SocketProcessorBase.run(SocketProcessorBase.java:52)
		at org.apache.tomcat.util.threads.ThreadPoolExecutor.runWorker(ThreadPoolExecutor.java:1191)
		at org.apache.tomcat.util.threads.ThreadPoolExecutor$Worker.run(ThreadPoolExecutor.java:659)
		at org.apache.tomcat.util.threads.TaskThread$WrappingRunnable.run(TaskThread.java:63)
		at java.base/java.lang.Thread.run(Thread.java:1583)
03-Jun-2024 15:05:57.090 INFO [http-nio-8080-exec-30] org.apache.catalina.core.ApplicationContext.log Petición destruida
03-Jun-2024 15:05:59.553 INFO [http-nio-8080-exec-29] org.apache.catalina.core.ApplicationContext.log Petición iniciada
03-Jun-2024 15:05:59.678 INFO [http-nio-8080-exec-29] org.apache.catalina.core.ApplicationContext.log Petición destruida
03-Jun-2024 15:06:03.082 INFO [http-nio-8080-exec-28] org.apache.catalina.core.ApplicationContext.log Petición iniciada
03-Jun-2024 15:06:03.095 INFO [http-nio-8080-exec-28] org.apache.catalina.core.ApplicationContext.log Petición destruida
03-Jun-2024 15:06:03.100 INFO [http-nio-8080-exec-25] org.apache.catalina.core.ApplicationContext.log Petición iniciada
03-Jun-2024 15:06:03.111 INFO [http-nio-8080-exec-25] org.apache.catalina.core.ApplicationContext.log Petición destruida
03-Jun-2024 15:06:03.930 INFO [http-nio-8080-exec-23] org.apache.catalina.core.ApplicationContext.log Petición iniciada
03-Jun-2024 15:06:03.940 INFO [http-nio-8080-exec-23] org.apache.catalina.core.ApplicationContext.log Petición destruida
03-Jun-2024 15:06:04.734 INFO [http-nio-8080-exec-27] org.apache.catalina.core.ApplicationContext.log Petición iniciada
03-Jun-2024 15:06:04.888 INFO [http-nio-8080-exec-27] org.apache.catalina.core.ApplicationContext.log Petición destruida
03-Jun-2024 15:06:05.800 INFO [http-nio-8080-exec-32] org.apache.catalina.core.ApplicationContext.log Petición iniciada
03-Jun-2024 15:06:05.960 SEVERE [http-nio-8080-exec-32] org.apache.catalina.core.ApplicationDispatcher.invoke El Servlet.service() para servlet [jsp] lanzó una excepción
	org.apache.jasper.JasperException: No se puede compilar la clase para JSP: 

Ha tenido lugar un error en la línea: [4] en el archivo jsp: [/form.jsp]
Syntax error, insert ";" to complete LocalVariableDeclarationStatement
1: <%@ page contentType="text/html;charset=UTF-8" language="java"
2:          import="org.emma.apiservlet.webapp.session.models.*, java.util.*" %>
3: <% List<Categoria> categorias = (List<Categoria>) request.getAttribute("categorias");
4:    Map<String,String> errores = (Map<String, String>) request.getAttribute("errores")%>
5: <html>
6: <head>
7:     <title>Formulario productos</title>


Stacktrace:
		at org.apache.jasper.compiler.DefaultErrorHandler.javacError(DefaultErrorHandler.java:102)
		at org.apache.jasper.compiler.ErrorDispatcher.javacError(ErrorDispatcher.java:214)
		at org.apache.jasper.compiler.JDTCompiler.generateClass(JDTCompiler.java:524)
		at org.apache.jasper.compiler.Compiler.compile(Compiler.java:402)
		at org.apache.jasper.compiler.Compiler.compile(Compiler.java:372)
		at org.apache.jasper.compiler.Compiler.compile(Compiler.java:356)
		at org.apache.jasper.JspCompilationContext.compile(JspCompilationContext.java:603)
		at org.apache.jasper.servlet.JspServletWrapper.service(JspServletWrapper.java:396)
		at org.apache.jasper.servlet.JspServlet.serviceJspFile(JspServlet.java:380)
		at org.apache.jasper.servlet.JspServlet.service(JspServlet.java:328)
		at jakarta.servlet.http.HttpServlet.service(HttpServlet.java:658)
		at org.apache.catalina.core.ApplicationFilterChain.internalDoFilter(ApplicationFilterChain.java:196)
		at org.apache.catalina.core.ApplicationFilterChain.doFilter(ApplicationFilterChain.java:140)
		at org.apache.tomcat.websocket.server.WsFilter.doFilter(WsFilter.java:51)
		at org.apache.catalina.core.ApplicationFilterChain.internalDoFilter(ApplicationFilterChain.java:165)
		at org.apache.catalina.core.ApplicationFilterChain.doFilter(ApplicationFilterChain.java:140)
		at org.apache.catalina.core.ApplicationDispatcher.invoke(ApplicationDispatcher.java:633)
		at org.apache.catalina.core.ApplicationDispatcher.processRequest(ApplicationDispatcher.java:409)
		at org.apache.catalina.core.ApplicationDispatcher.doForward(ApplicationDispatcher.java:330)
		at org.apache.catalina.core.ApplicationDispatcher.forward(ApplicationDispatcher.java:267)
		at org.emma.apiservlet.webapp.session.controllers.ProductoFormServlet.doGet(ProductoFormServlet.java:28)
		at jakarta.servlet.http.HttpServlet.service(HttpServlet.java:564)
		at jakarta.servlet.http.HttpServlet.service(HttpServlet.java:658)
		at org.apache.catalina.core.ApplicationFilterChain.internalDoFilter(ApplicationFilterChain.java:196)
		at org.apache.catalina.core.ApplicationFilterChain.doFilter(ApplicationFilterChain.java:140)
		at org.apache.tomcat.websocket.server.WsFilter.doFilter(WsFilter.java:51)
		at org.apache.catalina.core.ApplicationFilterChain.internalDoFilter(ApplicationFilterChain.java:165)
		at org.apache.catalina.core.ApplicationFilterChain.doFilter(ApplicationFilterChain.java:140)
		at org.emma.apiservlet.webapp.session.filters.ConexionFilter.doFilter(ConexionFilter.java:26)
		at org.apache.catalina.core.ApplicationFilterChain.internalDoFilter(ApplicationFilterChain.java:165)
		at org.apache.catalina.core.ApplicationFilterChain.doFilter(ApplicationFilterChain.java:140)
		at org.apache.catalina.core.StandardWrapperValve.invoke(StandardWrapperValve.java:167)
		at org.apache.catalina.core.StandardContextValve.invoke(StandardContextValve.java:90)
		at org.apache.catalina.authenticator.AuthenticatorBase.invoke(AuthenticatorBase.java:482)
		at org.apache.catalina.core.StandardHostValve.invoke(StandardHostValve.java:115)
		at org.apache.catalina.valves.ErrorReportValve.invoke(ErrorReportValve.java:93)
		at org.apache.catalina.valves.AbstractAccessLogValve.invoke(AbstractAccessLogValve.java:673)
		at org.apache.catalina.core.StandardEngineValve.invoke(StandardEngineValve.java:74)
		at org.apache.catalina.connector.CoyoteAdapter.service(CoyoteAdapter.java:344)
		at org.apache.coyote.http11.Http11Processor.service(Http11Processor.java:391)
		at org.apache.coyote.AbstractProcessorLight.process(AbstractProcessorLight.java:63)
		at org.apache.coyote.AbstractProtocol$ConnectionHandler.process(AbstractProtocol.java:896)
		at org.apache.tomcat.util.net.NioEndpoint$SocketProcessor.doRun(NioEndpoint.java:1736)
		at org.apache.tomcat.util.net.SocketProcessorBase.run(SocketProcessorBase.java:52)
		at org.apache.tomcat.util.threads.ThreadPoolExecutor.runWorker(ThreadPoolExecutor.java:1191)
		at org.apache.tomcat.util.threads.ThreadPoolExecutor$Worker.run(ThreadPoolExecutor.java:659)
		at org.apache.tomcat.util.threads.TaskThread$WrappingRunnable.run(TaskThread.java:63)
		at java.base/java.lang.Thread.run(Thread.java:1583)
03-Jun-2024 15:06:05.961 SEVERE [http-nio-8080-exec-32] org.apache.catalina.core.StandardWrapperValve.invoke El Servlet.service() para el servlet [org.emma.apiservlet.webapp.session.controllers.ProductoFormServlet] en el contexto con ruta [/webapp-session] lanzó la excepción [No se puede compilar la clase para JSP: 

Ha tenido lugar un error en la línea: [4] en el archivo jsp: [/form.jsp]
Syntax error, insert ";" to complete LocalVariableDeclarationStatement
1: <%@ page contentType="text/html;charset=UTF-8" language="java"
2:          import="org.emma.apiservlet.webapp.session.models.*, java.util.*" %>
3: <% List<Categoria> categorias = (List<Categoria>) request.getAttribute("categorias");
4:    Map<String,String> errores = (Map<String, String>) request.getAttribute("errores")%>
5: <html>
6: <head>
7:     <title>Formulario productos</title>


Stacktrace:] con causa raíz
	org.apache.jasper.JasperException: No se puede compilar la clase para JSP: 

Ha tenido lugar un error en la línea: [4] en el archivo jsp: [/form.jsp]
Syntax error, insert ";" to complete LocalVariableDeclarationStatement
1: <%@ page contentType="text/html;charset=UTF-8" language="java"
2:          import="org.emma.apiservlet.webapp.session.models.*, java.util.*" %>
3: <% List<Categoria> categorias = (List<Categoria>) request.getAttribute("categorias");
4:    Map<String,String> errores = (Map<String, String>) request.getAttribute("errores")%>
5: <html>
6: <head>
7:     <title>Formulario productos</title>


Stacktrace:
		at org.apache.jasper.compiler.DefaultErrorHandler.javacError(DefaultErrorHandler.java:102)
		at org.apache.jasper.compiler.ErrorDispatcher.javacError(ErrorDispatcher.java:214)
		at org.apache.jasper.compiler.JDTCompiler.generateClass(JDTCompiler.java:524)
		at org.apache.jasper.compiler.Compiler.compile(Compiler.java:402)
		at org.apache.jasper.compiler.Compiler.compile(Compiler.java:372)
		at org.apache.jasper.compiler.Compiler.compile(Compiler.java:356)
		at org.apache.jasper.JspCompilationContext.compile(JspCompilationContext.java:603)
		at org.apache.jasper.servlet.JspServletWrapper.service(JspServletWrapper.java:396)
		at org.apache.jasper.servlet.JspServlet.serviceJspFile(JspServlet.java:380)
		at org.apache.jasper.servlet.JspServlet.service(JspServlet.java:328)
		at jakarta.servlet.http.HttpServlet.service(HttpServlet.java:658)
		at org.apache.catalina.core.ApplicationFilterChain.internalDoFilter(ApplicationFilterChain.java:196)
		at org.apache.catalina.core.ApplicationFilterChain.doFilter(ApplicationFilterChain.java:140)
		at org.apache.tomcat.websocket.server.WsFilter.doFilter(WsFilter.java:51)
		at org.apache.catalina.core.ApplicationFilterChain.internalDoFilter(ApplicationFilterChain.java:165)
		at org.apache.catalina.core.ApplicationFilterChain.doFilter(ApplicationFilterChain.java:140)
		at org.apache.catalina.core.ApplicationDispatcher.invoke(ApplicationDispatcher.java:633)
		at org.apache.catalina.core.ApplicationDispatcher.processRequest(ApplicationDispatcher.java:409)
		at org.apache.catalina.core.ApplicationDispatcher.doForward(ApplicationDispatcher.java:330)
		at org.apache.catalina.core.ApplicationDispatcher.forward(ApplicationDispatcher.java:267)
		at org.emma.apiservlet.webapp.session.controllers.ProductoFormServlet.doGet(ProductoFormServlet.java:28)
		at jakarta.servlet.http.HttpServlet.service(HttpServlet.java:564)
		at jakarta.servlet.http.HttpServlet.service(HttpServlet.java:658)
		at org.apache.catalina.core.ApplicationFilterChain.internalDoFilter(ApplicationFilterChain.java:196)
		at org.apache.catalina.core.ApplicationFilterChain.doFilter(ApplicationFilterChain.java:140)
		at org.apache.tomcat.websocket.server.WsFilter.doFilter(WsFilter.java:51)
		at org.apache.catalina.core.ApplicationFilterChain.internalDoFilter(ApplicationFilterChain.java:165)
		at org.apache.catalina.core.ApplicationFilterChain.doFilter(ApplicationFilterChain.java:140)
		at org.emma.apiservlet.webapp.session.filters.ConexionFilter.doFilter(ConexionFilter.java:26)
		at org.apache.catalina.core.ApplicationFilterChain.internalDoFilter(ApplicationFilterChain.java:165)
		at org.apache.catalina.core.ApplicationFilterChain.doFilter(ApplicationFilterChain.java:140)
		at org.apache.catalina.core.StandardWrapperValve.invoke(StandardWrapperValve.java:167)
		at org.apache.catalina.core.StandardContextValve.invoke(StandardContextValve.java:90)
		at org.apache.catalina.authenticator.AuthenticatorBase.invoke(AuthenticatorBase.java:482)
		at org.apache.catalina.core.StandardHostValve.invoke(StandardHostValve.java:115)
		at org.apache.catalina.valves.ErrorReportValve.invoke(ErrorReportValve.java:93)
		at org.apache.catalina.valves.AbstractAccessLogValve.invoke(AbstractAccessLogValve.java:673)
		at org.apache.catalina.core.StandardEngineValve.invoke(StandardEngineValve.java:74)
		at org.apache.catalina.connector.CoyoteAdapter.service(CoyoteAdapter.java:344)
		at org.apache.coyote.http11.Http11Processor.service(Http11Processor.java:391)
		at org.apache.coyote.AbstractProcessorLight.process(AbstractProcessorLight.java:63)
		at org.apache.coyote.AbstractProtocol$ConnectionHandler.process(AbstractProtocol.java:896)
		at org.apache.tomcat.util.net.NioEndpoint$SocketProcessor.doRun(NioEndpoint.java:1736)
		at org.apache.tomcat.util.net.SocketProcessorBase.run(SocketProcessorBase.java:52)
		at org.apache.tomcat.util.threads.ThreadPoolExecutor.runWorker(ThreadPoolExecutor.java:1191)
		at org.apache.tomcat.util.threads.ThreadPoolExecutor$Worker.run(ThreadPoolExecutor.java:659)
		at org.apache.tomcat.util.threads.TaskThread$WrappingRunnable.run(TaskThread.java:63)
		at java.base/java.lang.Thread.run(Thread.java:1583)
03-Jun-2024 15:06:05.962 INFO [http-nio-8080-exec-32] org.apache.catalina.core.ApplicationContext.log Petición destruida
03-Jun-2024 15:06:25.668 INFO [http-nio-8080-exec-26] org.apache.catalina.core.ApplicationContext.log Destruyendo la sesión HTTP
03-Jun-2024 15:06:25.668 INFO [http-nio-8080-exec-26] org.apache.catalina.core.ApplicationContext.log Destruyendo la sesión HTTP
03-Jun-2024 15:06:25.668 INFO [http-nio-8080-exec-26] org.apache.catalina.core.ApplicationContext.log Destruyendo la aplicación
03-Jun-2024 15:06:26.476 INFO [http-nio-8080-exec-26] org.apache.catalina.core.ApplicationContext.log Inicializando la aplicación
03-Jun-2024 15:06:30.589 INFO [http-nio-8080-exec-33] org.apache.catalina.core.ApplicationContext.log Petición iniciada
03-Jun-2024 15:06:30.755 INFO [http-nio-8080-exec-33] org.apache.catalina.core.ApplicationContext.log Inicializando la sesión HTTP
03-Jun-2024 15:06:30.757 INFO [http-nio-8080-exec-33] org.apache.catalina.core.ApplicationContext.log Petición destruida
03-Jun-2024 15:06:44.253 INFO [http-nio-8080-exec-32] org.apache.catalina.core.ApplicationContext.log Petición iniciada
03-Jun-2024 15:06:44.265 SEVERE [http-nio-8080-exec-32] org.apache.catalina.core.StandardWrapperValve.invoke Servlet.service() para servlet [org.emma.apiservlet.webapp.session.controllers.ProductoFormServlet] lanzó excepción
	java.lang.NullPointerException: Cannot invoke "String.isBlank()" because "sku" is null
		at org.emma.apiservlet.webapp.session.controllers.ProductoFormServlet.validacionCampos(ProductoFormServlet.java:77)
		at org.emma.apiservlet.webapp.session.controllers.ProductoFormServlet.doPost(ProductoFormServlet.java:52)
		at jakarta.servlet.http.HttpServlet.service(HttpServlet.java:590)
		at jakarta.servlet.http.HttpServlet.service(HttpServlet.java:658)
		at org.apache.catalina.core.ApplicationFilterChain.internalDoFilter(ApplicationFilterChain.java:196)
		at org.apache.catalina.core.ApplicationFilterChain.doFilter(ApplicationFilterChain.java:140)
		at org.apache.tomcat.websocket.server.WsFilter.doFilter(WsFilter.java:51)
		at org.apache.catalina.core.ApplicationFilterChain.internalDoFilter(ApplicationFilterChain.java:165)
		at org.apache.catalina.core.ApplicationFilterChain.doFilter(ApplicationFilterChain.java:140)
		at org.emma.apiservlet.webapp.session.filters.ConexionFilter.doFilter(ConexionFilter.java:26)
		at org.apache.catalina.core.ApplicationFilterChain.internalDoFilter(ApplicationFilterChain.java:165)
		at org.apache.catalina.core.ApplicationFilterChain.doFilter(ApplicationFilterChain.java:140)
		at org.apache.catalina.core.StandardWrapperValve.invoke(StandardWrapperValve.java:167)
		at org.apache.catalina.core.StandardContextValve.invoke(StandardContextValve.java:90)
		at org.apache.catalina.authenticator.AuthenticatorBase.invoke(AuthenticatorBase.java:482)
		at org.apache.catalina.core.StandardHostValve.invoke(StandardHostValve.java:115)
		at org.apache.catalina.valves.ErrorReportValve.invoke(ErrorReportValve.java:93)
		at org.apache.catalina.valves.AbstractAccessLogValve.invoke(AbstractAccessLogValve.java:673)
		at org.apache.catalina.core.StandardEngineValve.invoke(StandardEngineValve.java:74)
		at org.apache.catalina.connector.CoyoteAdapter.service(CoyoteAdapter.java:344)
		at org.apache.coyote.http11.Http11Processor.service(Http11Processor.java:391)
		at org.apache.coyote.AbstractProcessorLight.process(AbstractProcessorLight.java:63)
		at org.apache.coyote.AbstractProtocol$ConnectionHandler.process(AbstractProtocol.java:896)
		at org.apache.tomcat.util.net.NioEndpoint$SocketProcessor.doRun(NioEndpoint.java:1736)
		at org.apache.tomcat.util.net.SocketProcessorBase.run(SocketProcessorBase.java:52)
		at org.apache.tomcat.util.threads.ThreadPoolExecutor.runWorker(ThreadPoolExecutor.java:1191)
		at org.apache.tomcat.util.threads.ThreadPoolExecutor$Worker.run(ThreadPoolExecutor.java:659)
		at org.apache.tomcat.util.threads.TaskThread$WrappingRunnable.run(TaskThread.java:63)
		at java.base/java.lang.Thread.run(Thread.java:1583)
03-Jun-2024 15:06:44.265 INFO [http-nio-8080-exec-32] org.apache.catalina.core.ApplicationContext.log Petición destruida
03-Jun-2024 15:08:52.132 INFO [http-nio-8080-exec-38] org.apache.catalina.core.ApplicationContext.log Destruyendo la sesión HTTP
03-Jun-2024 15:08:52.132 INFO [http-nio-8080-exec-38] org.apache.catalina.core.ApplicationContext.log Destruyendo la aplicación
03-Jun-2024 15:08:53.034 INFO [http-nio-8080-exec-38] org.apache.catalina.core.ApplicationContext.log Inicializando la aplicación
03-Jun-2024 15:09:38.050 INFO [http-nio-8080-exec-42] org.apache.catalina.core.ApplicationContext.log Destruyendo la aplicación
03-Jun-2024 15:09:39.124 INFO [http-nio-8080-exec-42] org.apache.catalina.core.ApplicationContext.log Inicializando la aplicación
03-Jun-2024 15:09:43.570 INFO [http-nio-8080-exec-43] org.apache.catalina.core.ApplicationContext.log Petición iniciada
03-Jun-2024 15:09:43.592 SEVERE [http-nio-8080-exec-43] org.apache.catalina.core.StandardWrapperValve.invoke Servlet.service() para servlet [org.emma.apiservlet.webapp.session.controllers.ProductoFormServlet] lanzó excepción
	java.lang.NullPointerException: Cannot invoke "String.isBlank()" because "fechaStr" is null
		at org.emma.apiservlet.webapp.session.controllers.ProductoFormServlet.validacionCampos(ProductoFormServlet.java:83)
		at org.emma.apiservlet.webapp.session.controllers.ProductoFormServlet.doPost(ProductoFormServlet.java:52)
		at jakarta.servlet.http.HttpServlet.service(HttpServlet.java:590)
		at jakarta.servlet.http.HttpServlet.service(HttpServlet.java:658)
		at org.apache.catalina.core.ApplicationFilterChain.internalDoFilter(ApplicationFilterChain.java:196)
		at org.apache.catalina.core.ApplicationFilterChain.doFilter(ApplicationFilterChain.java:140)
		at org.apache.tomcat.websocket.server.WsFilter.doFilter(WsFilter.java:51)
		at org.apache.catalina.core.ApplicationFilterChain.internalDoFilter(ApplicationFilterChain.java:165)
		at org.apache.catalina.core.ApplicationFilterChain.doFilter(ApplicationFilterChain.java:140)
		at org.emma.apiservlet.webapp.session.filters.ConexionFilter.doFilter(ConexionFilter.java:26)
		at org.apache.catalina.core.ApplicationFilterChain.internalDoFilter(ApplicationFilterChain.java:165)
		at org.apache.catalina.core.ApplicationFilterChain.doFilter(ApplicationFilterChain.java:140)
		at org.apache.catalina.core.StandardWrapperValve.invoke(StandardWrapperValve.java:167)
		at org.apache.catalina.core.StandardContextValve.invoke(StandardContextValve.java:90)
		at org.apache.catalina.authenticator.AuthenticatorBase.invoke(AuthenticatorBase.java:482)
		at org.apache.catalina.core.StandardHostValve.invoke(StandardHostValve.java:115)
		at org.apache.catalina.valves.ErrorReportValve.invoke(ErrorReportValve.java:93)
		at org.apache.catalina.valves.AbstractAccessLogValve.invoke(AbstractAccessLogValve.java:673)
		at org.apache.catalina.core.StandardEngineValve.invoke(StandardEngineValve.java:74)
		at org.apache.catalina.connector.CoyoteAdapter.service(CoyoteAdapter.java:344)
		at org.apache.coyote.http11.Http11Processor.service(Http11Processor.java:391)
		at org.apache.coyote.AbstractProcessorLight.process(AbstractProcessorLight.java:63)
		at org.apache.coyote.AbstractProtocol$ConnectionHandler.process(AbstractProtocol.java:896)
		at org.apache.tomcat.util.net.NioEndpoint$SocketProcessor.doRun(NioEndpoint.java:1736)
		at org.apache.tomcat.util.net.SocketProcessorBase.run(SocketProcessorBase.java:52)
		at org.apache.tomcat.util.threads.ThreadPoolExecutor.runWorker(ThreadPoolExecutor.java:1191)
		at org.apache.tomcat.util.threads.ThreadPoolExecutor$Worker.run(ThreadPoolExecutor.java:659)
		at org.apache.tomcat.util.threads.TaskThread$WrappingRunnable.run(TaskThread.java:63)
		at java.base/java.lang.Thread.run(Thread.java:1583)
03-Jun-2024 15:09:43.592 INFO [http-nio-8080-exec-43] org.apache.catalina.core.ApplicationContext.log Petición destruida
03-Jun-2024 15:10:40.894 INFO [http-nio-8080-exec-46] org.apache.catalina.core.ApplicationContext.log Destruyendo la aplicación
03-Jun-2024 15:10:41.999 INFO [http-nio-8080-exec-46] org.apache.catalina.core.ApplicationContext.log Inicializando la aplicación
03-Jun-2024 15:10:44.349 INFO [http-nio-8080-exec-40] org.apache.catalina.core.ApplicationContext.log Petición iniciada
03-Jun-2024 15:10:44.583 INFO [http-nio-8080-exec-40] org.apache.catalina.core.ApplicationContext.log Inicializando la sesión HTTP
03-Jun-2024 15:10:44.586 INFO [http-nio-8080-exec-40] org.apache.catalina.core.ApplicationContext.log Petición destruida
03-Jun-2024 15:10:55.937 INFO [http-nio-8080-exec-49] org.apache.catalina.core.ApplicationContext.log Petición iniciada
03-Jun-2024 15:10:55.957 INFO [http-nio-8080-exec-49] org.apache.catalina.core.ApplicationContext.log Petición destruida
03-Jun-2024 15:11:09.674 INFO [http-nio-8080-exec-44] org.apache.catalina.core.ApplicationContext.log Petición iniciada
03-Jun-2024 15:11:09.696 INFO [http-nio-8080-exec-44] org.apache.catalina.core.ApplicationContext.log Petición destruida
03-Jun-2024 15:12:01.875 INFO [http-nio-8080-exec-51] org.apache.catalina.core.ApplicationContext.log Destruyendo la sesión HTTP
03-Jun-2024 15:12:01.875 INFO [http-nio-8080-exec-51] org.apache.catalina.core.ApplicationContext.log Destruyendo la aplicación
03-Jun-2024 15:12:03.016 INFO [http-nio-8080-exec-51] org.apache.catalina.core.ApplicationContext.log Inicializando la aplicación
03-Jun-2024 15:12:09.303 INFO [http-nio-8080-exec-58] org.apache.catalina.core.ApplicationContext.log Petición iniciada
03-Jun-2024 15:12:09.526 INFO [http-nio-8080-exec-58] org.apache.catalina.core.ApplicationContext.log Inicializando la sesión HTTP
03-Jun-2024 15:12:09.527 INFO [http-nio-8080-exec-58] org.apache.catalina.core.ApplicationContext.log Petición destruida
03-Jun-2024 15:12:11.197 INFO [http-nio-8080-exec-56] org.apache.catalina.core.ApplicationContext.log Petición iniciada
03-Jun-2024 15:12:11.211 INFO [http-nio-8080-exec-56] org.apache.catalina.core.ApplicationContext.log Petición destruida
03-Jun-2024 15:12:13.509 INFO [http-nio-8080-exec-41] org.apache.catalina.core.ApplicationContext.log Petición iniciada
03-Jun-2024 15:12:13.522 INFO [http-nio-8080-exec-41] org.apache.catalina.core.ApplicationContext.log Petición destruida
03-Jun-2024 15:12:22.484 INFO [http-nio-8080-exec-57] org.apache.catalina.core.ApplicationContext.log Petición iniciada
03-Jun-2024 15:12:22.499 INFO [http-nio-8080-exec-57] org.apache.catalina.core.ApplicationContext.log Petición destruida
03-Jun-2024 15:13:39.004 INFO [http-nio-8080-exec-59] org.apache.catalina.core.ApplicationContext.log Petición iniciada
03-Jun-2024 15:13:39.018 INFO [http-nio-8080-exec-59] org.apache.catalina.core.ApplicationContext.log Petición destruida
03-Jun-2024 15:13:41.877 INFO [http-nio-8080-exec-60] org.apache.catalina.core.ApplicationContext.log Petición iniciada
03-Jun-2024 15:13:41.887 INFO [http-nio-8080-exec-60] org.apache.catalina.core.ApplicationContext.log Petición destruida
03-Jun-2024 15:13:45.675 INFO [http-nio-8080-exec-61] org.apache.catalina.core.ApplicationContext.log Petición iniciada
03-Jun-2024 15:13:45.834 INFO [http-nio-8080-exec-61] org.apache.catalina.core.ApplicationContext.log Petición destruida
03-Jun-2024 15:13:46.375 INFO [http-nio-8080-exec-62] org.apache.catalina.core.ApplicationContext.log Petición iniciada
03-Jun-2024 15:13:46.389 INFO [http-nio-8080-exec-62] org.apache.catalina.core.ApplicationContext.log Petición destruida
03-Jun-2024 15:13:46.591 INFO [http-nio-8080-exec-63] org.apache.catalina.core.ApplicationContext.log Petición iniciada
03-Jun-2024 15:13:46.603 INFO [http-nio-8080-exec-63] org.apache.catalina.core.ApplicationContext.log Petición destruida
03-Jun-2024 15:13:46.793 INFO [http-nio-8080-exec-64] org.apache.catalina.core.ApplicationContext.log Petición iniciada
03-Jun-2024 15:13:46.804 INFO [http-nio-8080-exec-64] org.apache.catalina.core.ApplicationContext.log Petición destruida
03-Jun-2024 15:13:48.267 INFO [http-nio-8080-exec-65] org.apache.catalina.core.ApplicationContext.log Petición iniciada
03-Jun-2024 15:13:48.360 INFO [http-nio-8080-exec-65] org.apache.catalina.core.ApplicationContext.log Petición destruida
03-Jun-2024 15:13:53.953 INFO [http-nio-8080-exec-52] org.apache.catalina.core.ApplicationContext.log Petición iniciada
03-Jun-2024 15:13:53.964 INFO [http-nio-8080-exec-52] org.apache.catalina.core.ApplicationContext.log Petición destruida
03-Jun-2024 15:13:53.968 INFO [http-nio-8080-exec-66] org.apache.catalina.core.ApplicationContext.log Petición iniciada
03-Jun-2024 15:13:53.978 INFO [http-nio-8080-exec-66] org.apache.catalina.core.ApplicationContext.log Petición destruida
03-Jun-2024 15:13:55.047 INFO [http-nio-8080-exec-59] org.apache.catalina.core.ApplicationContext.log Petición iniciada
03-Jun-2024 15:13:55.146 INFO [http-nio-8080-exec-59] org.apache.catalina.core.ApplicationContext.log Petición destruida
03-Jun-2024 15:13:55.832 INFO [http-nio-8080-exec-60] org.apache.catalina.core.ApplicationContext.log Petición iniciada
03-Jun-2024 15:13:55.843 INFO [http-nio-8080-exec-60] org.apache.catalina.core.ApplicationContext.log Petición destruida
03-Jun-2024 15:13:58.100 INFO [http-nio-8080-exec-61] org.apache.catalina.core.ApplicationContext.log Petición iniciada
03-Jun-2024 15:13:58.111 INFO [http-nio-8080-exec-61] org.apache.catalina.core.ApplicationContext.log Petición destruida
03-Jun-2024 15:14:00.234 INFO [http-nio-8080-exec-63] org.apache.catalina.core.ApplicationContext.log Petición iniciada
03-Jun-2024 15:14:00.245 INFO [http-nio-8080-exec-63] org.apache.catalina.core.ApplicationContext.log Petición destruida
03-Jun-2024 15:14:07.893 INFO [http-nio-8080-exec-64] org.apache.catalina.core.ApplicationContext.log Petición iniciada
03-Jun-2024 15:14:07.904 INFO [http-nio-8080-exec-64] org.apache.catalina.core.ApplicationContext.log Petición destruida
03-Jun-2024 15:16:59.234 INFO [http-nio-8080-exec-66] org.apache.catalina.core.ApplicationContext.log Petición iniciada
03-Jun-2024 15:16:59.248 INFO [http-nio-8080-exec-66] org.apache.catalina.core.ApplicationContext.log Petición destruida
03-Jun-2024 15:17:00.782 INFO [http-nio-8080-exec-67] org.apache.catalina.core.ApplicationContext.log Petición iniciada
03-Jun-2024 15:17:00.797 INFO [http-nio-8080-exec-67] org.apache.catalina.core.ApplicationContext.log Petición destruida
03-Jun-2024 15:17:00.923 INFO [http-nio-8080-exec-59] org.apache.catalina.core.ApplicationContext.log Petición iniciada
03-Jun-2024 15:17:00.965 INFO [http-nio-8080-exec-59] org.apache.catalina.core.ApplicationContext.log Petición destruida
03-Jun-2024 15:17:01.088 INFO [http-nio-8080-exec-60] org.apache.catalina.core.ApplicationContext.log Petición iniciada
03-Jun-2024 15:17:01.104 INFO [http-nio-8080-exec-60] org.apache.catalina.core.ApplicationContext.log Petición destruida
03-Jun-2024 15:17:01.256 INFO [http-nio-8080-exec-61] org.apache.catalina.core.ApplicationContext.log Petición iniciada
03-Jun-2024 15:17:01.269 INFO [http-nio-8080-exec-61] org.apache.catalina.core.ApplicationContext.log Petición destruida
03-Jun-2024 15:17:01.417 INFO [http-nio-8080-exec-62] org.apache.catalina.core.ApplicationContext.log Petición iniciada
03-Jun-2024 15:17:01.435 INFO [http-nio-8080-exec-62] org.apache.catalina.core.ApplicationContext.log Petición destruida
03-Jun-2024 15:17:01.615 INFO [http-nio-8080-exec-63] org.apache.catalina.core.ApplicationContext.log Petición iniciada
03-Jun-2024 15:17:01.639 INFO [http-nio-8080-exec-63] org.apache.catalina.core.ApplicationContext.log Petición destruida
03-Jun-2024 15:17:01.802 INFO [http-nio-8080-exec-64] org.apache.catalina.core.ApplicationContext.log Petición iniciada
03-Jun-2024 15:17:01.858 INFO [http-nio-8080-exec-64] org.apache.catalina.core.ApplicationContext.log Petición destruida
03-Jun-2024 15:17:02.123 INFO [http-nio-8080-exec-65] org.apache.catalina.core.ApplicationContext.log Petición iniciada
03-Jun-2024 15:17:02.139 INFO [http-nio-8080-exec-65] org.apache.catalina.core.ApplicationContext.log Petición destruida
03-Jun-2024 15:17:02.296 INFO [http-nio-8080-exec-68] org.apache.catalina.core.ApplicationContext.log Petición iniciada
03-Jun-2024 15:17:02.311 INFO [http-nio-8080-exec-68] org.apache.catalina.core.ApplicationContext.log Petición destruida
03-Jun-2024 15:17:02.488 INFO [http-nio-8080-exec-66] org.apache.catalina.core.ApplicationContext.log Petición iniciada
03-Jun-2024 15:17:02.505 INFO [http-nio-8080-exec-66] org.apache.catalina.core.ApplicationContext.log Petición destruida
03-Jun-2024 15:17:02.680 INFO [http-nio-8080-exec-67] org.apache.catalina.core.ApplicationContext.log Petición iniciada
03-Jun-2024 15:17:02.698 INFO [http-nio-8080-exec-67] org.apache.catalina.core.ApplicationContext.log Petición destruida
03-Jun-2024 15:17:03.007 INFO [http-nio-8080-exec-59] org.apache.catalina.core.ApplicationContext.log Petición iniciada
03-Jun-2024 15:17:03.074 INFO [http-nio-8080-exec-59] org.apache.catalina.core.ApplicationContext.log Petición destruida
03-Jun-2024 15:17:03.593 INFO [http-nio-8080-exec-60] org.apache.catalina.core.ApplicationContext.log Petición iniciada
03-Jun-2024 15:17:03.611 INFO [http-nio-8080-exec-60] org.apache.catalina.core.ApplicationContext.log Petición destruida
03-Jun-2024 15:17:03.782 INFO [http-nio-8080-exec-61] org.apache.catalina.core.ApplicationContext.log Petición iniciada
03-Jun-2024 15:17:03.795 INFO [http-nio-8080-exec-61] org.apache.catalina.core.ApplicationContext.log Petición destruida
03-Jun-2024 15:17:03.992 INFO [http-nio-8080-exec-62] org.apache.catalina.core.ApplicationContext.log Petición iniciada
03-Jun-2024 15:17:04.013 INFO [http-nio-8080-exec-62] org.apache.catalina.core.ApplicationContext.log Petición destruida
03-Jun-2024 15:17:06.792 INFO [http-nio-8080-exec-63] org.apache.catalina.core.ApplicationContext.log Destruyendo la sesión HTTP
03-Jun-2024 15:17:06.792 INFO [http-nio-8080-exec-63] org.apache.catalina.core.ApplicationContext.log Destruyendo la aplicación
03-Jun-2024 15:17:07.952 INFO [http-nio-8080-exec-63] org.apache.catalina.core.ApplicationContext.log Inicializando la aplicación
03-Jun-2024 15:17:08.334 INFO [http-nio-8080-exec-61] org.apache.catalina.core.ApplicationContext.log Petición iniciada
03-Jun-2024 15:17:08.360 INFO [http-nio-8080-exec-61] org.apache.catalina.core.ApplicationContext.log Inicializando la sesión HTTP
03-Jun-2024 15:17:08.584 INFO [http-nio-8080-exec-61] org.apache.catalina.core.ApplicationContext.log Petición destruida
03-Jun-2024 15:17:08.697 INFO [http-nio-8080-exec-62] org.apache.catalina.core.ApplicationContext.log Petición iniciada
03-Jun-2024 15:17:08.712 INFO [http-nio-8080-exec-62] org.apache.catalina.core.ApplicationContext.log Petición destruida
03-Jun-2024 15:17:08.902 INFO [http-nio-8080-exec-66] org.apache.catalina.core.ApplicationContext.log Petición iniciada
03-Jun-2024 15:17:08.918 INFO [http-nio-8080-exec-66] org.apache.catalina.core.ApplicationContext.log Petición destruida
03-Jun-2024 15:17:09.036 INFO [http-nio-8080-exec-59] org.apache.catalina.core.ApplicationContext.log Petición iniciada
03-Jun-2024 15:17:09.049 INFO [http-nio-8080-exec-59] org.apache.catalina.core.ApplicationContext.log Petición destruida
03-Jun-2024 15:17:09.213 INFO [http-nio-8080-exec-68] org.apache.catalina.core.ApplicationContext.log Petición iniciada
03-Jun-2024 15:17:09.225 INFO [http-nio-8080-exec-68] org.apache.catalina.core.ApplicationContext.log Petición destruida
03-Jun-2024 15:17:09.388 INFO [http-nio-8080-exec-64] org.apache.catalina.core.ApplicationContext.log Petición iniciada
03-Jun-2024 15:17:09.400 INFO [http-nio-8080-exec-64] org.apache.catalina.core.ApplicationContext.log Petición destruida
03-Jun-2024 15:17:09.558 INFO [http-nio-8080-exec-65] org.apache.catalina.core.ApplicationContext.log Petición iniciada
03-Jun-2024 15:17:09.570 INFO [http-nio-8080-exec-65] org.apache.catalina.core.ApplicationContext.log Petición destruida
03-Jun-2024 15:17:09.737 INFO [http-nio-8080-exec-67] org.apache.catalina.core.ApplicationContext.log Petición iniciada
03-Jun-2024 15:17:09.751 INFO [http-nio-8080-exec-67] org.apache.catalina.core.ApplicationContext.log Petición destruida
03-Jun-2024 15:17:09.900 INFO [http-nio-8080-exec-69] org.apache.catalina.core.ApplicationContext.log Petición iniciada
03-Jun-2024 15:17:09.917 INFO [http-nio-8080-exec-69] org.apache.catalina.core.ApplicationContext.log Petición destruida
03-Jun-2024 15:17:11.896 INFO [http-nio-8080-exec-60] org.apache.catalina.core.ApplicationContext.log Petición iniciada
03-Jun-2024 15:17:12.076 INFO [http-nio-8080-exec-60] org.apache.catalina.core.ApplicationContext.log Petición destruida
03-Jun-2024 15:17:16.645 INFO [http-nio-8080-exec-61] org.apache.catalina.core.ApplicationContext.log Petición iniciada
03-Jun-2024 15:17:16.658 INFO [http-nio-8080-exec-61] org.apache.catalina.core.ApplicationContext.log Petición destruida
03-Jun-2024 15:17:16.664 INFO [http-nio-8080-exec-62] org.apache.catalina.core.ApplicationContext.log Petición iniciada
03-Jun-2024 15:17:16.676 INFO [http-nio-8080-exec-62] org.apache.catalina.core.ApplicationContext.log Petición destruida
03-Jun-2024 15:17:17.618 INFO [http-nio-8080-exec-70] org.apache.catalina.core.ApplicationContext.log Petición iniciada
03-Jun-2024 15:17:17.750 INFO [http-nio-8080-exec-70] org.apache.catalina.core.ApplicationContext.log Petición destruida
03-Jun-2024 15:17:18.401 INFO [http-nio-8080-exec-68] org.apache.catalina.core.ApplicationContext.log Petición iniciada
03-Jun-2024 15:17:18.410 INFO [http-nio-8080-exec-68] org.apache.catalina.core.ApplicationContext.log Petición destruida
03-Jun-2024 15:17:20.103 INFO [http-nio-8080-exec-65] org.apache.catalina.core.ApplicationContext.log Petición iniciada
03-Jun-2024 15:17:20.300 INFO [http-nio-8080-exec-65] org.apache.catalina.core.ApplicationContext.log Petición destruida
03-Jun-2024 15:17:35.111 INFO [http-nio-8080-exec-67] org.apache.catalina.core.ApplicationContext.log Petición iniciada
03-Jun-2024 15:17:35.125 INFO [http-nio-8080-exec-67] org.apache.catalina.core.ApplicationContext.log Petición destruida
03-Jun-2024 15:17:47.106 INFO [http-nio-8080-exec-71] org.apache.catalina.core.ApplicationContext.log Petición iniciada
03-Jun-2024 15:17:47.121 INFO [http-nio-8080-exec-71] org.apache.catalina.core.ApplicationContext.log Petición destruida
03-Jun-2024 15:20:23.242 INFO [main] org.apache.catalina.core.ApplicationContext.log Inicializando la aplicación
03-Jun-2024 15:20:25.980 INFO [main] org.apache.catalina.core.ApplicationContext.log ContextListener: contextInitialized()
03-Jun-2024 15:20:25.981 INFO [main] org.apache.catalina.core.ApplicationContext.log SessionListener: contextInitialized()
03-Jun-2024 15:20:25.986 INFO [main] org.apache.catalina.core.ApplicationContext.log ContextListener: attributeAdded('StockTicker', 'async.Stockticker@57f31caf')
03-Jun-2024 15:20:35.522 INFO [http-nio-8080-exec-1] org.apache.catalina.core.ApplicationContext.log Destruyendo la aplicación
03-Jun-2024 15:20:37.008 INFO [http-nio-8080-exec-1] org.apache.catalina.core.ApplicationContext.log Inicializando la aplicación
03-Jun-2024 15:20:41.765 INFO [http-nio-8080-exec-6] org.apache.catalina.core.ApplicationContext.log Petición iniciada
03-Jun-2024 15:20:44.073 INFO [http-nio-8080-exec-6] org.apache.catalina.core.ApplicationContext.log Inicializando la sesión HTTP
03-Jun-2024 15:20:44.078 INFO [http-nio-8080-exec-6] org.apache.catalina.core.ApplicationContext.log Petición destruida
03-Jun-2024 15:20:44.721 INFO [http-nio-8080-exec-5] org.apache.catalina.core.ApplicationContext.log Petición iniciada
03-Jun-2024 15:20:44.981 INFO [http-nio-8080-exec-5] org.apache.catalina.core.ApplicationContext.log Petición destruida
03-Jun-2024 15:20:48.919 INFO [http-nio-8080-exec-10] org.apache.catalina.core.ApplicationContext.log Petición iniciada
03-Jun-2024 15:20:48.939 INFO [http-nio-8080-exec-10] org.apache.catalina.core.ApplicationContext.log Petición destruida
03-Jun-2024 15:20:48.945 INFO [http-nio-8080-exec-7] org.apache.catalina.core.ApplicationContext.log Petición iniciada
03-Jun-2024 15:20:48.967 INFO [http-nio-8080-exec-7] org.apache.catalina.core.ApplicationContext.log Petición destruida
03-Jun-2024 15:20:49.765 INFO [http-nio-8080-exec-8] org.apache.catalina.core.ApplicationContext.log Petición iniciada
03-Jun-2024 15:20:49.784 INFO [http-nio-8080-exec-8] org.apache.catalina.core.ApplicationContext.log Petición destruida
03-Jun-2024 15:20:50.388 INFO [http-nio-8080-exec-9] org.apache.catalina.core.ApplicationContext.log Petición iniciada
03-Jun-2024 15:20:50.729 INFO [http-nio-8080-exec-9] org.apache.catalina.core.ApplicationContext.log Petición destruida
03-Jun-2024 15:20:51.735 INFO [http-nio-8080-exec-4] org.apache.catalina.core.ApplicationContext.log Petición iniciada
03-Jun-2024 15:20:52.182 INFO [http-nio-8080-exec-4] org.apache.catalina.core.ApplicationContext.log Petición destruida
03-Jun-2024 15:21:04.563 INFO [http-nio-8080-exec-3] org.apache.catalina.core.ApplicationContext.log Petición iniciada
03-Jun-2024 15:21:04.589 INFO [http-nio-8080-exec-3] org.apache.catalina.core.ApplicationContext.log Petición destruida
03-Jun-2024 15:22:14.761 INFO [http-nio-8080-exec-13] org.apache.catalina.core.ApplicationContext.log Destruyendo la sesión HTTP
03-Jun-2024 15:22:14.762 INFO [http-nio-8080-exec-13] org.apache.catalina.core.ApplicationContext.log Destruyendo la aplicación
03-Jun-2024 15:22:15.836 INFO [http-nio-8080-exec-13] org.apache.catalina.core.ApplicationContext.log Inicializando la aplicación
03-Jun-2024 15:22:29.881 INFO [http-nio-8080-exec-15] org.apache.catalina.core.ApplicationContext.log Petición iniciada
03-Jun-2024 15:22:30.860 INFO [http-nio-8080-exec-15] org.apache.catalina.core.ApplicationContext.log Inicializando la sesión HTTP
03-Jun-2024 15:22:30.967 INFO [http-nio-8080-exec-11] org.apache.catalina.core.ApplicationContext.log Destruyendo la sesión HTTP
03-Jun-2024 15:22:30.968 INFO [http-nio-8080-exec-11] org.apache.catalina.core.ApplicationContext.log Destruyendo la aplicación
03-Jun-2024 15:22:31.871 INFO [http-nio-8080-exec-11] org.apache.catalina.core.ApplicationContext.log Inicializando la aplicación
03-Jun-2024 15:22:33.516 INFO [http-nio-8080-exec-17] org.apache.catalina.core.ApplicationContext.log Petición iniciada
03-Jun-2024 15:22:33.554 INFO [http-nio-8080-exec-17] org.apache.catalina.core.ApplicationContext.log Inicializando la sesión HTTP
03-Jun-2024 15:22:33.797 INFO [http-nio-8080-exec-17] org.apache.catalina.core.ApplicationContext.log Petición destruida
03-Jun-2024 15:22:35.783 INFO [http-nio-8080-exec-8] org.apache.catalina.core.ApplicationContext.log Petición iniciada
03-Jun-2024 15:22:35.974 INFO [http-nio-8080-exec-8] org.apache.catalina.core.ApplicationContext.log Petición destruida
03-Jun-2024 15:22:39.720 INFO [http-nio-8080-exec-19] org.apache.catalina.core.ApplicationContext.log Petición iniciada
03-Jun-2024 15:22:39.738 INFO [http-nio-8080-exec-19] org.apache.catalina.core.ApplicationContext.log Petición destruida
03-Jun-2024 15:22:39.745 INFO [http-nio-8080-exec-18] org.apache.catalina.core.ApplicationContext.log Petición iniciada
03-Jun-2024 15:22:39.761 INFO [http-nio-8080-exec-18] org.apache.catalina.core.ApplicationContext.log Petición destruida
03-Jun-2024 15:22:40.846 INFO [http-nio-8080-exec-20] org.apache.catalina.core.ApplicationContext.log Petición iniciada
03-Jun-2024 15:22:40.995 INFO [http-nio-8080-exec-20] org.apache.catalina.core.ApplicationContext.log Petición destruida
03-Jun-2024 15:22:41.955 INFO [http-nio-8080-exec-16] org.apache.catalina.core.ApplicationContext.log Petición iniciada
03-Jun-2024 15:22:41.972 INFO [http-nio-8080-exec-16] org.apache.catalina.core.ApplicationContext.log Petición destruida
03-Jun-2024 15:22:43.136 INFO [http-nio-8080-exec-12] org.apache.catalina.core.ApplicationContext.log Petición iniciada
03-Jun-2024 15:22:43.353 INFO [http-nio-8080-exec-12] org.apache.catalina.core.ApplicationContext.log Petición destruida
03-Jun-2024 15:22:53.763 INFO [http-nio-8080-exec-2] org.apache.catalina.core.ApplicationContext.log Petición iniciada
03-Jun-2024 15:22:53.787 INFO [http-nio-8080-exec-2] org.apache.catalina.core.ApplicationContext.log Petición destruida
03-Jun-2024 15:24:05.835 INFO [http-nio-8080-exec-24] org.apache.catalina.core.ApplicationContext.log Destruyendo la sesión HTTP
03-Jun-2024 15:24:05.836 INFO [http-nio-8080-exec-24] org.apache.catalina.core.ApplicationContext.log Destruyendo la aplicación
03-Jun-2024 15:24:07.027 INFO [http-nio-8080-exec-24] org.apache.catalina.core.ApplicationContext.log Inicializando la aplicación
03-Jun-2024 15:24:11.482 INFO [http-nio-8080-exec-26] org.apache.catalina.core.ApplicationContext.log Petición iniciada
03-Jun-2024 15:24:11.856 INFO [http-nio-8080-exec-26] org.apache.catalina.core.ApplicationContext.log Inicializando la sesión HTTP
03-Jun-2024 15:24:11.857 INFO [http-nio-8080-exec-26] org.apache.catalina.core.ApplicationContext.log Petición destruida
03-Jun-2024 15:24:14.662 INFO [http-nio-8080-exec-21] org.apache.catalina.core.ApplicationContext.log Petición iniciada
03-Jun-2024 15:24:14.831 INFO [http-nio-8080-exec-21] org.apache.catalina.core.ApplicationContext.log Petición destruida
03-Jun-2024 15:24:17.569 INFO [http-nio-8080-exec-25] org.apache.catalina.core.ApplicationContext.log Petición iniciada
03-Jun-2024 15:24:17.582 INFO [http-nio-8080-exec-25] org.apache.catalina.core.ApplicationContext.log Petición destruida
03-Jun-2024 15:24:17.593 INFO [http-nio-8080-exec-30] org.apache.catalina.core.ApplicationContext.log Petición iniciada
03-Jun-2024 15:24:17.607 INFO [http-nio-8080-exec-30] org.apache.catalina.core.ApplicationContext.log Petición destruida
03-Jun-2024 15:24:18.357 INFO [http-nio-8080-exec-22] org.apache.catalina.core.ApplicationContext.log Petición iniciada
03-Jun-2024 15:24:18.508 INFO [http-nio-8080-exec-22] org.apache.catalina.core.ApplicationContext.log Petición destruida
03-Jun-2024 15:24:19.163 INFO [http-nio-8080-exec-28] org.apache.catalina.core.ApplicationContext.log Petición iniciada
03-Jun-2024 15:24:19.359 INFO [http-nio-8080-exec-28] org.apache.catalina.core.ApplicationContext.log Petición destruida
03-Jun-2024 15:24:20.440 INFO [http-nio-8080-exec-29] org.apache.catalina.core.ApplicationContext.log Petición iniciada
03-Jun-2024 15:24:20.457 INFO [http-nio-8080-exec-29] org.apache.catalina.core.ApplicationContext.log Petición destruida
03-Jun-2024 15:24:27.946 INFO [http-nio-8080-exec-31] org.apache.catalina.core.ApplicationContext.log Petición iniciada
03-Jun-2024 15:24:27.961 INFO [http-nio-8080-exec-31] org.apache.catalina.core.ApplicationContext.log Petición destruida
03-Jun-2024 15:25:23.126 INFO [http-nio-8080-exec-33] org.apache.catalina.core.ApplicationContext.log Destruyendo la sesión HTTP
03-Jun-2024 15:25:23.127 INFO [http-nio-8080-exec-33] org.apache.catalina.core.ApplicationContext.log Destruyendo la aplicación
03-Jun-2024 15:25:24.151 INFO [http-nio-8080-exec-33] org.apache.catalina.core.ApplicationContext.log Inicializando la aplicación
03-Jun-2024 15:28:04.253 INFO [http-nio-8080-exec-39] org.apache.catalina.core.ApplicationContext.log Destruyendo la aplicación
03-Jun-2024 15:28:05.181 INFO [http-nio-8080-exec-39] org.apache.catalina.core.ApplicationContext.log Inicializando la aplicación
03-Jun-2024 15:30:08.453 INFO [http-nio-8080-exec-43] org.apache.catalina.core.ApplicationContext.log Petición iniciada
03-Jun-2024 15:30:10.804 INFO [http-nio-8080-exec-43] org.apache.catalina.core.ApplicationContext.log Inicializando la sesión HTTP
03-Jun-2024 15:30:10.806 INFO [http-nio-8080-exec-43] org.apache.catalina.core.ApplicationContext.log Petición destruida
03-Jun-2024 15:30:55.950 INFO [http-nio-8080-exec-35] org.apache.catalina.core.ApplicationContext.log Destruyendo la sesión HTTP
03-Jun-2024 15:30:55.950 INFO [http-nio-8080-exec-35] org.apache.catalina.core.ApplicationContext.log Destruyendo la aplicación
03-Jun-2024 15:30:56.704 INFO [http-nio-8080-exec-35] org.apache.catalina.core.ApplicationContext.log Inicializando la aplicación
03-Jun-2024 15:31:23.614 INFO [http-nio-8080-exec-44] org.apache.catalina.core.ApplicationContext.log Petición iniciada
03-Jun-2024 15:31:23.778 INFO [http-nio-8080-exec-44] org.apache.catalina.core.ApplicationContext.log Inicializando la sesión HTTP
03-Jun-2024 15:31:23.780 INFO [http-nio-8080-exec-44] org.apache.catalina.core.ApplicationContext.log Petición destruida
03-Jun-2024 15:32:30.636 INFO [http-nio-8080-exec-47] org.apache.catalina.core.ApplicationContext.log Destruyendo la sesión HTTP
03-Jun-2024 15:32:30.675 INFO [http-nio-8080-exec-47] org.apache.catalina.core.ApplicationContext.log Destruyendo la aplicación
03-Jun-2024 15:32:32.029 INFO [http-nio-8080-exec-47] org.apache.catalina.core.ApplicationContext.log Inicializando la aplicación
03-Jun-2024 15:33:12.293 INFO [http-nio-8080-exec-50] org.apache.catalina.core.ApplicationContext.log Petición iniciada
03-Jun-2024 15:33:12.474 INFO [http-nio-8080-exec-50] org.apache.catalina.core.ApplicationContext.log Petición destruida
03-Jun-2024 15:33:12.479 INFO [http-nio-8080-exec-49] org.apache.catalina.core.ApplicationContext.log Petición iniciada
03-Jun-2024 15:33:12.491 INFO [http-nio-8080-exec-49] org.apache.catalina.core.ApplicationContext.log Inicializando la sesión HTTP
03-Jun-2024 15:33:13.023 INFO [http-nio-8080-exec-49] org.apache.catalina.core.ApplicationContext.log Petición destruida
03-Jun-2024 16:03:25.903 INFO [Catalina-utility-2] org.apache.catalina.core.ApplicationContext.log Destruyendo la sesión HTTP
03-Jun-2024 16:24:44.433 INFO [http-nio-8080-exec-54] org.apache.catalina.core.ApplicationContext.log Destruyendo la aplicación
03-Jun-2024 16:24:45.177 INFO [http-nio-8080-exec-54] org.apache.catalina.core.ApplicationContext.log Inicializando la aplicación
03-Jun-2024 16:26:11.782 INFO [http-nio-8080-exec-62] org.apache.catalina.core.ApplicationContext.log Petición iniciada
03-Jun-2024 16:26:11.808 INFO [http-nio-8080-exec-62] org.apache.catalina.core.ApplicationContext.log Inicializando la sesión HTTP
03-Jun-2024 16:26:12.818 INFO [http-nio-8080-exec-59] org.apache.catalina.core.ApplicationContext.log Petición iniciada
03-Jun-2024 16:26:12.829 INFO [http-nio-8080-exec-59] org.apache.catalina.core.ApplicationContext.log Inicializando la sesión HTTP
03-Jun-2024 16:26:14.147 INFO [http-nio-8080-exec-62] org.apache.catalina.core.ApplicationContext.log Petición destruida
03-Jun-2024 16:26:14.147 INFO [http-nio-8080-exec-59] org.apache.catalina.core.ApplicationContext.log Petición destruida
03-Jun-2024 16:45:07.895 INFO [http-nio-8080-exec-63] org.apache.catalina.core.ApplicationContext.log Destruyendo la sesión HTTP
03-Jun-2024 16:45:07.895 INFO [http-nio-8080-exec-63] org.apache.catalina.core.ApplicationContext.log Destruyendo la sesión HTTP
03-Jun-2024 16:45:07.895 INFO [http-nio-8080-exec-63] org.apache.catalina.core.ApplicationContext.log Destruyendo la aplicación
03-Jun-2024 16:45:09.633 INFO [http-nio-8080-exec-63] org.apache.catalina.core.ApplicationContext.log Inicializando la aplicación
03-Jun-2024 16:45:53.331 INFO [http-nio-8080-exec-67] org.apache.catalina.core.ApplicationContext.log Petición iniciada
03-Jun-2024 16:45:53.359 INFO [http-nio-8080-exec-67] org.apache.catalina.core.ApplicationContext.log Inicializando la sesión HTTP
03-Jun-2024 16:45:55.776 INFO [http-nio-8080-exec-67] org.apache.catalina.core.ApplicationContext.log Petición destruida
03-Jun-2024 16:45:57.839 INFO [http-nio-8080-exec-69] org.apache.catalina.core.ApplicationContext.log Petición iniciada
03-Jun-2024 16:45:58.026 INFO [http-nio-8080-exec-69] org.apache.catalina.core.ApplicationContext.log Petición destruida
03-Jun-2024 16:45:59.894 INFO [http-nio-8080-exec-65] org.apache.catalina.core.ApplicationContext.log Petición iniciada
03-Jun-2024 16:46:00.002 INFO [http-nio-8080-exec-65] org.apache.catalina.core.ApplicationContext.log Petición destruida
03-Jun-2024 16:46:03.111 INFO [http-nio-8080-exec-66] org.apache.catalina.core.ApplicationContext.log Petición iniciada
03-Jun-2024 16:46:03.122 INFO [http-nio-8080-exec-66] org.apache.catalina.core.ApplicationContext.log Petición destruida
03-Jun-2024 16:46:03.127 INFO [http-nio-8080-exec-64] org.apache.catalina.core.ApplicationContext.log Petición iniciada
03-Jun-2024 16:46:03.138 INFO [http-nio-8080-exec-64] org.apache.catalina.core.ApplicationContext.log Petición destruida
03-Jun-2024 16:46:04.538 INFO [http-nio-8080-exec-62] org.apache.catalina.core.ApplicationContext.log Petición iniciada
03-Jun-2024 16:46:04.648 INFO [http-nio-8080-exec-62] org.apache.catalina.core.ApplicationContext.log Petición destruida
03-Jun-2024 16:46:05.312 INFO [http-nio-8080-exec-71] org.apache.catalina.core.ApplicationContext.log Petición iniciada
03-Jun-2024 16:46:05.323 INFO [http-nio-8080-exec-71] org.apache.catalina.core.ApplicationContext.log Petición destruida
03-Jun-2024 16:46:08.832 INFO [http-nio-8080-exec-72] org.apache.catalina.core.ApplicationContext.log Petición iniciada
03-Jun-2024 16:46:08.846 INFO [http-nio-8080-exec-72] org.apache.catalina.core.ApplicationContext.log Petición destruida
03-Jun-2024 16:47:43.141 INFO [http-nio-8080-exec-75] org.apache.catalina.core.ApplicationContext.log Destruyendo la sesión HTTP
03-Jun-2024 16:47:43.141 INFO [http-nio-8080-exec-75] org.apache.catalina.core.ApplicationContext.log Destruyendo la aplicación
03-Jun-2024 16:47:44.265 INFO [http-nio-8080-exec-75] org.apache.catalina.core.ApplicationContext.log Inicializando la aplicación
03-Jun-2024 16:55:05.038 INFO [http-nio-8080-exec-81] org.apache.catalina.core.ApplicationContext.log Destruyendo la aplicación
03-Jun-2024 16:55:05.865 INFO [http-nio-8080-exec-81] org.apache.catalina.core.ApplicationContext.log Inicializando la aplicación
03-Jun-2024 16:55:18.639 INFO [http-nio-8080-exec-83] org.apache.catalina.core.ApplicationContext.log Petición iniciada
03-Jun-2024 16:55:18.869 INFO [http-nio-8080-exec-83] org.apache.catalina.core.ApplicationContext.log Inicializando la sesión HTTP
03-Jun-2024 16:55:18.870 INFO [http-nio-8080-exec-83] org.apache.catalina.core.ApplicationContext.log Petición destruida
03-Jun-2024 16:55:21.021 INFO [http-nio-8080-exec-76] org.apache.catalina.core.ApplicationContext.log Petición iniciada
03-Jun-2024 16:55:21.032 INFO [http-nio-8080-exec-76] org.apache.catalina.core.ApplicationContext.log Petición destruida
03-Jun-2024 16:55:25.095 INFO [http-nio-8080-exec-82] org.apache.catalina.core.ApplicationContext.log Petición iniciada
03-Jun-2024 16:55:25.307 INFO [http-nio-8080-exec-82] org.apache.catalina.core.ApplicationContext.log Petición destruida
03-Jun-2024 16:55:26.740 INFO [http-nio-8080-exec-84] org.apache.catalina.core.ApplicationContext.log Petición iniciada
03-Jun-2024 16:55:26.926 INFO [http-nio-8080-exec-84] org.apache.catalina.core.ApplicationContext.log Petición destruida
03-Jun-2024 16:55:30.060 INFO [http-nio-8080-exec-89] org.apache.catalina.core.ApplicationContext.log Petición iniciada
03-Jun-2024 16:55:30.071 INFO [http-nio-8080-exec-89] org.apache.catalina.core.ApplicationContext.log Petición destruida
03-Jun-2024 16:55:30.077 INFO [http-nio-8080-exec-88] org.apache.catalina.core.ApplicationContext.log Petición iniciada
03-Jun-2024 16:55:30.086 INFO [http-nio-8080-exec-88] org.apache.catalina.core.ApplicationContext.log Petición destruida
03-Jun-2024 16:57:01.033 INFO [http-nio-8080-exec-91] org.apache.catalina.core.ApplicationContext.log Petición iniciada
03-Jun-2024 16:57:02.125 INFO [http-nio-8080-exec-93] org.apache.catalina.core.ApplicationContext.log Petición iniciada
03-Jun-2024 16:57:03.313 INFO [http-nio-8080-exec-93] org.apache.catalina.core.ApplicationContext.log Petición destruida
03-Jun-2024 16:57:03.313 INFO [http-nio-8080-exec-91] org.apache.catalina.core.ApplicationContext.log Petición destruida
03-Jun-2024 16:57:04.255 INFO [http-nio-8080-exec-94] org.apache.catalina.core.ApplicationContext.log Petición iniciada
03-Jun-2024 16:57:04.268 INFO [http-nio-8080-exec-94] org.apache.catalina.core.ApplicationContext.log Petición destruida
03-Jun-2024 16:57:05.557 INFO [http-nio-8080-exec-95] org.apache.catalina.core.ApplicationContext.log Petición iniciada
03-Jun-2024 16:57:05.572 INFO [http-nio-8080-exec-95] org.apache.catalina.core.ApplicationContext.log Petición destruida
03-Jun-2024 16:57:18.850 INFO [http-nio-8080-exec-96] org.apache.catalina.core.ApplicationContext.log Petición iniciada
03-Jun-2024 16:57:18.908 INFO [http-nio-8080-exec-96] org.apache.catalina.core.ApplicationContext.log Petición destruida
03-Jun-2024 16:57:18.915 INFO [http-nio-8080-exec-97] org.apache.catalina.core.ApplicationContext.log Petición iniciada
03-Jun-2024 16:57:18.929 INFO [http-nio-8080-exec-97] org.apache.catalina.core.ApplicationContext.log Petición destruida
03-Jun-2024 16:57:37.963 INFO [http-nio-8080-exec-99] org.apache.catalina.core.ApplicationContext.log Petición iniciada
03-Jun-2024 16:57:37.979 INFO [http-nio-8080-exec-99] org.apache.catalina.core.ApplicationContext.log Petición destruida
03-Jun-2024 16:57:43.124 INFO [http-nio-8080-exec-90] org.apache.catalina.core.ApplicationContext.log Petición iniciada
03-Jun-2024 16:57:43.224 INFO [http-nio-8080-exec-90] org.apache.catalina.core.ApplicationContext.log Petición destruida
03-Jun-2024 16:57:43.231 INFO [http-nio-8080-exec-92] org.apache.catalina.core.ApplicationContext.log Petición iniciada
03-Jun-2024 16:57:43.240 INFO [http-nio-8080-exec-92] org.apache.catalina.core.ApplicationContext.log Petición destruida
03-Jun-2024 16:57:48.875 INFO [http-nio-8080-exec-93] org.apache.catalina.core.ApplicationContext.log Petición iniciada
03-Jun-2024 16:57:48.890 INFO [http-nio-8080-exec-93] org.apache.catalina.core.ApplicationContext.log Petición destruida
03-Jun-2024 16:57:55.611 INFO [http-nio-8080-exec-91] org.apache.catalina.core.ApplicationContext.log Petición iniciada
03-Jun-2024 16:57:55.673 INFO [http-nio-8080-exec-91] org.apache.catalina.core.ApplicationContext.log Petición destruida
03-Jun-2024 16:57:55.677 INFO [http-nio-8080-exec-94] org.apache.catalina.core.ApplicationContext.log Petición iniciada
03-Jun-2024 16:57:55.691 INFO [http-nio-8080-exec-94] org.apache.catalina.core.ApplicationContext.log Petición destruida
03-Jun-2024 16:57:59.656 INFO [http-nio-8080-exec-96] org.apache.catalina.core.ApplicationContext.log Petición iniciada
03-Jun-2024 16:57:59.667 INFO [http-nio-8080-exec-96] org.apache.catalina.core.ApplicationContext.log Petición destruida
03-Jun-2024 16:58:00.283 INFO [http-nio-8080-exec-97] org.apache.catalina.core.ApplicationContext.log Petición iniciada
03-Jun-2024 16:58:00.295 INFO [http-nio-8080-exec-97] org.apache.catalina.core.ApplicationContext.log Petición destruida
03-Jun-2024 16:58:01.484 INFO [http-nio-8080-exec-98] org.apache.catalina.core.ApplicationContext.log Petición iniciada
03-Jun-2024 16:58:01.495 INFO [http-nio-8080-exec-98] org.apache.catalina.core.ApplicationContext.log Petición destruida
03-Jun-2024 16:59:28.245 INFO [http-nio-8080-exec-92] org.apache.catalina.core.ApplicationContext.log Petición iniciada
03-Jun-2024 16:59:28.265 INFO [http-nio-8080-exec-92] org.apache.catalina.core.ApplicationContext.log Petición destruida
03-Jun-2024 16:59:31.969 INFO [http-nio-8080-exec-93] org.apache.catalina.core.ApplicationContext.log Petición iniciada
03-Jun-2024 16:59:31.980 INFO [http-nio-8080-exec-93] org.apache.catalina.core.ApplicationContext.log Petición destruida
03-Jun-2024 16:59:33.336 INFO [http-nio-8080-exec-91] org.apache.catalina.core.ApplicationContext.log Petición iniciada
03-Jun-2024 16:59:33.350 INFO [http-nio-8080-exec-91] org.apache.catalina.core.ApplicationContext.log Petición destruida
03-Jun-2024 16:59:35.469 INFO [http-nio-8080-exec-94] org.apache.catalina.core.ApplicationContext.log Destruyendo la sesión HTTP
03-Jun-2024 16:59:35.471 INFO [http-nio-8080-exec-94] org.apache.catalina.core.ApplicationContext.log Destruyendo la aplicación
03-Jun-2024 16:59:36.521 INFO [http-nio-8080-exec-94] org.apache.catalina.core.ApplicationContext.log Inicializando la aplicación
03-Jun-2024 16:59:39.148 INFO [http-nio-8080-exec-92] org.apache.catalina.core.ApplicationContext.log Petición iniciada
03-Jun-2024 16:59:39.266 INFO [http-nio-8080-exec-92] org.apache.catalina.core.ApplicationContext.log Inicializando la sesión HTTP
03-Jun-2024 16:59:39.267 INFO [http-nio-8080-exec-92] org.apache.catalina.core.ApplicationContext.log Petición destruida
03-Jun-2024 16:59:39.975 INFO [http-nio-8080-exec-91] org.apache.catalina.core.ApplicationContext.log Petición iniciada
03-Jun-2024 16:59:40.069 INFO [http-nio-8080-exec-91] org.apache.catalina.core.ApplicationContext.log Petición destruida
03-Jun-2024 16:59:44.465 INFO [http-nio-8080-exec-93] org.apache.catalina.core.ApplicationContext.log Petición iniciada
03-Jun-2024 16:59:44.475 INFO [http-nio-8080-exec-93] org.apache.catalina.core.ApplicationContext.log Petición destruida
03-Jun-2024 16:59:44.480 INFO [http-nio-8080-exec-97] org.apache.catalina.core.ApplicationContext.log Petición iniciada
03-Jun-2024 16:59:44.489 INFO [http-nio-8080-exec-97] org.apache.catalina.core.ApplicationContext.log Petición destruida
03-Jun-2024 16:59:45.264 INFO [http-nio-8080-exec-95] org.apache.catalina.core.ApplicationContext.log Petición iniciada
03-Jun-2024 16:59:45.272 INFO [http-nio-8080-exec-95] org.apache.catalina.core.ApplicationContext.log Petición destruida
03-Jun-2024 16:59:45.932 INFO [http-nio-8080-exec-96] org.apache.catalina.core.ApplicationContext.log Petición iniciada
03-Jun-2024 16:59:46.082 INFO [http-nio-8080-exec-96] org.apache.catalina.core.ApplicationContext.log Petición destruida
03-Jun-2024 16:59:47.586 INFO [http-nio-8080-exec-100] org.apache.catalina.core.ApplicationContext.log Petición iniciada
03-Jun-2024 16:59:47.745 INFO [http-nio-8080-exec-100] org.apache.catalina.core.ApplicationContext.log Petición destruida
03-Jun-2024 16:59:55.073 INFO [http-nio-8080-exec-101] org.apache.catalina.core.ApplicationContext.log Petición iniciada
03-Jun-2024 16:59:55.125 INFO [http-nio-8080-exec-101] org.apache.catalina.core.ApplicationContext.log Petición destruida
03-Jun-2024 16:59:55.130 INFO [http-nio-8080-exec-102] org.apache.catalina.core.ApplicationContext.log Petición iniciada
03-Jun-2024 16:59:55.140 INFO [http-nio-8080-exec-102] org.apache.catalina.core.ApplicationContext.log Petición destruida
03-Jun-2024 17:01:23.960 INFO [http-nio-8080-exec-104] org.apache.catalina.core.ApplicationContext.log Destruyendo la sesión HTTP
03-Jun-2024 17:01:23.960 INFO [http-nio-8080-exec-104] org.apache.catalina.core.ApplicationContext.log Destruyendo la aplicación
03-Jun-2024 17:01:24.640 INFO [http-nio-8080-exec-104] org.apache.catalina.core.ApplicationContext.log Inicializando la aplicación
03-Jun-2024 17:01:40.965 INFO [http-nio-8080-exec-101] org.apache.catalina.core.ApplicationContext.log Petición iniciada
03-Jun-2024 17:01:41.008 INFO [http-nio-8080-exec-101] org.apache.catalina.core.ApplicationContext.log Inicializando la sesión HTTP
03-Jun-2024 17:01:41.151 INFO [http-nio-8080-exec-101] org.apache.catalina.core.ApplicationContext.log Petición destruida
03-Jun-2024 17:01:49.786 INFO [http-nio-8080-exec-107] org.apache.catalina.core.ApplicationContext.log Petición iniciada
03-Jun-2024 17:01:49.885 INFO [http-nio-8080-exec-107] org.apache.catalina.core.ApplicationContext.log Petición destruida
03-Jun-2024 17:01:53.267 INFO [http-nio-8080-exec-100] org.apache.catalina.core.ApplicationContext.log Petición iniciada
03-Jun-2024 17:01:53.275 INFO [http-nio-8080-exec-100] org.apache.catalina.core.ApplicationContext.log Petición destruida
03-Jun-2024 17:01:53.280 INFO [http-nio-8080-exec-105] org.apache.catalina.core.ApplicationContext.log Petición iniciada
03-Jun-2024 17:01:53.290 INFO [http-nio-8080-exec-105] org.apache.catalina.core.ApplicationContext.log Petición destruida
03-Jun-2024 17:01:54.598 INFO [http-nio-8080-exec-102] org.apache.catalina.core.ApplicationContext.log Petición iniciada
03-Jun-2024 17:01:54.701 INFO [http-nio-8080-exec-102] org.apache.catalina.core.ApplicationContext.log Petición destruida
03-Jun-2024 17:01:55.326 INFO [http-nio-8080-exec-103] org.apache.catalina.core.ApplicationContext.log Petición iniciada
03-Jun-2024 17:01:55.336 INFO [http-nio-8080-exec-103] org.apache.catalina.core.ApplicationContext.log Petición destruida
03-Jun-2024 17:01:57.754 INFO [http-nio-8080-exec-95] org.apache.catalina.core.ApplicationContext.log Petición iniciada
03-Jun-2024 17:01:57.915 INFO [http-nio-8080-exec-95] org.apache.catalina.core.ApplicationContext.log Petición destruida
03-Jun-2024 17:02:07.044 INFO [http-nio-8080-exec-99] org.apache.catalina.core.ApplicationContext.log Petición iniciada
03-Jun-2024 17:02:07.100 INFO [http-nio-8080-exec-99] org.apache.catalina.core.ApplicationContext.log Petición destruida
03-Jun-2024 17:02:07.105 INFO [http-nio-8080-exec-109] org.apache.catalina.core.ApplicationContext.log Petición iniciada
03-Jun-2024 17:02:07.115 INFO [http-nio-8080-exec-109] org.apache.catalina.core.ApplicationContext.log Petición destruida
03-Jun-2024 17:05:06.208 INFO [http-nio-8080-exec-112] org.apache.catalina.core.ApplicationContext.log Destruyendo la sesión HTTP
03-Jun-2024 17:05:06.208 INFO [http-nio-8080-exec-112] org.apache.catalina.core.ApplicationContext.log Destruyendo la aplicación
03-Jun-2024 17:05:07.193 INFO [http-nio-8080-exec-112] org.apache.catalina.core.ApplicationContext.log Inicializando la aplicación
03-Jun-2024 17:05:52.924 INFO [http-nio-8080-exec-110] org.apache.catalina.core.ApplicationContext.log Petición iniciada
03-Jun-2024 17:05:52.938 INFO [http-nio-8080-exec-110] org.apache.catalina.core.ApplicationContext.log Inicializando la sesión HTTP
03-Jun-2024 17:05:55.080 INFO [http-nio-8080-exec-110] org.apache.catalina.core.ApplicationContext.log Petición destruida
03-Jun-2024 17:05:58.422 INFO [http-nio-8080-exec-108] org.apache.catalina.core.ApplicationContext.log Petición iniciada
03-Jun-2024 17:05:58.433 INFO [http-nio-8080-exec-108] org.apache.catalina.core.ApplicationContext.log Petición destruida
03-Jun-2024 17:05:58.439 INFO [http-nio-8080-exec-116] org.apache.catalina.core.ApplicationContext.log Petición iniciada
03-Jun-2024 17:05:58.448 INFO [http-nio-8080-exec-116] org.apache.catalina.core.ApplicationContext.log Petición destruida
03-Jun-2024 17:05:59.389 INFO [http-nio-8080-exec-109] org.apache.catalina.core.ApplicationContext.log Petición iniciada
03-Jun-2024 17:05:59.481 INFO [http-nio-8080-exec-109] org.apache.catalina.core.ApplicationContext.log Petición destruida
03-Jun-2024 17:06:00.047 INFO [http-nio-8080-exec-113] org.apache.catalina.core.ApplicationContext.log Petición iniciada
03-Jun-2024 17:06:00.198 INFO [http-nio-8080-exec-113] org.apache.catalina.core.ApplicationContext.log Petición destruida
03-Jun-2024 17:06:02.758 INFO [http-nio-8080-exec-114] org.apache.catalina.core.ApplicationContext.log Petición iniciada
03-Jun-2024 17:06:02.923 INFO [http-nio-8080-exec-114] org.apache.catalina.core.ApplicationContext.log Petición destruida
03-Jun-2024 17:06:07.359 INFO [http-nio-8080-exec-118] org.apache.catalina.core.ApplicationContext.log Petición iniciada
03-Jun-2024 17:06:07.432 INFO [http-nio-8080-exec-118] org.apache.catalina.core.ApplicationContext.log Petición destruida
03-Jun-2024 17:06:15.748 INFO [http-nio-8080-exec-120] org.apache.catalina.core.ApplicationContext.log Petición iniciada
03-Jun-2024 17:06:15.845 INFO [http-nio-8080-exec-120] org.apache.catalina.core.ApplicationContext.log Petición destruida
03-Jun-2024 17:06:15.850 INFO [http-nio-8080-exec-116] org.apache.catalina.core.ApplicationContext.log Petición iniciada
03-Jun-2024 17:06:15.859 INFO [http-nio-8080-exec-116] org.apache.catalina.core.ApplicationContext.log Petición destruida
03-Jun-2024 17:14:50.488 INFO [http-nio-8080-exec-122] org.apache.catalina.core.ApplicationContext.log Destruyendo la sesión HTTP
03-Jun-2024 17:14:50.489 INFO [http-nio-8080-exec-122] org.apache.catalina.core.ApplicationContext.log Destruyendo la aplicación
03-Jun-2024 17:14:51.369 INFO [http-nio-8080-exec-122] org.apache.catalina.core.ApplicationContext.log Inicializando la aplicación
03-Jun-2024 17:17:42.136 INFO [http-nio-8080-exec-128] org.apache.catalina.core.ApplicationContext.log Destruyendo la aplicación
03-Jun-2024 17:17:43.864 INFO [http-nio-8080-exec-128] org.apache.catalina.core.ApplicationContext.log Inicializando la aplicación
03-Jun-2024 17:18:04.038 INFO [http-nio-8080-exec-119] org.apache.catalina.core.ApplicationContext.log Petición iniciada
03-Jun-2024 17:18:04.256 INFO [http-nio-8080-exec-119] org.apache.catalina.core.ApplicationContext.log Inicializando la sesión HTTP
03-Jun-2024 17:18:04.259 INFO [http-nio-8080-exec-119] org.apache.catalina.core.ApplicationContext.log Petición destruida
03-Jun-2024 17:18:08.185 INFO [http-nio-8080-exec-130] org.apache.catalina.core.ApplicationContext.log Petición iniciada
03-Jun-2024 17:18:08.197 INFO [http-nio-8080-exec-130] org.apache.catalina.core.ApplicationContext.log Petición destruida
03-Jun-2024 17:18:11.906 INFO [http-nio-8080-exec-131] org.apache.catalina.core.ApplicationContext.log Petición iniciada
03-Jun-2024 17:18:12.030 INFO [http-nio-8080-exec-131] org.apache.catalina.core.ApplicationContext.log Petición destruida
03-Jun-2024 17:18:12.037 INFO [http-nio-8080-exec-124] org.apache.catalina.core.ApplicationContext.log Petición iniciada
03-Jun-2024 17:18:12.241 INFO [http-nio-8080-exec-124] org.apache.catalina.core.ApplicationContext.log Petición destruida
03-Jun-2024 17:18:17.911 INFO [http-nio-8080-exec-126] org.apache.catalina.core.ApplicationContext.log Petición iniciada
03-Jun-2024 17:18:17.921 INFO [http-nio-8080-exec-126] org.apache.catalina.core.ApplicationContext.log Petición destruida
03-Jun-2024 17:18:20.741 INFO [http-nio-8080-exec-129] org.apache.catalina.core.ApplicationContext.log Petición iniciada
03-Jun-2024 17:18:21.025 INFO [http-nio-8080-exec-129] org.apache.catalina.core.ApplicationContext.log Petición destruida
03-Jun-2024 17:18:23.874 INFO [http-nio-8080-exec-120] org.apache.catalina.core.ApplicationContext.log Petición iniciada
03-Jun-2024 17:18:23.888 INFO [http-nio-8080-exec-120] org.apache.catalina.core.ApplicationContext.log Petición destruida
03-Jun-2024 17:18:23.894 INFO [http-nio-8080-exec-118] org.apache.catalina.core.ApplicationContext.log Petición iniciada
03-Jun-2024 17:18:23.901 INFO [http-nio-8080-exec-118] org.apache.catalina.core.ApplicationContext.log Petición destruida
03-Jun-2024 17:18:25.076 INFO [http-nio-8080-exec-133] org.apache.catalina.core.ApplicationContext.log Petición iniciada
03-Jun-2024 17:18:25.177 INFO [http-nio-8080-exec-133] org.apache.catalina.core.ApplicationContext.log Petición destruida
03-Jun-2024 17:18:25.887 INFO [http-nio-8080-exec-134] org.apache.catalina.core.ApplicationContext.log Petición iniciada
03-Jun-2024 17:18:25.897 INFO [http-nio-8080-exec-134] org.apache.catalina.core.ApplicationContext.log Petición destruida
03-Jun-2024 17:18:29.859 INFO [http-nio-8080-exec-135] org.apache.catalina.core.ApplicationContext.log Petición iniciada
03-Jun-2024 17:18:29.874 INFO [http-nio-8080-exec-135] org.apache.catalina.core.ApplicationContext.log Petición destruida
03-Jun-2024 17:25:32.209 INFO [http-nio-8080-exec-137] org.apache.catalina.core.ApplicationContext.log Destruyendo la sesión HTTP
03-Jun-2024 17:25:32.209 INFO [http-nio-8080-exec-137] org.apache.catalina.core.ApplicationContext.log Destruyendo la aplicación
03-Jun-2024 17:25:33.079 INFO [http-nio-8080-exec-137] org.apache.catalina.core.ApplicationContext.log Inicializando la aplicación
03-Jun-2024 17:35:28.593 INFO [http-nio-8080-exec-142] org.apache.catalina.core.ApplicationContext.log Destruyendo la aplicación
03-Jun-2024 17:35:29.516 INFO [http-nio-8080-exec-142] org.apache.catalina.core.ApplicationContext.log Inicializando la aplicación
03-Jun-2024 17:41:13.531 INFO [http-nio-8080-exec-152] org.apache.catalina.core.ApplicationContext.log Destruyendo la aplicación
03-Jun-2024 17:41:14.263 INFO [http-nio-8080-exec-152] org.apache.catalina.core.ApplicationContext.log Inicializando la aplicación
03-Jun-2024 17:41:48.967 INFO [http-nio-8080-exec-148] org.apache.catalina.core.ApplicationContext.log Petición iniciada
03-Jun-2024 17:41:48.983 INFO [http-nio-8080-exec-148] org.apache.catalina.core.ApplicationContext.log Inicializando la sesión HTTP
03-Jun-2024 17:41:49.070 INFO [http-nio-8080-exec-148] org.apache.catalina.core.ApplicationContext.log Petición destruida
03-Jun-2024 17:41:52.618 INFO [http-nio-8080-exec-144] org.apache.catalina.core.ApplicationContext.log Petición iniciada
03-Jun-2024 17:41:52.629 INFO [http-nio-8080-exec-144] org.apache.catalina.core.ApplicationContext.log Petición destruida
03-Jun-2024 17:41:52.633 INFO [http-nio-8080-exec-155] org.apache.catalina.core.ApplicationContext.log Petición iniciada
03-Jun-2024 17:41:52.642 INFO [http-nio-8080-exec-155] org.apache.catalina.core.ApplicationContext.log Petición destruida
03-Jun-2024 17:41:53.538 INFO [http-nio-8080-exec-156] org.apache.catalina.core.ApplicationContext.log Petición iniciada
03-Jun-2024 17:41:53.630 INFO [http-nio-8080-exec-156] org.apache.catalina.core.ApplicationContext.log Petición destruida
03-Jun-2024 17:41:54.203 INFO [http-nio-8080-exec-149] org.apache.catalina.core.ApplicationContext.log Petición iniciada
03-Jun-2024 17:41:54.337 INFO [http-nio-8080-exec-149] org.apache.catalina.core.ApplicationContext.log Petición destruida
03-Jun-2024 17:41:56.140 INFO [http-nio-8080-exec-154] org.apache.catalina.core.ApplicationContext.log Petición iniciada
03-Jun-2024 17:41:56.202 INFO [http-nio-8080-exec-154] org.apache.catalina.core.ApplicationContext.log Petición destruida
03-Jun-2024 17:41:56.207 INFO [http-nio-8080-exec-153] org.apache.catalina.core.ApplicationContext.log Petición iniciada
03-Jun-2024 17:41:56.218 INFO [http-nio-8080-exec-153] org.apache.catalina.core.ApplicationContext.log Petición destruida
03-Jun-2024 17:41:56.841 INFO [http-nio-8080-exec-159] org.apache.catalina.core.ApplicationContext.log Petición iniciada
03-Jun-2024 17:41:56.924 INFO [http-nio-8080-exec-159] org.apache.catalina.core.ApplicationContext.log Petición destruida
03-Jun-2024 17:41:56.929 INFO [http-nio-8080-exec-157] org.apache.catalina.core.ApplicationContext.log Petición iniciada
03-Jun-2024 17:41:56.969 INFO [http-nio-8080-exec-157] org.apache.catalina.core.ApplicationContext.log Petición destruida
03-Jun-2024 17:43:04.619 INFO [http-nio-8080-exec-162] org.apache.catalina.core.ApplicationContext.log Destruyendo la sesión HTTP
03-Jun-2024 17:43:04.619 INFO [http-nio-8080-exec-162] org.apache.catalina.core.ApplicationContext.log Destruyendo la aplicación
03-Jun-2024 17:43:05.394 INFO [http-nio-8080-exec-162] org.apache.catalina.core.ApplicationContext.log Inicializando la aplicación
03-Jun-2024 17:43:34.998 INFO [http-nio-8080-exec-158] org.apache.catalina.core.ApplicationContext.log Destruyendo la aplicación
03-Jun-2024 17:43:35.821 INFO [http-nio-8080-exec-158] org.apache.catalina.core.ApplicationContext.log Inicializando la aplicación
03-Jun-2024 17:47:24.271 INFO [http-nio-8080-exec-167] org.apache.catalina.core.ApplicationContext.log Destruyendo la aplicación
03-Jun-2024 17:47:25.136 INFO [http-nio-8080-exec-167] org.apache.catalina.core.ApplicationContext.log Inicializando la aplicación
03-Jun-2024 17:50:36.379 INFO [http-nio-8080-exec-172] org.apache.catalina.core.ApplicationContext.log Destruyendo la aplicación
03-Jun-2024 17:50:37.088 INFO [http-nio-8080-exec-172] org.apache.catalina.core.ApplicationContext.log Inicializando la aplicación
03-Jun-2024 17:50:44.559 INFO [http-nio-8080-exec-168] org.apache.catalina.core.ApplicationContext.log Petición iniciada
03-Jun-2024 17:50:44.609 INFO [http-nio-8080-exec-168] org.apache.catalina.core.ApplicationContext.log Inicializando la sesión HTTP
03-Jun-2024 17:50:44.741 INFO [http-nio-8080-exec-168] org.apache.catalina.core.ApplicationContext.log Petición destruida
03-Jun-2024 17:50:53.909 INFO [http-nio-8080-exec-159] org.apache.catalina.core.ApplicationContext.log Petición iniciada
03-Jun-2024 17:50:53.919 INFO [http-nio-8080-exec-159] org.apache.catalina.core.ApplicationContext.log Petición destruida
03-Jun-2024 17:50:59.801 INFO [http-nio-8080-exec-174] org.apache.catalina.core.ApplicationContext.log Petición iniciada
03-Jun-2024 17:50:59.811 INFO [http-nio-8080-exec-174] org.apache.catalina.core.ApplicationContext.log Petición destruida
03-Jun-2024 17:51:02.957 INFO [http-nio-8080-exec-163] org.apache.catalina.core.ApplicationContext.log Petición iniciada
03-Jun-2024 17:51:02.967 INFO [http-nio-8080-exec-163] org.apache.catalina.core.ApplicationContext.log Petición destruida
03-Jun-2024 17:51:07.865 INFO [http-nio-8080-exec-173] org.apache.catalina.core.ApplicationContext.log Petición iniciada
03-Jun-2024 17:51:07.873 INFO [http-nio-8080-exec-173] org.apache.catalina.core.ApplicationContext.log Petición destruida
03-Jun-2024 17:51:10.269 INFO [http-nio-8080-exec-176] org.apache.catalina.core.ApplicationContext.log Petición iniciada
03-Jun-2024 17:51:10.277 INFO [http-nio-8080-exec-176] org.apache.catalina.core.ApplicationContext.log Petición destruida
03-Jun-2024 17:51:10.662 INFO [http-nio-8080-exec-166] org.apache.catalina.core.ApplicationContext.log Petición iniciada
03-Jun-2024 17:51:10.671 INFO [http-nio-8080-exec-166] org.apache.catalina.core.ApplicationContext.log Petición destruida
03-Jun-2024 17:51:13.355 INFO [http-nio-8080-exec-177] org.apache.catalina.core.ApplicationContext.log Petición iniciada
03-Jun-2024 17:51:13.449 INFO [http-nio-8080-exec-177] org.apache.catalina.core.ApplicationContext.log Petición destruida
03-Jun-2024 17:51:17.934 INFO [http-nio-8080-exec-175] org.apache.catalina.core.ApplicationContext.log Petición iniciada
03-Jun-2024 17:51:17.943 INFO [http-nio-8080-exec-175] org.apache.catalina.core.ApplicationContext.log Petición destruida
03-Jun-2024 17:51:17.948 INFO [http-nio-8080-exec-178] org.apache.catalina.core.ApplicationContext.log Petición iniciada
03-Jun-2024 17:51:17.956 INFO [http-nio-8080-exec-178] org.apache.catalina.core.ApplicationContext.log Petición destruida
03-Jun-2024 17:51:19.023 INFO [http-nio-8080-exec-180] org.apache.catalina.core.ApplicationContext.log Petición iniciada
03-Jun-2024 17:51:19.114 INFO [http-nio-8080-exec-180] org.apache.catalina.core.ApplicationContext.log Petición destruida
03-Jun-2024 17:51:20.052 INFO [http-nio-8080-exec-181] org.apache.catalina.core.ApplicationContext.log Petición iniciada
03-Jun-2024 17:51:20.063 INFO [http-nio-8080-exec-181] org.apache.catalina.core.ApplicationContext.log Petición destruida
03-Jun-2024 17:51:23.600 INFO [http-nio-8080-exec-182] org.apache.catalina.core.ApplicationContext.log Petición iniciada
03-Jun-2024 17:51:23.608 INFO [http-nio-8080-exec-182] org.apache.catalina.core.ApplicationContext.log Petición destruida
03-Jun-2024 17:51:35.075 INFO [http-nio-8080-exec-184] org.apache.catalina.core.ApplicationContext.log Petición iniciada
03-Jun-2024 17:51:35.159 INFO [http-nio-8080-exec-184] org.apache.catalina.core.ApplicationContext.log Petición destruida
03-Jun-2024 17:51:35.164 INFO [http-nio-8080-exec-166] org.apache.catalina.core.ApplicationContext.log Petición iniciada
03-Jun-2024 17:51:35.174 INFO [http-nio-8080-exec-166] org.apache.catalina.core.ApplicationContext.log Petición destruida
03-Jun-2024 17:51:39.490 INFO [http-nio-8080-exec-177] org.apache.catalina.core.ApplicationContext.log Petición iniciada
03-Jun-2024 17:51:39.641 INFO [http-nio-8080-exec-177] org.apache.catalina.core.ApplicationContext.log Petición destruida
03-Jun-2024 17:51:42.586 INFO [http-nio-8080-exec-185] org.apache.catalina.core.ApplicationContext.log Petición iniciada
03-Jun-2024 17:51:42.598 INFO [http-nio-8080-exec-185] org.apache.catalina.core.ApplicationContext.log Petición destruida
03-Jun-2024 17:51:45.414 INFO [http-nio-8080-exec-178] org.apache.catalina.core.ApplicationContext.log Petición iniciada
03-Jun-2024 17:51:45.426 INFO [http-nio-8080-exec-178] org.apache.catalina.core.ApplicationContext.log Petición destruida
