03-May-2024 12:39:01.776 INFO [main] org.apache.catalina.core.ApplicationContext.log ContextListener: contextInitialized()
03-May-2024 12:39:01.777 INFO [main] org.apache.catalina.core.ApplicationContext.log SessionListener: contextInitialized()
03-May-2024 12:39:01.780 INFO [main] org.apache.catalina.core.ApplicationContext.log ContextListener: attributeAdded('StockTicker', 'async.Stockticker@60b71e8f')
03-May-2024 13:39:02.697 INFO [main] org.apache.catalina.core.ApplicationContext.log ContextListener: contextInitialized()
03-May-2024 13:39:02.697 INFO [main] org.apache.catalina.core.ApplicationContext.log SessionListener: contextInitialized()
03-May-2024 13:39:02.699 INFO [main] org.apache.catalina.core.ApplicationContext.log ContextListener: attributeAdded('StockTicker', 'async.Stockticker@1d9bec4d')
03-May-2024 13:39:02.867 INFO [main] org.apache.catalina.core.ApplicationContext.log SessionListener: contextDestroyed()
03-May-2024 13:39:02.867 INFO [main] org.apache.catalina.core.ApplicationContext.log ContextListener: contextDestroyed()
03-May-2024 13:39:10.849 INFO [main] org.apache.catalina.core.ApplicationContext.log ContextListener: contextInitialized()
03-May-2024 13:39:10.849 INFO [main] org.apache.catalina.core.ApplicationContext.log SessionListener: contextInitialized()
03-May-2024 13:39:10.851 INFO [main] org.apache.catalina.core.ApplicationContext.log ContextListener: attributeAdded('StockTicker', 'async.Stockticker@7876d598')
03-May-2024 13:52:31.541 INFO [main] org.apache.catalina.core.ApplicationContext.log SessionListener: contextDestroyed()
03-May-2024 13:52:31.541 INFO [main] org.apache.catalina.core.ApplicationContext.log ContextListener: contextDestroyed()
03-May-2024 13:53:54.143 INFO [main] org.apache.catalina.core.ApplicationContext.log ContextListener: contextInitialized()
03-May-2024 13:53:54.143 INFO [main] org.apache.catalina.core.ApplicationContext.log SessionListener: contextInitialized()
03-May-2024 13:53:54.147 INFO [main] org.apache.catalina.core.ApplicationContext.log ContextListener: attributeAdded('StockTicker', 'async.Stockticker@4a3e3e8b')
03-May-2024 13:54:27.037 INFO [Thread-1] org.apache.catalina.core.ApplicationContext.log SessionListener: contextDestroyed()
03-May-2024 13:54:27.037 INFO [Thread-1] org.apache.catalina.core.ApplicationContext.log ContextListener: contextDestroyed()
03-May-2024 13:54:36.110 INFO [main] org.apache.catalina.core.ApplicationContext.log ContextListener: contextInitialized()
03-May-2024 13:54:36.111 INFO [main] org.apache.catalina.core.ApplicationContext.log SessionListener: contextInitialized()
03-May-2024 13:54:36.114 INFO [main] org.apache.catalina.core.ApplicationContext.log ContextListener: attributeAdded('StockTicker', 'async.Stockticker@71104a4')
03-May-2024 18:25:02.562 INFO [Thread-1] org.apache.catalina.core.ApplicationContext.log SessionListener: contextDestroyed()
03-May-2024 18:25:02.562 INFO [Thread-1] org.apache.catalina.core.ApplicationContext.log ContextListener: contextDestroyed()
