29-May-2024 13:36:01.347 INFO [main] org.apache.catalina.core.ApplicationContext.log Inicializando la aplicación
29-May-2024 13:36:04.518 INFO [main] org.apache.catalina.core.ApplicationContext.log ContextListener: contextInitialized()
29-May-2024 13:36:04.520 INFO [main] org.apache.catalina.core.ApplicationContext.log SessionListener: contextInitialized()
29-May-2024 13:36:04.522 INFO [main] org.apache.catalina.core.ApplicationContext.log ContextListener: attributeAdded('StockTicker', 'async.Stockticker@5c088d72')
29-May-2024 13:39:55.192 INFO [http-nio-8080-exec-10] org.apache.catalina.core.ApplicationContext.log Petición iniciada
29-May-2024 13:39:55.200 INFO [http-nio-8080-exec-10] org.apache.catalina.core.ApplicationContext.log Inicializando la sesión HTTP
29-May-2024 13:39:55.201 INFO [http-nio-8080-exec-10] org.apache.catalina.core.ApplicationContext.log Petición destruida
29-May-2024 13:39:59.265 INFO [http-nio-8080-exec-2] org.apache.catalina.core.ApplicationContext.log Petición iniciada
29-May-2024 13:39:59.273 INFO [http-nio-8080-exec-2] org.apache.catalina.core.ApplicationContext.log Petición destruida
29-May-2024 13:40:07.169 INFO [http-nio-8080-exec-1] org.apache.catalina.core.ApplicationContext.log Petición iniciada
29-May-2024 13:40:07.174 INFO [http-nio-8080-exec-1] org.apache.catalina.core.ApplicationContext.log Petición destruida
29-May-2024 13:40:08.262 INFO [http-nio-8080-exec-3] org.apache.catalina.core.ApplicationContext.log Petición iniciada
29-May-2024 13:40:08.263 INFO [http-nio-8080-exec-3] org.apache.catalina.core.ApplicationContext.log Petición destruida
29-May-2024 13:40:08.270 INFO [http-nio-8080-exec-4] org.apache.catalina.core.ApplicationContext.log Petición iniciada
29-May-2024 13:40:08.270 INFO [http-nio-8080-exec-4] org.apache.catalina.core.ApplicationContext.log Petición destruida
29-May-2024 13:40:09.098 INFO [http-nio-8080-exec-5] org.apache.catalina.core.ApplicationContext.log Petición iniciada
29-May-2024 13:40:09.099 INFO [http-nio-8080-exec-5] org.apache.catalina.core.ApplicationContext.log Petición destruida
29-May-2024 13:40:11.206 INFO [http-nio-8080-exec-6] org.apache.catalina.core.ApplicationContext.log Petición iniciada
29-May-2024 13:40:11.207 INFO [http-nio-8080-exec-6] org.apache.catalina.core.ApplicationContext.log Petición destruida
29-May-2024 13:40:37.856 INFO [http-nio-8080-exec-9] org.apache.catalina.core.ApplicationContext.log Destruyendo la sesión HTTP
29-May-2024 13:40:37.863 INFO [http-nio-8080-exec-9] org.apache.catalina.core.ApplicationContext.log Destruyendo la aplicación
29-May-2024 13:40:40.412 INFO [http-nio-8080-exec-9] org.apache.catalina.core.ApplicationContext.log Inicializando la aplicación
29-May-2024 13:42:54.623 INFO [http-nio-8080-exec-11] org.apache.catalina.core.ApplicationContext.log Petición iniciada
29-May-2024 13:42:54.650 SEVERE [http-nio-8080-exec-11] org.apache.catalina.core.StandardWrapperValve.invoke Servlet.service() para servlet [org.emma.apiservlet.webapp.session.controllers.LoginServlet] lanzó excepción
	java.lang.RuntimeException: java.sql.SQLException: No suitable driver found for jdbc:mysql://localhost:3306/java_curso?serverTimezone=America/Santiago
		at org.emma.apiservlet.webapp.session.filters.ConexionFilter.doFilter(ConexionFilter.java:34)
		at org.apache.catalina.core.ApplicationFilterChain.internalDoFilter(ApplicationFilterChain.java:165)
		at org.apache.catalina.core.ApplicationFilterChain.doFilter(ApplicationFilterChain.java:140)
		at org.apache.catalina.core.StandardWrapperValve.invoke(StandardWrapperValve.java:167)
		at org.apache.catalina.core.StandardContextValve.invoke(StandardContextValve.java:90)
		at org.apache.catalina.authenticator.AuthenticatorBase.invoke(AuthenticatorBase.java:482)
		at org.apache.catalina.core.StandardHostValve.invoke(StandardHostValve.java:115)
		at org.apache.catalina.valves.ErrorReportValve.invoke(ErrorReportValve.java:93)
		at org.apache.catalina.valves.AbstractAccessLogValve.invoke(AbstractAccessLogValve.java:673)
		at org.apache.catalina.core.StandardEngineValve.invoke(StandardEngineValve.java:74)
		at org.apache.catalina.connector.CoyoteAdapter.service(CoyoteAdapter.java:344)
		at org.apache.coyote.http11.Http11Processor.service(Http11Processor.java:391)
		at org.apache.coyote.AbstractProcessorLight.process(AbstractProcessorLight.java:63)
		at org.apache.coyote.AbstractProtocol$ConnectionHandler.process(AbstractProtocol.java:896)
		at org.apache.tomcat.util.net.NioEndpoint$SocketProcessor.doRun(NioEndpoint.java:1736)
		at org.apache.tomcat.util.net.SocketProcessorBase.run(SocketProcessorBase.java:52)
		at org.apache.tomcat.util.threads.ThreadPoolExecutor.runWorker(ThreadPoolExecutor.java:1191)
		at org.apache.tomcat.util.threads.ThreadPoolExecutor$Worker.run(ThreadPoolExecutor.java:659)
		at org.apache.tomcat.util.threads.TaskThread$WrappingRunnable.run(TaskThread.java:63)
		at java.base/java.lang.Thread.run(Thread.java:1583)
	Caused by: java.sql.SQLException: No suitable driver found for jdbc:mysql://localhost:3306/java_curso?serverTimezone=America/Santiago
		at java.sql/java.sql.DriverManager.getConnection(DriverManager.java:708)
		at java.sql/java.sql.DriverManager.getConnection(DriverManager.java:230)
		at org.emma.apiservlet.webapp.session.util.ConexionBaseDatos.getConnection(ConexionBaseDatos.java:18)
		at org.emma.apiservlet.webapp.session.filters.ConexionFilter.doFilter(ConexionFilter.java:18)
		... 19 more
29-May-2024 13:42:54.650 INFO [http-nio-8080-exec-11] org.apache.catalina.core.ApplicationContext.log Petición destruida
29-May-2024 13:42:56.965 INFO [http-nio-8080-exec-12] org.apache.catalina.core.ApplicationContext.log Petición iniciada
29-May-2024 13:42:58.850 INFO [http-nio-8080-exec-12] org.apache.catalina.core.ApplicationContext.log Inicializando la sesión HTTP
29-May-2024 13:42:58.855 INFO [http-nio-8080-exec-12] org.apache.catalina.core.ApplicationContext.log Petición destruida
29-May-2024 13:43:00.641 INFO [http-nio-8080-exec-13] org.apache.catalina.core.ApplicationContext.log Petición iniciada
29-May-2024 13:43:00.831 INFO [http-nio-8080-exec-13] org.apache.catalina.core.ApplicationContext.log Petición destruida
29-May-2024 13:43:02.733 INFO [http-nio-8080-exec-7] org.apache.catalina.core.ApplicationContext.log Petición iniciada
29-May-2024 13:43:02.747 INFO [http-nio-8080-exec-7] org.apache.catalina.core.ApplicationContext.log Petición destruida
29-May-2024 13:43:04.084 INFO [http-nio-8080-exec-1] org.apache.catalina.core.ApplicationContext.log Petición iniciada
29-May-2024 13:43:04.211 INFO [http-nio-8080-exec-1] org.apache.catalina.core.ApplicationContext.log Petición destruida
29-May-2024 13:43:37.779 INFO [http-nio-8080-exec-5] org.apache.catalina.core.ApplicationContext.log Petición iniciada
29-May-2024 13:43:37.801 INFO [http-nio-8080-exec-5] org.apache.catalina.core.ApplicationContext.log Petición destruida
29-May-2024 13:45:24.207 INFO [http-nio-8080-exec-11] org.apache.catalina.core.ApplicationContext.log Destruyendo la sesión HTTP
29-May-2024 13:45:24.207 INFO [http-nio-8080-exec-11] org.apache.catalina.core.ApplicationContext.log Destruyendo la aplicación
29-May-2024 13:45:24.952 INFO [http-nio-8080-exec-11] org.apache.catalina.core.ApplicationContext.log Inicializando la aplicación
29-May-2024 13:46:06.819 INFO [http-nio-8080-exec-14] org.apache.catalina.core.ApplicationContext.log Petición iniciada
29-May-2024 13:46:07.005 INFO [http-nio-8080-exec-14] org.apache.catalina.core.ApplicationContext.log Petición destruida
29-May-2024 13:46:08.343 INFO [http-nio-8080-exec-18] org.apache.catalina.core.ApplicationContext.log Petición iniciada
29-May-2024 13:46:08.362 INFO [http-nio-8080-exec-18] org.apache.catalina.core.ApplicationContext.log Petición destruida
29-May-2024 13:47:34.186 INFO [http-nio-8080-exec-21] org.apache.catalina.core.ApplicationContext.log Destruyendo la aplicación
29-May-2024 13:47:34.952 INFO [http-nio-8080-exec-21] org.apache.catalina.core.ApplicationContext.log Inicializando la aplicación
29-May-2024 13:48:03.255 INFO [http-nio-8080-exec-25] org.apache.catalina.core.ApplicationContext.log Petición iniciada
29-May-2024 13:48:03.281 INFO [http-nio-8080-exec-25] org.apache.catalina.core.ApplicationContext.log Petición destruida
29-May-2024 13:51:12.210 INFO [http-nio-8080-exec-26] org.apache.catalina.core.ApplicationContext.log Destruyendo la aplicación
29-May-2024 13:51:13.344 INFO [http-nio-8080-exec-26] org.apache.catalina.core.ApplicationContext.log Inicializando la aplicación
29-May-2024 13:51:28.880 INFO [http-nio-8080-exec-16] org.apache.catalina.core.ApplicationContext.log Destruyendo la aplicación
29-May-2024 13:51:29.786 INFO [http-nio-8080-exec-16] org.apache.catalina.core.ApplicationContext.log Inicializando la aplicación
29-May-2024 13:51:34.299 INFO [http-nio-8080-exec-33] org.apache.catalina.core.ApplicationContext.log Petición iniciada
29-May-2024 13:51:34.363 INFO [http-nio-8080-exec-33] org.apache.catalina.core.ApplicationContext.log Petición destruida
29-May-2024 13:52:35.083 INFO [http-nio-8080-exec-34] org.apache.catalina.core.ApplicationContext.log Destruyendo la aplicación
29-May-2024 13:52:36.038 INFO [http-nio-8080-exec-34] org.apache.catalina.core.ApplicationContext.log Inicializando la aplicación
29-May-2024 13:52:59.880 INFO [http-nio-8080-exec-37] org.apache.catalina.core.ApplicationContext.log Petición iniciada
29-May-2024 13:52:59.913 INFO [http-nio-8080-exec-37] org.apache.catalina.core.ApplicationContext.log Petición destruida
29-May-2024 13:53:01.525 INFO [http-nio-8080-exec-36] org.apache.catalina.core.ApplicationContext.log Petición iniciada
29-May-2024 13:53:01.545 INFO [http-nio-8080-exec-36] org.apache.catalina.core.ApplicationContext.log Petición destruida
29-May-2024 13:53:02.433 INFO [http-nio-8080-exec-27] org.apache.catalina.core.ApplicationContext.log Petición iniciada
29-May-2024 13:53:02.457 INFO [http-nio-8080-exec-27] org.apache.catalina.core.ApplicationContext.log Petición destruida
29-May-2024 13:53:02.607 INFO [http-nio-8080-exec-23] org.apache.catalina.core.ApplicationContext.log Petición iniciada
29-May-2024 13:53:02.631 INFO [http-nio-8080-exec-23] org.apache.catalina.core.ApplicationContext.log Petición destruida
29-May-2024 13:53:02.789 INFO [http-nio-8080-exec-30] org.apache.catalina.core.ApplicationContext.log Petición iniciada
29-May-2024 13:53:02.812 INFO [http-nio-8080-exec-30] org.apache.catalina.core.ApplicationContext.log Petición destruida
29-May-2024 13:53:02.964 INFO [http-nio-8080-exec-15] org.apache.catalina.core.ApplicationContext.log Petición iniciada
29-May-2024 13:53:03.275 INFO [http-nio-8080-exec-15] org.apache.catalina.core.ApplicationContext.log Petición destruida
29-May-2024 13:53:04.421 INFO [http-nio-8080-exec-35] org.apache.catalina.core.ApplicationContext.log Petición iniciada
29-May-2024 13:53:04.443 INFO [http-nio-8080-exec-35] org.apache.catalina.core.ApplicationContext.log Petición destruida
29-May-2024 13:53:24.199 INFO [http-nio-8080-exec-32] org.apache.catalina.core.ApplicationContext.log Petición iniciada
29-May-2024 13:53:24.219 INFO [http-nio-8080-exec-32] org.apache.catalina.core.ApplicationContext.log Petición destruida
29-May-2024 13:59:05.866 INFO [http-nio-8080-exec-40] org.apache.catalina.core.ApplicationContext.log Petición iniciada
29-May-2024 13:59:05.892 INFO [http-nio-8080-exec-40] org.apache.catalina.core.ApplicationContext.log Petición destruida
29-May-2024 13:59:15.749 INFO [http-nio-8080-exec-41] org.apache.catalina.core.ApplicationContext.log Destruyendo la aplicación
29-May-2024 13:59:16.460 INFO [http-nio-8080-exec-41] org.apache.catalina.core.ApplicationContext.log Inicializando la aplicación
29-May-2024 13:59:19.729 INFO [http-nio-8080-exec-40] org.apache.catalina.core.ApplicationContext.log Petición iniciada
29-May-2024 13:59:19.749 INFO [http-nio-8080-exec-40] org.apache.catalina.core.ApplicationContext.log Inicializando la sesión HTTP
29-May-2024 13:59:19.752 INFO [http-nio-8080-exec-40] org.apache.catalina.core.ApplicationContext.log Petición destruida
29-May-2024 14:03:45.133 INFO [http-nio-8080-exec-49] org.apache.catalina.core.ApplicationContext.log Petición iniciada
29-May-2024 14:03:45.149 INFO [http-nio-8080-exec-49] org.apache.catalina.core.ApplicationContext.log Petición destruida
29-May-2024 14:03:48.944 INFO [http-nio-8080-exec-50] org.apache.catalina.core.ApplicationContext.log Petición iniciada
29-May-2024 14:03:48.953 INFO [http-nio-8080-exec-50] org.apache.catalina.core.ApplicationContext.log Petición destruida
29-May-2024 14:03:50.477 INFO [http-nio-8080-exec-51] org.apache.catalina.core.ApplicationContext.log Petición iniciada
29-May-2024 14:03:50.640 INFO [http-nio-8080-exec-51] org.apache.catalina.core.ApplicationContext.log Petición destruida
29-May-2024 14:03:53.590 INFO [http-nio-8080-exec-52] org.apache.catalina.core.ApplicationContext.log Petición iniciada
29-May-2024 14:03:53.605 INFO [http-nio-8080-exec-52] org.apache.catalina.core.ApplicationContext.log Petición destruida
29-May-2024 14:03:53.611 INFO [http-nio-8080-exec-53] org.apache.catalina.core.ApplicationContext.log Petición iniciada
29-May-2024 14:03:53.621 INFO [http-nio-8080-exec-53] org.apache.catalina.core.ApplicationContext.log Petición destruida
29-May-2024 14:03:54.831 INFO [http-nio-8080-exec-55] org.apache.catalina.core.ApplicationContext.log Petición iniciada
29-May-2024 14:03:54.957 INFO [http-nio-8080-exec-55] org.apache.catalina.core.ApplicationContext.log Petición destruida
29-May-2024 14:03:55.897 INFO [http-nio-8080-exec-56] org.apache.catalina.core.ApplicationContext.log Petición iniciada
29-May-2024 14:03:56.099 INFO [http-nio-8080-exec-56] org.apache.catalina.core.ApplicationContext.log Petición destruida
29-May-2024 14:03:58.130 INFO [http-nio-8080-exec-48] org.apache.catalina.core.ApplicationContext.log Petición iniciada
29-May-2024 14:03:58.142 INFO [http-nio-8080-exec-48] org.apache.catalina.core.ApplicationContext.log Petición destruida
29-May-2024 14:04:02.417 INFO [http-nio-8080-exec-57] org.apache.catalina.core.ApplicationContext.log Petición iniciada
29-May-2024 14:04:02.456 INFO [http-nio-8080-exec-57] org.apache.catalina.core.ApplicationContext.log Petición destruida
29-May-2024 14:04:02.461 INFO [http-nio-8080-exec-49] org.apache.catalina.core.ApplicationContext.log Petición iniciada
29-May-2024 14:04:02.480 INFO [http-nio-8080-exec-49] org.apache.catalina.core.ApplicationContext.log Petición destruida
29-May-2024 14:04:06.767 INFO [http-nio-8080-exec-51] org.apache.catalina.core.ApplicationContext.log Petición iniciada
29-May-2024 14:04:06.780 INFO [http-nio-8080-exec-51] org.apache.catalina.core.ApplicationContext.log Petición destruida
29-May-2024 14:04:06.784 INFO [http-nio-8080-exec-52] org.apache.catalina.core.ApplicationContext.log Petición iniciada
29-May-2024 14:04:06.795 INFO [http-nio-8080-exec-52] org.apache.catalina.core.ApplicationContext.log Petición destruida
29-May-2024 14:04:08.509 INFO [http-nio-8080-exec-54] org.apache.catalina.core.ApplicationContext.log Petición iniciada
29-May-2024 14:04:08.522 INFO [http-nio-8080-exec-54] org.apache.catalina.core.ApplicationContext.log Petición destruida
29-May-2024 14:04:10.205 INFO [http-nio-8080-exec-55] org.apache.catalina.core.ApplicationContext.log Petición iniciada
29-May-2024 14:04:10.214 INFO [http-nio-8080-exec-55] org.apache.catalina.core.ApplicationContext.log Destruyendo la sesión HTTP
29-May-2024 14:04:10.215 INFO [http-nio-8080-exec-55] org.apache.catalina.core.ApplicationContext.log Petición destruida
29-May-2024 14:04:10.220 INFO [http-nio-8080-exec-56] org.apache.catalina.core.ApplicationContext.log Petición iniciada
29-May-2024 14:04:10.230 INFO [http-nio-8080-exec-56] org.apache.catalina.core.ApplicationContext.log Inicializando la sesión HTTP
29-May-2024 14:04:10.232 INFO [http-nio-8080-exec-56] org.apache.catalina.core.ApplicationContext.log Petición destruida
29-May-2024 14:04:11.091 INFO [http-nio-8080-exec-58] org.apache.catalina.core.ApplicationContext.log Petición iniciada
29-May-2024 14:04:11.101 INFO [http-nio-8080-exec-58] org.apache.catalina.core.ApplicationContext.log Petición destruida
29-May-2024 14:04:11.974 INFO [http-nio-8080-exec-57] org.apache.catalina.core.ApplicationContext.log Petición iniciada
29-May-2024 14:04:11.984 INFO [http-nio-8080-exec-57] org.apache.catalina.core.ApplicationContext.log Petición destruida
29-May-2024 14:04:13.539 INFO [http-nio-8080-exec-49] org.apache.catalina.core.ApplicationContext.log Petición iniciada
29-May-2024 14:04:13.550 INFO [http-nio-8080-exec-49] org.apache.catalina.core.ApplicationContext.log Petición destruida
29-May-2024 14:04:15.423 INFO [http-nio-8080-exec-50] org.apache.catalina.core.ApplicationContext.log Petición iniciada
29-May-2024 14:04:15.434 INFO [http-nio-8080-exec-50] org.apache.catalina.core.ApplicationContext.log Petición destruida
29-May-2024 14:04:16.399 INFO [http-nio-8080-exec-51] org.apache.catalina.core.ApplicationContext.log Petición iniciada
29-May-2024 14:04:16.408 INFO [http-nio-8080-exec-51] org.apache.catalina.core.ApplicationContext.log Petición destruida
29-May-2024 14:04:20.046 INFO [http-nio-8080-exec-52] org.apache.catalina.core.ApplicationContext.log Petición iniciada
29-May-2024 14:04:20.056 INFO [http-nio-8080-exec-52] org.apache.catalina.core.ApplicationContext.log Petición destruida
29-May-2024 14:04:26.237 INFO [http-nio-8080-exec-53] org.apache.catalina.core.ApplicationContext.log Petición iniciada
29-May-2024 14:04:26.248 INFO [http-nio-8080-exec-53] org.apache.catalina.core.ApplicationContext.log Petición destruida
29-May-2024 14:04:26.255 INFO [http-nio-8080-exec-54] org.apache.catalina.core.ApplicationContext.log Petición iniciada
29-May-2024 14:04:26.272 INFO [http-nio-8080-exec-54] org.apache.catalina.core.ApplicationContext.log Petición destruida
29-May-2024 14:04:28.933 INFO [http-nio-8080-exec-56] org.apache.catalina.core.ApplicationContext.log Petición iniciada
29-May-2024 14:04:28.943 INFO [http-nio-8080-exec-56] org.apache.catalina.core.ApplicationContext.log Petición destruida
29-May-2024 14:04:28.947 INFO [http-nio-8080-exec-58] org.apache.catalina.core.ApplicationContext.log Petición iniciada
29-May-2024 14:04:28.957 INFO [http-nio-8080-exec-58] org.apache.catalina.core.ApplicationContext.log Petición destruida
29-May-2024 14:04:30.278 INFO [http-nio-8080-exec-49] org.apache.catalina.core.ApplicationContext.log Petición iniciada
29-May-2024 14:04:30.288 INFO [http-nio-8080-exec-49] org.apache.catalina.core.ApplicationContext.log Petición destruida
29-May-2024 14:04:31.165 INFO [http-nio-8080-exec-50] org.apache.catalina.core.ApplicationContext.log Petición iniciada
29-May-2024 14:04:31.175 INFO [http-nio-8080-exec-50] org.apache.catalina.core.ApplicationContext.log Petición destruida
29-May-2024 14:04:32.168 INFO [http-nio-8080-exec-51] org.apache.catalina.core.ApplicationContext.log Petición iniciada
29-May-2024 14:04:32.177 INFO [http-nio-8080-exec-51] org.apache.catalina.core.ApplicationContext.log Petición destruida
29-May-2024 14:04:34.546 INFO [http-nio-8080-exec-52] org.apache.catalina.core.ApplicationContext.log Petición iniciada
29-May-2024 14:04:34.556 INFO [http-nio-8080-exec-52] org.apache.catalina.core.ApplicationContext.log Petición destruida
29-May-2024 14:04:36.272 INFO [http-nio-8080-exec-53] org.apache.catalina.core.ApplicationContext.log Petición iniciada
29-May-2024 14:04:36.281 INFO [http-nio-8080-exec-53] org.apache.catalina.core.ApplicationContext.log Petición destruida
29-May-2024 14:04:36.286 INFO [http-nio-8080-exec-54] org.apache.catalina.core.ApplicationContext.log Petición iniciada
29-May-2024 14:04:36.295 INFO [http-nio-8080-exec-54] org.apache.catalina.core.ApplicationContext.log Petición destruida
29-May-2024 14:04:41.179 INFO [http-nio-8080-exec-55] org.apache.catalina.core.ApplicationContext.log Petición iniciada
29-May-2024 14:04:41.189 INFO [http-nio-8080-exec-55] org.apache.catalina.core.ApplicationContext.log Petición destruida
29-May-2024 14:04:45.716 INFO [http-nio-8080-exec-56] org.apache.catalina.core.ApplicationContext.log Petición iniciada
29-May-2024 14:04:45.726 INFO [http-nio-8080-exec-56] org.apache.catalina.core.ApplicationContext.log Petición destruida
29-May-2024 14:04:45.731 INFO [http-nio-8080-exec-58] org.apache.catalina.core.ApplicationContext.log Petición iniciada
29-May-2024 14:04:45.741 INFO [http-nio-8080-exec-58] org.apache.catalina.core.ApplicationContext.log Petición destruida
29-May-2024 14:04:49.669 INFO [http-nio-8080-exec-57] org.apache.catalina.core.ApplicationContext.log Petición iniciada
29-May-2024 14:04:49.678 INFO [http-nio-8080-exec-57] org.apache.catalina.core.ApplicationContext.log Petición destruida
29-May-2024 14:04:49.685 INFO [http-nio-8080-exec-49] org.apache.catalina.core.ApplicationContext.log Petición iniciada
29-May-2024 14:04:49.694 INFO [http-nio-8080-exec-49] org.apache.catalina.core.ApplicationContext.log Petición destruida
29-May-2024 14:04:51.224 INFO [http-nio-8080-exec-51] org.apache.catalina.core.ApplicationContext.log Petición iniciada
29-May-2024 14:04:51.234 INFO [http-nio-8080-exec-51] org.apache.catalina.core.ApplicationContext.log Petición destruida
29-May-2024 14:04:51.239 INFO [http-nio-8080-exec-52] org.apache.catalina.core.ApplicationContext.log Petición iniciada
29-May-2024 14:04:51.248 INFO [http-nio-8080-exec-52] org.apache.catalina.core.ApplicationContext.log Petición destruida
29-May-2024 14:04:52.954 INFO [http-nio-8080-exec-53] org.apache.catalina.core.ApplicationContext.log Petición iniciada
29-May-2024 14:04:52.964 INFO [http-nio-8080-exec-53] org.apache.catalina.core.ApplicationContext.log Petición destruida
29-May-2024 14:04:55.166 INFO [http-nio-8080-exec-55] org.apache.catalina.core.ApplicationContext.log Petición iniciada
29-May-2024 14:04:55.175 INFO [http-nio-8080-exec-55] org.apache.catalina.core.ApplicationContext.log Petición destruida
29-May-2024 14:04:56.051 INFO [http-nio-8080-exec-56] org.apache.catalina.core.ApplicationContext.log Petición iniciada
29-May-2024 14:04:56.061 INFO [http-nio-8080-exec-56] org.apache.catalina.core.ApplicationContext.log Petición destruida
29-May-2024 14:05:02.675 INFO [http-nio-8080-exec-57] org.apache.catalina.core.ApplicationContext.log Petición iniciada
29-May-2024 14:05:02.683 INFO [http-nio-8080-exec-57] org.apache.catalina.core.ApplicationContext.log Petición destruida
29-May-2024 14:06:00.075 INFO [http-nio-8080-exec-52] org.apache.catalina.core.ApplicationContext.log Petición iniciada
29-May-2024 14:06:00.084 INFO [http-nio-8080-exec-52] org.apache.catalina.core.ApplicationContext.log Petición destruida
29-May-2024 14:28:15.958 INFO [http-nio-8080-exec-55] org.apache.catalina.core.ApplicationContext.log Destruyendo la sesión HTTP
29-May-2024 14:28:15.958 INFO [http-nio-8080-exec-55] org.apache.catalina.core.ApplicationContext.log Destruyendo la aplicación
29-May-2024 14:28:16.981 INFO [http-nio-8080-exec-55] org.apache.catalina.core.ApplicationContext.log Inicializando la aplicación
29-May-2024 14:28:27.004 INFO [http-nio-8080-exec-49] org.apache.catalina.core.ApplicationContext.log Petición iniciada
29-May-2024 14:28:27.026 INFO [http-nio-8080-exec-49] org.apache.catalina.core.ApplicationContext.log Inicializando la sesión HTTP
29-May-2024 14:28:27.255 INFO [http-nio-8080-exec-49] org.apache.catalina.core.ApplicationContext.log Petición destruida
29-May-2024 14:29:03.180 INFO [http-nio-8080-exec-51] org.apache.catalina.core.ApplicationContext.log Destruyendo la sesión HTTP
29-May-2024 14:29:03.180 INFO [http-nio-8080-exec-51] org.apache.catalina.core.ApplicationContext.log Destruyendo la aplicación
29-May-2024 14:29:03.849 INFO [http-nio-8080-exec-51] org.apache.catalina.core.ApplicationContext.log Inicializando la aplicación
29-May-2024 14:29:07.571 INFO [http-nio-8080-exec-60] org.apache.catalina.core.ApplicationContext.log Petición iniciada
29-May-2024 14:29:07.594 INFO [http-nio-8080-exec-60] org.apache.catalina.core.ApplicationContext.log Inicializando la sesión HTTP
29-May-2024 14:29:07.756 INFO [http-nio-8080-exec-60] org.apache.catalina.core.ApplicationContext.log Petición destruida
29-May-2024 14:29:08.002 INFO [http-nio-8080-exec-61] org.apache.catalina.core.ApplicationContext.log Petición iniciada
29-May-2024 14:29:08.014 INFO [http-nio-8080-exec-61] org.apache.catalina.core.ApplicationContext.log Petición destruida
29-May-2024 15:17:01.717 INFO [Catalina-utility-1] org.apache.catalina.core.ApplicationContext.log Destruyendo la sesión HTTP
