29-May-2024 13:39:05.243 INFO [http-nio-8080-exec-7] org.apache.catalina.core.ApplicationContext.log HTMLManager: init: Associated with Deployer 'Catalina:type=Deployer,host=localhost'
29-May-2024 13:39:05.244 INFO [http-nio-8080-exec-7] org.apache.catalina.core.ApplicationContext.log HTMLManager: init: Global resources are available
29-May-2024 13:39:05.261 INFO [http-nio-8080-exec-7] org.apache.catalina.core.ApplicationContext.log HTMLManager: list: Listing contexts for virtual host 'localhost'
29-May-2024 13:40:37.722 INFO [http-nio-8080-exec-9] org.apache.catalina.core.ApplicationContext.log Manager: init: Associated with Deployer 'Catalina:type=Deployer,host=localhost'
29-May-2024 13:40:37.722 INFO [http-nio-8080-exec-9] org.apache.catalina.core.ApplicationContext.log Manager: init: Global resources are available
29-May-2024 13:40:37.725 INFO [http-nio-8080-exec-9] org.apache.catalina.core.ApplicationContext.log Manager: deploy: Deploying web application '/webapp-session'
29-May-2024 13:40:37.726 INFO [http-nio-8080-exec-9] org.apache.catalina.core.ApplicationContext.log Manager: Uploading WAR file to E:\CURSOS\CursoJava\JavaEE\apache-tomcat-10.1.23\webapps\webapp-session.war.tmp
29-May-2024 13:45:24.137 INFO [http-nio-8080-exec-11] org.apache.catalina.core.ApplicationContext.log Manager: deploy: Deploying web application '/webapp-session'
29-May-2024 13:45:24.138 INFO [http-nio-8080-exec-11] org.apache.catalina.core.ApplicationContext.log Manager: Uploading WAR file to E:\CURSOS\CursoJava\JavaEE\apache-tomcat-10.1.23\webapps\webapp-session.war.tmp
29-May-2024 13:47:34.124 INFO [http-nio-8080-exec-21] org.apache.catalina.core.ApplicationContext.log Manager: deploy: Deploying web application '/webapp-session'
29-May-2024 13:47:34.124 INFO [http-nio-8080-exec-21] org.apache.catalina.core.ApplicationContext.log Manager: Uploading WAR file to E:\CURSOS\CursoJava\JavaEE\apache-tomcat-10.1.23\webapps\webapp-session.war.tmp
29-May-2024 13:51:12.119 INFO [http-nio-8080-exec-26] org.apache.catalina.core.ApplicationContext.log Manager: deploy: Deploying web application '/webapp-session'
29-May-2024 13:51:12.119 INFO [http-nio-8080-exec-26] org.apache.catalina.core.ApplicationContext.log Manager: Uploading WAR file to E:\CURSOS\CursoJava\JavaEE\apache-tomcat-10.1.23\webapps\webapp-session.war.tmp
29-May-2024 13:51:28.730 INFO [http-nio-8080-exec-16] org.apache.catalina.core.ApplicationContext.log Manager: deploy: Deploying web application '/webapp-session'
29-May-2024 13:51:28.730 INFO [http-nio-8080-exec-16] org.apache.catalina.core.ApplicationContext.log Manager: Uploading WAR file to E:\CURSOS\CursoJava\JavaEE\apache-tomcat-10.1.23\webapps\webapp-session.war.tmp
29-May-2024 13:52:34.954 INFO [http-nio-8080-exec-34] org.apache.catalina.core.ApplicationContext.log Manager: deploy: Deploying web application '/webapp-session'
29-May-2024 13:52:34.954 INFO [http-nio-8080-exec-34] org.apache.catalina.core.ApplicationContext.log Manager: Uploading WAR file to E:\CURSOS\CursoJava\JavaEE\apache-tomcat-10.1.23\webapps\webapp-session.war.tmp
29-May-2024 13:59:15.697 INFO [http-nio-8080-exec-41] org.apache.catalina.core.ApplicationContext.log Manager: deploy: Deploying web application '/webapp-session'
29-May-2024 13:59:15.697 INFO [http-nio-8080-exec-41] org.apache.catalina.core.ApplicationContext.log Manager: Uploading WAR file to E:\CURSOS\CursoJava\JavaEE\apache-tomcat-10.1.23\webapps\webapp-session.war.tmp
29-May-2024 14:28:15.676 INFO [http-nio-8080-exec-55] org.apache.catalina.core.ApplicationContext.log Manager: deploy: Deploying web application '/webapp-session'
29-May-2024 14:28:15.676 INFO [http-nio-8080-exec-55] org.apache.catalina.core.ApplicationContext.log Manager: Uploading WAR file to E:\CURSOS\CursoJava\JavaEE\apache-tomcat-10.1.23\webapps\webapp-session.war.tmp
29-May-2024 14:29:03.111 INFO [http-nio-8080-exec-51] org.apache.catalina.core.ApplicationContext.log Manager: deploy: Deploying web application '/webapp-session'
29-May-2024 14:29:03.111 INFO [http-nio-8080-exec-51] org.apache.catalina.core.ApplicationContext.log Manager: Uploading WAR file to E:\CURSOS\CursoJava\JavaEE\apache-tomcat-10.1.23\webapps\webapp-session.war.tmp
