03-May-2024 12:41:02.544 INFO [http-nio-8080-exec-1] org.apache.catalina.core.ApplicationContext.log Manager: init: Associated with Deployer 'Catalina:type=Deployer,host=localhost'
03-May-2024 12:41:02.544 INFO [http-nio-8080-exec-1] org.apache.catalina.core.ApplicationContext.log Manager: init: Global resources are available
03-May-2024 12:41:02.551 INFO [http-nio-8080-exec-1] org.apache.catalina.core.ApplicationContext.log Manager: deploy: Deploying web application '/webapp'
03-May-2024 12:41:02.551 INFO [http-nio-8080-exec-1] org.apache.catalina.core.ApplicationContext.log Manager: Uploading WAR file to E:\CURSOS\CursoJava\JavaEE\apache-tomcat-10.1.23\webapps\webapp.war.tmp
03-May-2024 12:42:30.098 INFO [http-nio-8080-exec-3] org.apache.catalina.core.ApplicationContext.log Manager: deploy: Deploying web application '/webapp'
03-May-2024 12:42:30.098 INFO [http-nio-8080-exec-3] org.apache.catalina.core.ApplicationContext.log Manager: Uploading WAR file to E:\CURSOS\CursoJava\JavaEE\apache-tomcat-10.1.23\webapps\webapp.war.tmp
03-May-2024 12:43:35.668 INFO [http-nio-8080-exec-11] org.apache.catalina.core.ApplicationContext.log Manager: deploy: Deploying web application '/webapp'
03-May-2024 12:43:35.668 INFO [http-nio-8080-exec-11] org.apache.catalina.core.ApplicationContext.log Manager: Uploading WAR file to E:\CURSOS\CursoJava\JavaEE\apache-tomcat-10.1.23\webapps\webapp.war.tmp
03-May-2024 13:38:44.218 INFO [http-nio-8080-exec-13] org.apache.catalina.core.ApplicationContext.log Manager: deploy: Deploying web application '/webapp'
03-May-2024 13:38:44.219 INFO [http-nio-8080-exec-13] org.apache.catalina.core.ApplicationContext.log Manager: Uploading WAR file to E:\CURSOS\CursoJava\JavaEE\apache-tomcat-10.1.23\webapps\webapp.war.tmp
03-May-2024 13:39:50.424 INFO [http-nio-8080-exec-1] org.apache.catalina.core.ApplicationContext.log Manager: init: Associated with Deployer 'Catalina:type=Deployer,host=localhost'
03-May-2024 13:39:50.425 INFO [http-nio-8080-exec-1] org.apache.catalina.core.ApplicationContext.log Manager: init: Global resources are available
03-May-2024 13:39:50.432 INFO [http-nio-8080-exec-1] org.apache.catalina.core.ApplicationContext.log Manager: deploy: Deploying web application '/webapp'
03-May-2024 13:39:50.433 INFO [http-nio-8080-exec-1] org.apache.catalina.core.ApplicationContext.log Manager: Uploading WAR file to E:\CURSOS\CursoJava\JavaEE\apache-tomcat-10.1.23\webapps\webapp.war.tmp
03-May-2024 13:41:18.681 INFO [http-nio-8080-exec-4] org.apache.catalina.core.ApplicationContext.log HTMLManager: init: Associated with Deployer 'Catalina:type=Deployer,host=localhost'
03-May-2024 13:41:18.681 INFO [http-nio-8080-exec-4] org.apache.catalina.core.ApplicationContext.log HTMLManager: init: Global resources are available
03-May-2024 13:41:18.702 INFO [http-nio-8080-exec-4] org.apache.catalina.core.ApplicationContext.log HTMLManager: list: Listing contexts for virtual host 'localhost'
03-May-2024 13:43:17.722 INFO [http-nio-8080-exec-17] org.apache.catalina.core.ApplicationContext.log Manager: deploy: Deploying web application '/webapp'
03-May-2024 13:43:17.722 INFO [http-nio-8080-exec-17] org.apache.catalina.core.ApplicationContext.log Manager: Uploading WAR file to E:\CURSOS\CursoJava\JavaEE\apache-tomcat-10.1.23\webapps\webapp.war.tmp
03-May-2024 13:55:02.051 INFO [http-nio-8080-exec-1] org.apache.catalina.core.ApplicationContext.log Manager: init: Associated with Deployer 'Catalina:type=Deployer,host=localhost'
03-May-2024 13:55:02.053 INFO [http-nio-8080-exec-1] org.apache.catalina.core.ApplicationContext.log Manager: init: Global resources are available
03-May-2024 13:55:02.060 INFO [http-nio-8080-exec-1] org.apache.catalina.core.ApplicationContext.log Manager: deploy: Deploying web application '/webapp'
03-May-2024 13:55:02.060 INFO [http-nio-8080-exec-1] org.apache.catalina.core.ApplicationContext.log Manager: Uploading WAR file to E:\CURSOS\CursoJava\JavaEE\apache-tomcat-10.1.23\webapps\webapp.war.tmp
03-May-2024 14:34:22.610 INFO [http-nio-8080-exec-11] org.apache.catalina.core.ApplicationContext.log Manager: deploy: Deploying web application '/webapp'
03-May-2024 14:34:22.611 INFO [http-nio-8080-exec-11] org.apache.catalina.core.ApplicationContext.log Manager: Uploading WAR file to E:\CURSOS\CursoJava\JavaEE\apache-tomcat-10.1.23\webapps\webapp.war.tmp
03-May-2024 14:38:44.573 INFO [http-nio-8080-exec-21] org.apache.catalina.core.ApplicationContext.log Manager: deploy: Deploying web application '/webapp'
03-May-2024 14:38:44.573 INFO [http-nio-8080-exec-21] org.apache.catalina.core.ApplicationContext.log Manager: Uploading WAR file to E:\CURSOS\CursoJava\JavaEE\apache-tomcat-10.1.23\webapps\webapp.war.tmp
03-May-2024 17:18:10.618 INFO [http-nio-8080-exec-31] org.apache.catalina.core.ApplicationContext.log Manager: deploy: Deploying web application '/webapp'
03-May-2024 17:18:10.618 INFO [http-nio-8080-exec-31] org.apache.catalina.core.ApplicationContext.log Manager: Uploading WAR file to E:\CURSOS\CursoJava\JavaEE\apache-tomcat-10.1.23\webapps\webapp.war.tmp
03-May-2024 17:18:58.600 INFO [http-nio-8080-exec-38] org.apache.catalina.core.ApplicationContext.log Manager: deploy: Deploying web application '/webapp'
03-May-2024 17:18:58.600 INFO [http-nio-8080-exec-38] org.apache.catalina.core.ApplicationContext.log Manager: Uploading WAR file to E:\CURSOS\CursoJava\JavaEE\apache-tomcat-10.1.23\webapps\webapp.war.tmp
