14-May-2024 13:39:46.140 INFO [http-nio-8080-exec-6] org.apache.catalina.core.ApplicationContext.log HTMLManager: init: Associated with Deployer 'Catalina:type=Deployer,host=localhost'
14-May-2024 13:39:46.140 INFO [http-nio-8080-exec-6] org.apache.catalina.core.ApplicationContext.log HTMLManager: init: Global resources are available
14-May-2024 13:39:46.173 INFO [http-nio-8080-exec-6] org.apache.catalina.core.ApplicationContext.log HTMLManager: list: Listing contexts for virtual host 'localhost'
14-May-2024 13:40:14.657 INFO [http-nio-8080-exec-2] org.apache.catalina.core.ApplicationContext.log Manager: init: Associated with Deployer 'Catalina:type=Deployer,host=localhost'
14-May-2024 13:40:14.657 INFO [http-nio-8080-exec-2] org.apache.catalina.core.ApplicationContext.log Manager: init: Global resources are available
14-May-2024 13:40:14.659 INFO [http-nio-8080-exec-2] org.apache.catalina.core.ApplicationContext.log Manager: deploy: Deploying web application '/webapp-headers'
14-May-2024 13:40:14.659 INFO [http-nio-8080-exec-2] org.apache.catalina.core.ApplicationContext.log Manager: Uploading WAR file to E:\CURSOS\CursoJava\JavaEE\apache-tomcat-10.1.23\webapps\webapp-headers.war.tmp
14-May-2024 13:59:17.020 INFO [http-nio-8080-exec-13] org.apache.catalina.core.ApplicationContext.log Manager: deploy: Deploying web application '/webapp-headers'
14-May-2024 13:59:17.020 INFO [http-nio-8080-exec-13] org.apache.catalina.core.ApplicationContext.log Manager: Uploading WAR file to E:\CURSOS\CursoJava\JavaEE\apache-tomcat-10.1.23\webapps\webapp-headers.war.tmp
14-May-2024 14:00:24.532 INFO [http-nio-8080-exec-21] org.apache.catalina.core.ApplicationContext.log Manager: deploy: Deploying web application '/webapp-headers'
14-May-2024 14:00:24.532 INFO [http-nio-8080-exec-21] org.apache.catalina.core.ApplicationContext.log Manager: Uploading WAR file to E:\CURSOS\CursoJava\JavaEE\apache-tomcat-10.1.23\webapps\webapp-headers.war.tmp
14-May-2024 14:01:01.404 INFO [http-nio-8080-exec-18] org.apache.catalina.core.ApplicationContext.log HTMLManager: list: Listing contexts for virtual host 'localhost'
14-May-2024 14:09:29.195 INFO [http-nio-8080-exec-26] org.apache.catalina.core.ApplicationContext.log Manager: deploy: Deploying web application '/webapp-headers'
14-May-2024 14:09:29.195 INFO [http-nio-8080-exec-26] org.apache.catalina.core.ApplicationContext.log Manager: Uploading WAR file to E:\CURSOS\CursoJava\JavaEE\apache-tomcat-10.1.23\webapps\webapp-headers.war.tmp
14-May-2024 14:11:30.407 INFO [http-nio-8080-exec-36] org.apache.catalina.core.ApplicationContext.log Manager: deploy: Deploying web application '/webapp-headers'
14-May-2024 14:11:30.408 INFO [http-nio-8080-exec-36] org.apache.catalina.core.ApplicationContext.log Manager: Uploading WAR file to E:\CURSOS\CursoJava\JavaEE\apache-tomcat-10.1.23\webapps\webapp-headers.war.tmp
14-May-2024 14:11:30.495 INFO [http-nio-8080-exec-31] org.apache.catalina.core.ApplicationContext.log Manager: deploy: Deploying web application '/webapp-headers'
14-May-2024 14:11:30.496 INFO [http-nio-8080-exec-31] org.apache.catalina.core.ApplicationContext.log Manager: Uploading WAR file to E:\CURSOS\CursoJava\JavaEE\apache-tomcat-10.1.23\webapps\webapp-headers.war.tmp
14-May-2024 14:13:21.878 INFO [http-nio-8080-exec-46] org.apache.catalina.core.ApplicationContext.log Manager: deploy: Deploying web application '/webapp-headers'
14-May-2024 14:13:21.878 INFO [http-nio-8080-exec-46] org.apache.catalina.core.ApplicationContext.log Manager: Uploading WAR file to E:\CURSOS\CursoJava\JavaEE\apache-tomcat-10.1.23\webapps\webapp-headers.war.tmp
