20-May-2024 14:30:10.151 INFO [http-nio-8080-exec-7] org.apache.catalina.core.ApplicationContext.log HTMLManager: init: Associated with Deployer 'Catalina:type=Deployer,host=localhost'
20-May-2024 14:30:10.151 INFO [http-nio-8080-exec-7] org.apache.catalina.core.ApplicationContext.log HTMLManager: init: Global resources are available
20-May-2024 14:30:10.166 INFO [http-nio-8080-exec-7] org.apache.catalina.core.ApplicationContext.log HTMLManager: list: Listing contexts for virtual host 'localhost'
20-May-2024 14:30:25.183 INFO [http-nio-8080-exec-3] org.apache.catalina.core.ApplicationContext.log Manager: init: Associated with Deployer 'Catalina:type=Deployer,host=localhost'
20-May-2024 14:30:25.184 INFO [http-nio-8080-exec-3] org.apache.catalina.core.ApplicationContext.log Manager: init: Global resources are available
20-May-2024 14:30:25.186 INFO [http-nio-8080-exec-3] org.apache.catalina.core.ApplicationContext.log Manager: deploy: Deploying web application '/webapp-cookie'
20-May-2024 14:30:25.186 INFO [http-nio-8080-exec-3] org.apache.catalina.core.ApplicationContext.log Manager: Uploading WAR file to E:\CURSOS\CursoJava\JavaEE\apache-tomcat-10.1.23\webapps\webapp-cookie.war.tmp
20-May-2024 14:30:49.913 INFO [http-nio-8080-exec-3] org.apache.catalina.core.ApplicationContext.log Manager: deploy: Deploying web application '/webapp-cookie'
20-May-2024 14:30:49.913 INFO [http-nio-8080-exec-3] org.apache.catalina.core.ApplicationContext.log Manager: Uploading WAR file to E:\CURSOS\CursoJava\JavaEE\apache-tomcat-10.1.23\webapps\webapp-cookie.war.tmp
20-May-2024 14:31:13.468 INFO [http-nio-8080-exec-9] org.apache.catalina.core.ApplicationContext.log Manager: deploy: Deploying web application '/webapp-cookie'
20-May-2024 14:31:13.468 INFO [http-nio-8080-exec-9] org.apache.catalina.core.ApplicationContext.log Manager: Uploading WAR file to E:\CURSOS\CursoJava\JavaEE\apache-tomcat-10.1.23\webapps\webapp-cookie.war.tmp
20-May-2024 14:32:05.519 INFO [http-nio-8080-exec-4] org.apache.catalina.core.ApplicationContext.log Manager: deploy: Deploying web application '/webapp-cookie'
20-May-2024 14:32:05.520 INFO [http-nio-8080-exec-4] org.apache.catalina.core.ApplicationContext.log Manager: Uploading WAR file to E:\CURSOS\CursoJava\JavaEE\apache-tomcat-10.1.23\webapps\webapp-cookie.war.tmp
20-May-2024 14:33:33.912 INFO [http-nio-8080-exec-19] org.apache.catalina.core.ApplicationContext.log Manager: deploy: Deploying web application '/webapp-cookie'
20-May-2024 14:33:33.912 INFO [http-nio-8080-exec-19] org.apache.catalina.core.ApplicationContext.log Manager: Uploading WAR file to E:\CURSOS\CursoJava\JavaEE\apache-tomcat-10.1.23\webapps\webapp-cookie.war.tmp
20-May-2024 14:36:56.089 INFO [http-nio-8080-exec-21] org.apache.catalina.core.ApplicationContext.log Manager: deploy: Deploying web application '/webapp-cookie'
20-May-2024 14:36:56.089 INFO [http-nio-8080-exec-21] org.apache.catalina.core.ApplicationContext.log Manager: Uploading WAR file to E:\CURSOS\CursoJava\JavaEE\apache-tomcat-10.1.23\webapps\webapp-cookie.war.tmp
20-May-2024 14:41:55.792 INFO [http-nio-8080-exec-25] org.apache.catalina.core.ApplicationContext.log Manager: deploy: Deploying web application '/webapp-cookie'
20-May-2024 14:41:55.793 INFO [http-nio-8080-exec-25] org.apache.catalina.core.ApplicationContext.log Manager: Uploading WAR file to E:\CURSOS\CursoJava\JavaEE\apache-tomcat-10.1.23\webapps\webapp-cookie.war.tmp
20-May-2024 15:40:09.757 INFO [http-nio-8080-exec-33] org.apache.catalina.core.ApplicationContext.log Manager: deploy: Deploying web application '/webapp-cookie'
20-May-2024 15:40:09.758 INFO [http-nio-8080-exec-33] org.apache.catalina.core.ApplicationContext.log Manager: Uploading WAR file to E:\CURSOS\CursoJava\JavaEE\apache-tomcat-10.1.23\webapps\webapp-cookie.war.tmp
20-May-2024 16:01:31.405 INFO [http-nio-8080-exec-46] org.apache.catalina.core.ApplicationContext.log Manager: deploy: Deploying web application '/webapp-cookie'
20-May-2024 16:01:31.406 INFO [http-nio-8080-exec-46] org.apache.catalina.core.ApplicationContext.log Manager: Uploading WAR file to E:\CURSOS\CursoJava\JavaEE\apache-tomcat-10.1.23\webapps\webapp-cookie.war.tmp
20-May-2024 16:02:22.882 INFO [http-nio-8080-exec-40] org.apache.catalina.core.ApplicationContext.log Manager: deploy: Deploying web application '/webapp-cookie'
20-May-2024 16:02:22.888 INFO [http-nio-8080-exec-40] org.apache.catalina.core.ApplicationContext.log Manager: Uploading WAR file to E:\CURSOS\CursoJava\JavaEE\apache-tomcat-10.1.23\webapps\webapp-cookie.war.tmp
20-May-2024 16:03:37.520 INFO [http-nio-8080-exec-58] org.apache.catalina.core.ApplicationContext.log Manager: deploy: Deploying web application '/webapp-cookie'
20-May-2024 16:03:37.521 INFO [http-nio-8080-exec-58] org.apache.catalina.core.ApplicationContext.log Manager: Uploading WAR file to E:\CURSOS\CursoJava\JavaEE\apache-tomcat-10.1.23\webapps\webapp-cookie.war.tmp
20-May-2024 16:04:39.652 INFO [http-nio-8080-exec-56] org.apache.catalina.core.ApplicationContext.log Manager: deploy: Deploying web application '/webapp-cookie'
20-May-2024 16:04:39.652 INFO [http-nio-8080-exec-56] org.apache.catalina.core.ApplicationContext.log Manager: Uploading WAR file to E:\CURSOS\CursoJava\JavaEE\apache-tomcat-10.1.23\webapps\webapp-cookie.war.tmp
20-May-2024 16:07:38.309 INFO [http-nio-8080-exec-73] org.apache.catalina.core.ApplicationContext.log Manager: deploy: Deploying web application '/webapp-cookie'
20-May-2024 16:07:38.309 INFO [http-nio-8080-exec-73] org.apache.catalina.core.ApplicationContext.log Manager: Uploading WAR file to E:\CURSOS\CursoJava\JavaEE\apache-tomcat-10.1.23\webapps\webapp-cookie.war.tmp
20-May-2024 16:08:38.473 INFO [http-nio-8080-exec-80] org.apache.catalina.core.ApplicationContext.log Manager: deploy: Deploying web application '/webapp-cookie'
20-May-2024 16:08:38.473 INFO [http-nio-8080-exec-80] org.apache.catalina.core.ApplicationContext.log Manager: Uploading WAR file to E:\CURSOS\CursoJava\JavaEE\apache-tomcat-10.1.23\webapps\webapp-cookie.war.tmp
20-May-2024 16:08:50.311 INFO [http-nio-8080-exec-82] org.apache.catalina.core.ApplicationContext.log HTMLManager: list: Listing contexts for virtual host 'localhost'
20-May-2024 16:10:17.054 INFO [http-nio-8080-exec-85] org.apache.catalina.core.ApplicationContext.log Manager: deploy: Deploying web application '/webapp-cookie'
20-May-2024 16:10:17.054 INFO [http-nio-8080-exec-85] org.apache.catalina.core.ApplicationContext.log Manager: Uploading WAR file to E:\CURSOS\CursoJava\JavaEE\apache-tomcat-10.1.23\webapps\webapp-cookie.war.tmp
20-May-2024 16:12:20.016 INFO [http-nio-8080-exec-96] org.apache.catalina.core.ApplicationContext.log Manager: deploy: Deploying web application '/webapp-cookie'
20-May-2024 16:12:20.016 INFO [http-nio-8080-exec-96] org.apache.catalina.core.ApplicationContext.log Manager: Uploading WAR file to E:\CURSOS\CursoJava\JavaEE\apache-tomcat-10.1.23\webapps\webapp-cookie.war.tmp
20-May-2024 16:13:06.886 INFO [http-nio-8080-exec-94] org.apache.catalina.core.ApplicationContext.log Manager: deploy: Deploying web application '/webapp-cookie'
20-May-2024 16:13:06.886 INFO [http-nio-8080-exec-94] org.apache.catalina.core.ApplicationContext.log Manager: Uploading WAR file to E:\CURSOS\CursoJava\JavaEE\apache-tomcat-10.1.23\webapps\webapp-cookie.war.tmp
20-May-2024 16:13:43.154 INFO [http-nio-8080-exec-97] org.apache.catalina.core.ApplicationContext.log Manager: deploy: Deploying web application '/webapp-cookie'
20-May-2024 16:13:43.154 INFO [http-nio-8080-exec-97] org.apache.catalina.core.ApplicationContext.log Manager: Uploading WAR file to E:\CURSOS\CursoJava\JavaEE\apache-tomcat-10.1.23\webapps\webapp-cookie.war.tmp
20-May-2024 16:16:26.374 INFO [http-nio-8080-exec-113] org.apache.catalina.core.ApplicationContext.log Manager: deploy: Deploying web application '/webapp-cookie'
20-May-2024 16:16:26.374 INFO [http-nio-8080-exec-113] org.apache.catalina.core.ApplicationContext.log Manager: Uploading WAR file to E:\CURSOS\CursoJava\JavaEE\apache-tomcat-10.1.23\webapps\webapp-cookie.war.tmp
20-May-2024 16:34:46.222 INFO [http-nio-8080-exec-124] org.apache.catalina.core.ApplicationContext.log Manager: deploy: Deploying web application '/webapp-cookie'
20-May-2024 16:34:46.222 INFO [http-nio-8080-exec-124] org.apache.catalina.core.ApplicationContext.log Manager: Uploading WAR file to E:\CURSOS\CursoJava\JavaEE\apache-tomcat-10.1.23\webapps\webapp-cookie.war.tmp
20-May-2024 17:08:49.655 INFO [http-nio-8080-exec-138] org.apache.catalina.core.ApplicationContext.log Manager: deploy: Deploying web application '/webapp-session'
20-May-2024 17:08:49.655 INFO [http-nio-8080-exec-138] org.apache.catalina.core.ApplicationContext.log Manager: Uploading WAR file to E:\CURSOS\CursoJava\JavaEE\apache-tomcat-10.1.23\webapps\webapp-session.war.tmp
20-May-2024 17:26:45.127 INFO [http-nio-8080-exec-134] org.apache.catalina.core.ApplicationContext.log Manager: deploy: Deploying web application '/webapp-session'
20-May-2024 17:26:45.128 INFO [http-nio-8080-exec-134] org.apache.catalina.core.ApplicationContext.log Manager: Uploading WAR file to E:\CURSOS\CursoJava\JavaEE\apache-tomcat-10.1.23\webapps\webapp-session.war.tmp
20-May-2024 17:28:15.458 INFO [http-nio-8080-exec-136] org.apache.catalina.core.ApplicationContext.log Manager: deploy: Deploying web application '/webapp-session'
20-May-2024 17:28:15.458 INFO [http-nio-8080-exec-136] org.apache.catalina.core.ApplicationContext.log Manager: Uploading WAR file to E:\CURSOS\CursoJava\JavaEE\apache-tomcat-10.1.23\webapps\webapp-session.war.tmp
