13-May-2024 13:34:11.162 INFO [http-nio-8080-exec-2] org.apache.catalina.core.ApplicationContext.log Manager: init: Associated with Deployer 'Catalina:type=Deployer,host=localhost'
13-May-2024 13:34:11.162 INFO [http-nio-8080-exec-2] org.apache.catalina.core.ApplicationContext.log Manager: init: Global resources are available
13-May-2024 13:34:11.165 INFO [http-nio-8080-exec-2] org.apache.catalina.core.ApplicationContext.log Manager: deploy: Deploying web application '/webapp-form'
13-May-2024 13:34:11.165 INFO [http-nio-8080-exec-2] org.apache.catalina.core.ApplicationContext.log Manager: Uploading WAR file to E:\CURSOS\CursoJava\JavaEE\apache-tomcat-10.1.23\webapps\webapp-form.war.tmp
13-May-2024 13:34:13.038 INFO [http-nio-8080-exec-9] org.apache.catalina.core.ApplicationContext.log HTMLManager: init: Associated with Deployer 'Catalina:type=Deployer,host=localhost'
13-May-2024 13:34:13.038 INFO [http-nio-8080-exec-9] org.apache.catalina.core.ApplicationContext.log HTMLManager: init: Global resources are available
13-May-2024 13:34:13.048 INFO [http-nio-8080-exec-9] org.apache.catalina.core.ApplicationContext.log HTMLManager: list: Listing contexts for virtual host 'localhost'
13-May-2024 15:33:28.813 INFO [http-nio-8080-exec-12] org.apache.catalina.core.ApplicationContext.log Manager: deploy: Deploying web application '/webapp-form'
13-May-2024 15:33:28.813 INFO [http-nio-8080-exec-12] org.apache.catalina.core.ApplicationContext.log Manager: Uploading WAR file to E:\CURSOS\CursoJava\JavaEE\apache-tomcat-10.1.23\webapps\webapp-form.war.tmp
13-May-2024 15:38:16.565 INFO [http-nio-8080-exec-21] org.apache.catalina.core.ApplicationContext.log Manager: deploy: Deploying web application '/webapp-form'
13-May-2024 15:38:16.565 INFO [http-nio-8080-exec-21] org.apache.catalina.core.ApplicationContext.log Manager: Uploading WAR file to E:\CURSOS\CursoJava\JavaEE\apache-tomcat-10.1.23\webapps\webapp-form.war.tmp
13-May-2024 15:38:59.053 INFO [http-nio-8080-exec-27] org.apache.catalina.core.ApplicationContext.log Manager: deploy: Deploying web application '/webapp-form'
13-May-2024 15:38:59.054 INFO [http-nio-8080-exec-27] org.apache.catalina.core.ApplicationContext.log Manager: Uploading WAR file to E:\CURSOS\CursoJava\JavaEE\apache-tomcat-10.1.23\webapps\webapp-form.war.tmp
13-May-2024 15:39:10.548 INFO [http-nio-8080-exec-36] org.apache.catalina.core.ApplicationContext.log HTMLManager: list: Listing contexts for virtual host 'localhost'
13-May-2024 15:45:12.096 INFO [http-nio-8080-exec-38] org.apache.catalina.core.ApplicationContext.log Manager: deploy: Deploying web application '/webapp-form'
13-May-2024 15:45:12.096 INFO [http-nio-8080-exec-38] org.apache.catalina.core.ApplicationContext.log Manager: Uploading WAR file to E:\CURSOS\CursoJava\JavaEE\apache-tomcat-10.1.23\webapps\webapp-form.war.tmp
13-May-2024 15:45:36.212 INFO [http-nio-8080-exec-42] org.apache.catalina.core.ApplicationContext.log Manager: deploy: Deploying web application '/webapp-form'
13-May-2024 15:45:36.212 INFO [http-nio-8080-exec-42] org.apache.catalina.core.ApplicationContext.log Manager: Uploading WAR file to E:\CURSOS\CursoJava\JavaEE\apache-tomcat-10.1.23\webapps\webapp-form.war.tmp
13-May-2024 15:46:16.572 INFO [http-nio-8080-exec-39] org.apache.catalina.core.ApplicationContext.log Manager: deploy: Deploying web application '/webapp-form'
13-May-2024 15:46:16.573 INFO [http-nio-8080-exec-39] org.apache.catalina.core.ApplicationContext.log Manager: Uploading WAR file to E:\CURSOS\CursoJava\JavaEE\apache-tomcat-10.1.23\webapps\webapp-form.war.tmp
13-May-2024 15:46:46.895 INFO [http-nio-8080-exec-53] org.apache.catalina.core.ApplicationContext.log Manager: deploy: Deploying web application '/webapp-form'
13-May-2024 15:46:46.896 INFO [http-nio-8080-exec-53] org.apache.catalina.core.ApplicationContext.log Manager: Uploading WAR file to E:\CURSOS\CursoJava\JavaEE\apache-tomcat-10.1.23\webapps\webapp-form.war.tmp
13-May-2024 15:47:46.360 INFO [http-nio-8080-exec-62] org.apache.catalina.core.ApplicationContext.log Manager: deploy: Deploying web application '/webapp-form'
13-May-2024 15:47:46.360 INFO [http-nio-8080-exec-62] org.apache.catalina.core.ApplicationContext.log Manager: Uploading WAR file to E:\CURSOS\CursoJava\JavaEE\apache-tomcat-10.1.23\webapps\webapp-form.war.tmp
13-May-2024 15:48:35.790 INFO [http-nio-8080-exec-56] org.apache.catalina.core.ApplicationContext.log Manager: deploy: Deploying web application '/webapp-form'
13-May-2024 15:48:35.790 INFO [http-nio-8080-exec-56] org.apache.catalina.core.ApplicationContext.log Manager: Uploading WAR file to E:\CURSOS\CursoJava\JavaEE\apache-tomcat-10.1.23\webapps\webapp-form.war.tmp
13-May-2024 15:49:24.123 INFO [http-nio-8080-exec-72] org.apache.catalina.core.ApplicationContext.log Manager: deploy: Deploying web application '/webapp-form'
13-May-2024 15:49:24.123 INFO [http-nio-8080-exec-72] org.apache.catalina.core.ApplicationContext.log Manager: Uploading WAR file to E:\CURSOS\CursoJava\JavaEE\apache-tomcat-10.1.23\webapps\webapp-form.war.tmp
13-May-2024 16:09:43.719 INFO [http-nio-8080-exec-76] org.apache.catalina.core.ApplicationContext.log Manager: deploy: Deploying web application '/webapp-form'
13-May-2024 16:09:43.719 INFO [http-nio-8080-exec-76] org.apache.catalina.core.ApplicationContext.log Manager: Uploading WAR file to E:\CURSOS\CursoJava\JavaEE\apache-tomcat-10.1.23\webapps\webapp-form.war.tmp
13-May-2024 16:11:08.415 INFO [http-nio-8080-exec-86] org.apache.catalina.core.ApplicationContext.log Manager: deploy: Deploying web application '/webapp-form'
13-May-2024 16:11:08.415 INFO [http-nio-8080-exec-86] org.apache.catalina.core.ApplicationContext.log Manager: Uploading WAR file to E:\CURSOS\CursoJava\JavaEE\apache-tomcat-10.1.23\webapps\webapp-form.war.tmp
13-May-2024 16:18:36.979 INFO [http-nio-8080-exec-91] org.apache.catalina.core.ApplicationContext.log Manager: deploy: Deploying web application '/webapp-form'
13-May-2024 16:18:36.980 INFO [http-nio-8080-exec-91] org.apache.catalina.core.ApplicationContext.log Manager: Uploading WAR file to E:\CURSOS\CursoJava\JavaEE\apache-tomcat-10.1.23\webapps\webapp-form.war.tmp
13-May-2024 16:19:13.265 INFO [http-nio-8080-exec-97] org.apache.catalina.core.ApplicationContext.log Manager: deploy: Deploying web application '/webapp-form'
13-May-2024 16:19:13.265 INFO [http-nio-8080-exec-97] org.apache.catalina.core.ApplicationContext.log Manager: Uploading WAR file to E:\CURSOS\CursoJava\JavaEE\apache-tomcat-10.1.23\webapps\webapp-form.war.tmp
13-May-2024 16:19:38.071 INFO [http-nio-8080-exec-98] org.apache.catalina.core.ApplicationContext.log Manager: deploy: Deploying web application '/webapp-form'
13-May-2024 16:19:38.071 INFO [http-nio-8080-exec-98] org.apache.catalina.core.ApplicationContext.log Manager: Uploading WAR file to E:\CURSOS\CursoJava\JavaEE\apache-tomcat-10.1.23\webapps\webapp-form.war.tmp
13-May-2024 16:20:04.567 INFO [http-nio-8080-exec-93] org.apache.catalina.core.ApplicationContext.log Manager: deploy: Deploying web application '/webapp-form'
13-May-2024 16:20:04.568 INFO [http-nio-8080-exec-93] org.apache.catalina.core.ApplicationContext.log Manager: Uploading WAR file to E:\CURSOS\CursoJava\JavaEE\apache-tomcat-10.1.23\webapps\webapp-form.war.tmp
13-May-2024 16:20:21.832 INFO [http-nio-8080-exec-94] org.apache.catalina.core.ApplicationContext.log Manager: deploy: Deploying web application '/webapp-form'
13-May-2024 16:20:21.832 INFO [http-nio-8080-exec-94] org.apache.catalina.core.ApplicationContext.log Manager: Uploading WAR file to E:\CURSOS\CursoJava\JavaEE\apache-tomcat-10.1.23\webapps\webapp-form.war.tmp
13-May-2024 16:58:14.709 INFO [http-nio-8080-exec-113] org.apache.catalina.core.ApplicationContext.log HTMLManager: list: Listing contexts for virtual host 'localhost'
13-May-2024 16:58:18.616 INFO [http-nio-8080-exec-114] org.apache.catalina.core.ApplicationContext.log HTMLManager: list: Listing contexts for virtual host 'localhost'
13-May-2024 16:59:04.640 INFO [http-nio-8080-exec-119] org.apache.catalina.core.ApplicationContext.log HTMLManager: list: Listing contexts for virtual host 'localhost'
13-May-2024 16:59:05.233 INFO [http-nio-8080-exec-120] org.apache.catalina.core.ApplicationContext.log HTMLManager: list: Listing contexts for virtual host 'localhost'
13-May-2024 16:59:05.413 INFO [http-nio-8080-exec-111] org.apache.catalina.core.ApplicationContext.log HTMLManager: list: Listing contexts for virtual host 'localhost'
13-May-2024 16:59:20.414 INFO [http-nio-8080-exec-112] org.apache.catalina.core.ApplicationContext.log HTMLManager: list: Listing contexts for virtual host 'localhost'
13-May-2024 17:01:58.159 INFO [http-nio-8080-exec-1] org.apache.catalina.core.ApplicationContext.log HTMLManager: init: Associated with Deployer 'Catalina:type=Deployer,host=localhost'
13-May-2024 17:01:58.159 INFO [http-nio-8080-exec-1] org.apache.catalina.core.ApplicationContext.log HTMLManager: init: Global resources are available
13-May-2024 17:01:58.175 INFO [http-nio-8080-exec-1] org.apache.catalina.core.ApplicationContext.log HTMLManager: list: Listing contexts for virtual host 'localhost'
13-May-2024 17:03:34.756 INFO [http-nio-8080-exec-4] org.apache.catalina.core.ApplicationContext.log Manager: init: Associated with Deployer 'Catalina:type=Deployer,host=localhost'
13-May-2024 17:03:34.756 INFO [http-nio-8080-exec-4] org.apache.catalina.core.ApplicationContext.log Manager: init: Global resources are available
13-May-2024 17:03:34.760 INFO [http-nio-8080-exec-4] org.apache.catalina.core.ApplicationContext.log Manager: deploy: Deploying web application '/webapp-form-tarea2'
13-May-2024 17:03:34.760 INFO [http-nio-8080-exec-4] org.apache.catalina.core.ApplicationContext.log Manager: Uploading WAR file to E:\CURSOS\CursoJava\JavaEE\apache-tomcat-10.1.23\webapps\webapp-form-tarea2.war.tmp
13-May-2024 17:03:46.776 INFO [http-nio-8080-exec-10] org.apache.catalina.core.ApplicationContext.log HTMLManager: list: Listing contexts for virtual host 'localhost'
13-May-2024 17:05:56.290 INFO [http-nio-8080-exec-8] org.apache.catalina.core.ApplicationContext.log Manager: deploy: Deploying web application '/webapp-form-tarea2'
13-May-2024 17:05:56.290 INFO [http-nio-8080-exec-8] org.apache.catalina.core.ApplicationContext.log Manager: Uploading WAR file to E:\CURSOS\CursoJava\JavaEE\apache-tomcat-10.1.23\webapps\webapp-form-tarea2.war.tmp
13-May-2024 17:09:41.038 INFO [http-nio-8080-exec-16] org.apache.catalina.core.ApplicationContext.log Manager: deploy: Deploying web application '/webapp-form-tarea2'
13-May-2024 17:09:41.038 INFO [http-nio-8080-exec-16] org.apache.catalina.core.ApplicationContext.log Manager: Uploading WAR file to E:\CURSOS\CursoJava\JavaEE\apache-tomcat-10.1.23\webapps\webapp-form-tarea2.war.tmp
13-May-2024 17:10:21.424 INFO [http-nio-8080-exec-12] org.apache.catalina.core.ApplicationContext.log Manager: deploy: Deploying web application '/webapp-form-tarea2'
13-May-2024 17:10:21.424 INFO [http-nio-8080-exec-12] org.apache.catalina.core.ApplicationContext.log Manager: Uploading WAR file to E:\CURSOS\CursoJava\JavaEE\apache-tomcat-10.1.23\webapps\webapp-form-tarea2.war.tmp
13-May-2024 17:11:22.090 INFO [http-nio-8080-exec-29] org.apache.catalina.core.ApplicationContext.log HTMLManager: list: Listing contexts for virtual host 'localhost'
13-May-2024 17:57:28.969 INFO [http-nio-8080-exec-27] org.apache.catalina.core.ApplicationContext.log Manager: deploy: Deploying web application '/webapp-headers'
13-May-2024 17:57:28.969 INFO [http-nio-8080-exec-27] org.apache.catalina.core.ApplicationContext.log Manager: Uploading WAR file to E:\CURSOS\CursoJava\JavaEE\apache-tomcat-10.1.23\webapps\webapp-headers.war.tmp
13-May-2024 18:04:14.780 INFO [http-nio-8080-exec-28] org.apache.catalina.core.ApplicationContext.log Manager: deploy: Deploying web application '/webapp-headers'
13-May-2024 18:04:14.780 INFO [http-nio-8080-exec-28] org.apache.catalina.core.ApplicationContext.log Manager: Uploading WAR file to E:\CURSOS\CursoJava\JavaEE\apache-tomcat-10.1.23\webapps\webapp-headers.war.tmp
13-May-2024 18:05:16.191 INFO [http-nio-8080-exec-37] org.apache.catalina.core.ApplicationContext.log HTMLManager: list: Listing contexts for virtual host 'localhost'
13-May-2024 18:05:43.027 INFO [http-nio-8080-exec-29] org.apache.catalina.core.ApplicationContext.log Manager: deploy: Deploying web application '/webapp-headers'
13-May-2024 18:05:43.028 INFO [http-nio-8080-exec-29] org.apache.catalina.core.ApplicationContext.log Manager: Uploading WAR file to E:\CURSOS\CursoJava\JavaEE\apache-tomcat-10.1.23\webapps\webapp-headers.war.tmp
13-May-2024 18:06:34.003 INFO [http-nio-8080-exec-45] org.apache.catalina.core.ApplicationContext.log Manager: deploy: Deploying web application '/webapp-headers'
13-May-2024 18:06:34.003 INFO [http-nio-8080-exec-45] org.apache.catalina.core.ApplicationContext.log Manager: Uploading WAR file to E:\CURSOS\CursoJava\JavaEE\apache-tomcat-10.1.23\webapps\webapp-headers.war.tmp
13-May-2024 18:09:33.236 INFO [http-nio-8080-exec-51] org.apache.catalina.core.ApplicationContext.log Manager: deploy: Deploying web application '/webapp-headers'
13-May-2024 18:09:33.236 INFO [http-nio-8080-exec-51] org.apache.catalina.core.ApplicationContext.log Manager: Uploading WAR file to E:\CURSOS\CursoJava\JavaEE\apache-tomcat-10.1.23\webapps\webapp-headers.war.tmp
13-May-2024 18:10:55.657 INFO [http-nio-8080-exec-50] org.apache.catalina.core.ApplicationContext.log Manager: deploy: Deploying web application '/webapp-headers'
13-May-2024 18:10:55.657 INFO [http-nio-8080-exec-50] org.apache.catalina.core.ApplicationContext.log Manager: Uploading WAR file to E:\CURSOS\CursoJava\JavaEE\apache-tomcat-10.1.23\webapps\webapp-headers.war.tmp
13-May-2024 18:11:43.007 INFO [http-nio-8080-exec-56] org.apache.catalina.core.ApplicationContext.log Manager: deploy: Deploying web application '/webapp-headers'
13-May-2024 18:11:43.007 INFO [http-nio-8080-exec-56] org.apache.catalina.core.ApplicationContext.log Manager: Uploading WAR file to E:\CURSOS\CursoJava\JavaEE\apache-tomcat-10.1.23\webapps\webapp-headers.war.tmp
13-May-2024 18:12:06.725 INFO [http-nio-8080-exec-61] org.apache.catalina.core.ApplicationContext.log Manager: deploy: Deploying web application '/webapp-headers'
13-May-2024 18:12:06.725 INFO [http-nio-8080-exec-61] org.apache.catalina.core.ApplicationContext.log Manager: Uploading WAR file to E:\CURSOS\CursoJava\JavaEE\apache-tomcat-10.1.23\webapps\webapp-headers.war.tmp
13-May-2024 18:16:06.912 INFO [http-nio-8080-exec-67] org.apache.catalina.core.ApplicationContext.log Manager: deploy: Deploying web application '/webapp-headers'
13-May-2024 18:16:06.912 INFO [http-nio-8080-exec-67] org.apache.catalina.core.ApplicationContext.log Manager: Uploading WAR file to E:\CURSOS\CursoJava\JavaEE\apache-tomcat-10.1.23\webapps\webapp-headers.war.tmp
13-May-2024 18:19:22.188 INFO [http-nio-8080-exec-76] org.apache.catalina.core.ApplicationContext.log Manager: deploy: Deploying web application '/webapp-headers'
13-May-2024 18:19:22.188 INFO [http-nio-8080-exec-76] org.apache.catalina.core.ApplicationContext.log Manager: Uploading WAR file to E:\CURSOS\CursoJava\JavaEE\apache-tomcat-10.1.23\webapps\webapp-headers.war.tmp
13-May-2024 18:22:46.666 INFO [http-nio-8080-exec-85] org.apache.catalina.core.ApplicationContext.log Manager: deploy: Deploying web application '/webapp-headers'
13-May-2024 18:22:46.666 INFO [http-nio-8080-exec-85] org.apache.catalina.core.ApplicationContext.log Manager: Uploading WAR file to E:\CURSOS\CursoJava\JavaEE\apache-tomcat-10.1.23\webapps\webapp-headers.war.tmp
13-May-2024 18:22:56.208 INFO [http-nio-8080-exec-75] org.apache.catalina.core.ApplicationContext.log Manager: deploy: Deploying web application '/webapp-headers'
13-May-2024 18:22:56.208 INFO [http-nio-8080-exec-75] org.apache.catalina.core.ApplicationContext.log Manager: Uploading WAR file to E:\CURSOS\CursoJava\JavaEE\apache-tomcat-10.1.23\webapps\webapp-headers.war.tmp
13-May-2024 18:25:23.454 INFO [http-nio-8080-exec-93] org.apache.catalina.core.ApplicationContext.log Manager: deploy: Deploying web application '/webapp-headers'
13-May-2024 18:25:23.455 INFO [http-nio-8080-exec-93] org.apache.catalina.core.ApplicationContext.log Manager: Uploading WAR file to E:\CURSOS\CursoJava\JavaEE\apache-tomcat-10.1.23\webapps\webapp-headers.war.tmp
13-May-2024 18:25:55.533 INFO [http-nio-8080-exec-99] org.apache.catalina.core.ApplicationContext.log Manager: deploy: Deploying web application '/webapp-headers'
13-May-2024 18:25:55.533 INFO [http-nio-8080-exec-99] org.apache.catalina.core.ApplicationContext.log Manager: Uploading WAR file to E:\CURSOS\CursoJava\JavaEE\apache-tomcat-10.1.23\webapps\webapp-headers.war.tmp
