16-May-2024 15:27:02.346 INFO [http-nio-8080-exec-7] org.apache.catalina.core.ApplicationContext.log HTMLManager: init: Associated with Deployer 'Catalina:type=Deployer,host=localhost'
16-May-2024 15:27:02.346 INFO [http-nio-8080-exec-7] org.apache.catalina.core.ApplicationContext.log HTMLManager: init: Global resources are available
16-May-2024 15:27:02.374 INFO [http-nio-8080-exec-7] org.apache.catalina.core.ApplicationContext.log HTMLManager: list: Listing contexts for virtual host 'localhost'
16-May-2024 15:40:48.648 INFO [http-nio-8080-exec-1] org.apache.catalina.core.ApplicationContext.log Manager: init: Associated with Deployer 'Catalina:type=Deployer,host=localhost'
16-May-2024 15:40:48.648 INFO [http-nio-8080-exec-1] org.apache.catalina.core.ApplicationContext.log Manager: init: Global resources are available
16-May-2024 15:40:48.650 INFO [http-nio-8080-exec-1] org.apache.catalina.core.ApplicationContext.log Manager: deploy: Deploying web application '/webapp-headers'
16-May-2024 15:40:48.650 INFO [http-nio-8080-exec-1] org.apache.catalina.core.ApplicationContext.log Manager: Uploading WAR file to E:\CURSOS\CursoJava\JavaEE\apache-tomcat-10.1.23\webapps\webapp-headers.war.tmp
16-May-2024 16:02:20.451 INFO [http-nio-8080-exec-20] org.apache.catalina.core.ApplicationContext.log Manager: deploy: Deploying web application '/webapp-headers'
16-May-2024 16:02:20.451 INFO [http-nio-8080-exec-20] org.apache.catalina.core.ApplicationContext.log Manager: Uploading WAR file to E:\CURSOS\CursoJava\JavaEE\apache-tomcat-10.1.23\webapps\webapp-headers.war.tmp
16-May-2024 16:19:15.754 INFO [http-nio-8080-exec-23] org.apache.catalina.core.ApplicationContext.log Manager: deploy: Deploying web application '/webapp-headers'
16-May-2024 16:19:15.754 INFO [http-nio-8080-exec-23] org.apache.catalina.core.ApplicationContext.log Manager: Uploading WAR file to E:\CURSOS\CursoJava\JavaEE\apache-tomcat-10.1.23\webapps\webapp-headers.war.tmp
16-May-2024 16:23:55.682 INFO [http-nio-8080-exec-34] org.apache.catalina.core.ApplicationContext.log Manager: deploy: Deploying web application '/webapp-headers'
16-May-2024 16:23:55.682 INFO [http-nio-8080-exec-34] org.apache.catalina.core.ApplicationContext.log Manager: Uploading WAR file to E:\CURSOS\CursoJava\JavaEE\apache-tomcat-10.1.23\webapps\webapp-headers.war.tmp
16-May-2024 16:26:38.138 INFO [http-nio-8080-exec-48] org.apache.catalina.core.ApplicationContext.log Manager: deploy: Deploying web application '/webapp-headers'
16-May-2024 16:26:38.139 INFO [http-nio-8080-exec-48] org.apache.catalina.core.ApplicationContext.log Manager: Uploading WAR file to E:\CURSOS\CursoJava\JavaEE\apache-tomcat-10.1.23\webapps\webapp-headers.war.tmp
16-May-2024 16:30:05.871 INFO [http-nio-8080-exec-51] org.apache.catalina.core.ApplicationContext.log Manager: deploy: Deploying web application '/webapp-headers'
16-May-2024 16:30:05.871 INFO [http-nio-8080-exec-51] org.apache.catalina.core.ApplicationContext.log Manager: Uploading WAR file to E:\CURSOS\CursoJava\JavaEE\apache-tomcat-10.1.23\webapps\webapp-headers.war.tmp
16-May-2024 16:30:17.748 INFO [http-nio-8080-exec-53] org.apache.catalina.core.ApplicationContext.log Manager: deploy: Deploying web application '/webapp-headers'
16-May-2024 16:30:17.748 INFO [http-nio-8080-exec-53] org.apache.catalina.core.ApplicationContext.log Manager: Uploading WAR file to E:\CURSOS\CursoJava\JavaEE\apache-tomcat-10.1.23\webapps\webapp-headers.war.tmp
16-May-2024 16:55:42.915 INFO [http-nio-8080-exec-66] org.apache.catalina.core.ApplicationContext.log Manager: deploy: Deploying web application '/webapp-headers'
16-May-2024 16:55:42.915 INFO [http-nio-8080-exec-66] org.apache.catalina.core.ApplicationContext.log Manager: Uploading WAR file to E:\CURSOS\CursoJava\JavaEE\apache-tomcat-10.1.23\webapps\webapp-headers.war.tmp
16-May-2024 16:56:50.222 INFO [http-nio-8080-exec-72] org.apache.catalina.core.ApplicationContext.log Manager: deploy: Deploying web application '/webapp-headers'
16-May-2024 16:56:50.222 INFO [http-nio-8080-exec-72] org.apache.catalina.core.ApplicationContext.log Manager: Uploading WAR file to E:\CURSOS\CursoJava\JavaEE\apache-tomcat-10.1.23\webapps\webapp-headers.war.tmp
16-May-2024 16:56:58.138 INFO [http-nio-8080-exec-68] org.apache.catalina.core.ApplicationContext.log Manager: deploy: Deploying web application '/webapp-headers'
16-May-2024 16:56:58.138 INFO [http-nio-8080-exec-68] org.apache.catalina.core.ApplicationContext.log Manager: Uploading WAR file to E:\CURSOS\CursoJava\JavaEE\apache-tomcat-10.1.23\webapps\webapp-headers.war.tmp
16-May-2024 16:57:24.386 INFO [http-nio-8080-exec-75] org.apache.catalina.core.ApplicationContext.log Manager: deploy: Deploying web application '/webapp-headers'
16-May-2024 16:57:24.387 INFO [http-nio-8080-exec-75] org.apache.catalina.core.ApplicationContext.log Manager: Uploading WAR file to E:\CURSOS\CursoJava\JavaEE\apache-tomcat-10.1.23\webapps\webapp-headers.war.tmp
16-May-2024 16:57:42.292 INFO [http-nio-8080-exec-64] org.apache.catalina.core.ApplicationContext.log Manager: deploy: Deploying web application '/webapp-headers'
16-May-2024 16:57:42.292 INFO [http-nio-8080-exec-64] org.apache.catalina.core.ApplicationContext.log Manager: Uploading WAR file to E:\CURSOS\CursoJava\JavaEE\apache-tomcat-10.1.23\webapps\webapp-headers.war.tmp
16-May-2024 16:59:20.639 INFO [http-nio-8080-exec-88] org.apache.catalina.core.ApplicationContext.log Manager: deploy: Deploying web application '/webapp-headers'
16-May-2024 16:59:20.639 INFO [http-nio-8080-exec-88] org.apache.catalina.core.ApplicationContext.log Manager: Uploading WAR file to E:\CURSOS\CursoJava\JavaEE\apache-tomcat-10.1.23\webapps\webapp-headers.war.tmp
16-May-2024 16:59:42.539 INFO [http-nio-8080-exec-91] org.apache.catalina.core.ApplicationContext.log Manager: deploy: Deploying web application '/webapp-headers'
16-May-2024 16:59:42.539 INFO [http-nio-8080-exec-91] org.apache.catalina.core.ApplicationContext.log Manager: Uploading WAR file to E:\CURSOS\CursoJava\JavaEE\apache-tomcat-10.1.23\webapps\webapp-headers.war.tmp
16-May-2024 17:19:11.326 INFO [http-nio-8080-exec-99] org.apache.catalina.core.ApplicationContext.log Manager: deploy: Deploying web application '/webapp-headers'
16-May-2024 17:19:11.327 INFO [http-nio-8080-exec-99] org.apache.catalina.core.ApplicationContext.log Manager: Uploading WAR file to E:\CURSOS\CursoJava\JavaEE\apache-tomcat-10.1.23\webapps\webapp-headers.war.tmp
16-May-2024 17:21:40.685 INFO [http-nio-8080-exec-108] org.apache.catalina.core.ApplicationContext.log Manager: deploy: Deploying web application '/webapp-headers'
16-May-2024 17:21:40.686 INFO [http-nio-8080-exec-108] org.apache.catalina.core.ApplicationContext.log Manager: Uploading WAR file to E:\CURSOS\CursoJava\JavaEE\apache-tomcat-10.1.23\webapps\webapp-headers.war.tmp
16-May-2024 17:22:04.922 INFO [http-nio-8080-exec-114] org.apache.catalina.core.ApplicationContext.log Manager: deploy: Deploying web application '/webapp-headers'
16-May-2024 17:22:04.922 INFO [http-nio-8080-exec-114] org.apache.catalina.core.ApplicationContext.log Manager: Uploading WAR file to E:\CURSOS\CursoJava\JavaEE\apache-tomcat-10.1.23\webapps\webapp-headers.war.tmp
16-May-2024 17:23:47.595 INFO [http-nio-8080-exec-118] org.apache.catalina.core.ApplicationContext.log Manager: deploy: Deploying web application '/webapp-headers'
16-May-2024 17:23:47.595 INFO [http-nio-8080-exec-118] org.apache.catalina.core.ApplicationContext.log Manager: Uploading WAR file to E:\CURSOS\CursoJava\JavaEE\apache-tomcat-10.1.23\webapps\webapp-headers.war.tmp
16-May-2024 17:29:04.093 INFO [http-nio-8080-exec-124] org.apache.catalina.core.ApplicationContext.log Manager: deploy: Deploying web application '/webapp-headers'
16-May-2024 17:29:04.093 INFO [http-nio-8080-exec-124] org.apache.catalina.core.ApplicationContext.log Manager: Uploading WAR file to E:\CURSOS\CursoJava\JavaEE\apache-tomcat-10.1.23\webapps\webapp-headers.war.tmp
